<?xml version="1.0" encoding="UTF-8"?>
<testsuite xmlns:xsi="http://www.w3.org/2001/XMLSchema-instance" xsi:noNamespaceSchemaLocation="https://maven.apache.org/surefire/maven-surefire-plugin/xsd/surefire-test-report-3.0.xsd" version="3.0" name="com.passwordmanager.backend.service.AuthenticationPropertyTest" time="55.287" tests="4" errors="0" skipped="0" failures="0">
  <properties>
[...]
</properties>
  <testcase name="recoveryKeyGeneration" classname="com.passwordmanager.backend.service.AuthenticationPropertyTest" time="25.542">
    <system-out><![CDATA[2025-12-18T17:17:43.579+01:00  INFO 3272 --- [password-manager-backend-test] [           main] c.p.b.service.AuthenticationService      : Attempting to register new user with email: UVbYderidVHAWQ@example.com
2025-12-18T17:17:43.747+01:00  INFO 3272 --- [password-manager-backend-test] [           main] c.p.b.service.AuthenticationService      : Successfully registered new user with ID: 28b06e31-927d-4f00-85c3-46599e4b4711 and email: UVbYderidVHAWQ@example.com
2025-12-18T17:17:43.849+01:00  INFO 3272 --- [password-manager-backend-test] [           main] c.p.b.service.AuthenticationService      : Recovery key validation for user UVbYderidVHAWQ@example.com: SUCCESS
2025-12-18T17:17:43.933+01:00  INFO 3272 --- [password-manager-backend-test] [           main] c.p.b.service.AuthenticationService      : Recovery key validation for user UVbYderidVHAWQ@example.com: FAILED
2025-12-18T17:17:44.026+01:00  INFO 3272 --- [password-manager-backend-test] [           main] c.p.b.service.AuthenticationService      : Attempting to register new user with email: KsNcUccVghGkaY@example.com
2025-12-18T17:17:44.108+01:00  INFO 3272 --- [password-manager-backend-test] [           main] c.p.b.service.AuthenticationService      : Successfully registered new user with ID: 327f43de-6cef-43c6-a680-2c57df13e572 and email: KsNcUccVghGkaY@example.com
2025-12-18T17:17:44.193+01:00  INFO 3272 --- [password-manager-backend-test] [           main] c.p.b.service.AuthenticationService      : Recovery key validation for user KsNcUccVghGkaY@example.com: SUCCESS
2025-12-18T17:17:44.274+01:00  INFO 3272 --- [password-manager-backend-test] [           main] c.p.b.service.AuthenticationService      : Recovery key validation for user KsNcUccVghGkaY@example.com: FAILED
2025-12-18T17:17:44.357+01:00  INFO 3272 --- [password-manager-backend-test] [           main] c.p.b.service.AuthenticationService      : Attempting to register new user with email: ALUtHJqifEHXk@example.com
2025-12-18T17:17:44.431+01:00  INFO 3272 --- [password-manager-backend-test] [           main] c.p.b.service.AuthenticationService      : Successfully registered new user with ID: 9746d540-a1da-4db1-840d-8c2a5c3e09b0 and email: ALUtHJqifEHXk@example.com
2025-12-18T17:17:44.503+01:00  INFO 3272 --- [password-manager-backend-test] [           main] c.p.b.service.AuthenticationService      : Recovery key validation for user ALUtHJqifEHXk@example.com: SUCCESS
2025-12-18T17:17:44.570+01:00  INFO 3272 --- [password-manager-backend-test] [           main] c.p.b.service.AuthenticationService      : Recovery key validation for user ALUtHJqifEHXk@example.com: FAILED
2025-12-18T17:17:44.639+01:00  INFO 3272 --- [password-manager-backend-test] [           main] c.p.b.service.AuthenticationService      : Attempting to register new user with email: QOdhmaAbbKYubsz@example.com
2025-12-18T17:17:44.704+01:00  INFO 3272 --- [password-manager-backend-test] [           main] c.p.b.service.AuthenticationService      : Successfully registered new user with ID: 6c437a96-8cea-459d-b348-e1b2395fec99 and email: QOdhmaAbbKYubsz@example.com
2025-12-18T17:17:44.767+01:00  INFO 3272 --- [password-manager-backend-test] [           main] c.p.b.service.AuthenticationService      : Recovery key validation for user QOdhmaAbbKYubsz@example.com: SUCCESS
2025-12-18T17:17:44.827+01:00  INFO 3272 --- [password-manager-backend-test] [           main] c.p.b.service.AuthenticationService      : Recovery key validation for user QOdhmaAbbKYubsz@example.com: FAILED
2025-12-18T17:17:44.890+01:00  INFO 3272 --- [password-manager-backend-test] [           main] c.p.b.service.AuthenticationService      : Attempting to register new user with email: YyCaRXIakcTG@example.com
2025-12-18T17:17:44.951+01:00  INFO 3272 --- [password-manager-backend-test] [           main] c.p.b.service.AuthenticationService      : Successfully registered new user with ID: f313600a-c451-4e06-b9f6-7b586ac01573 and email: YyCaRXIakcTG@example.com
2025-12-18T17:17:45.013+01:00  INFO 3272 --- [password-manager-backend-test] [           main] c.p.b.service.AuthenticationService      : Recovery key validation for user YyCaRXIakcTG@example.com: SUCCESS
2025-12-18T17:17:45.074+01:00  INFO 3272 --- [password-manager-backend-test] [           main] c.p.b.service.AuthenticationService      : Recovery key validation for user YyCaRXIakcTG@example.com: FAILED
2025-12-18T17:17:45.136+01:00  INFO 3272 --- [password-manager-backend-test] [           main] c.p.b.service.AuthenticationService      : Attempting to register new user with email: AAAAA@example.com
2025-12-18T17:17:45.198+01:00  INFO 3272 --- [password-manager-backend-test] [           main] c.p.b.service.AuthenticationService      : Successfully registered new user with ID: d12a5103-68f3-40ee-bfbf-1ef3e3c84cb2 and email: AAAAA@example.com
2025-12-18T17:17:45.259+01:00  INFO 3272 --- [password-manager-backend-test] [           main] c.p.b.service.AuthenticationService      : Recovery key validation for user AAAAA@example.com: SUCCESS
2025-12-18T17:17:45.320+01:00  INFO 3272 --- [password-manager-backend-test] [           main] c.p.b.service.AuthenticationService      : Recovery key validation for user AAAAA@example.com: FAILED
2025-12-18T17:17:45.384+01:00  INFO 3272 --- [password-manager-backend-test] [           main] c.p.b.service.AuthenticationService      : Attempting to register new user with email: ZZZZZ@example.com
2025-12-18T17:17:45.446+01:00  INFO 3272 --- [password-manager-backend-test] [           main] c.p.b.service.AuthenticationService      : Successfully registered new user with ID: 6b245d10-392f-4526-be24-1d0cea5f535c and email: ZZZZZ@example.com
2025-12-18T17:17:45.507+01:00  INFO 3272 --- [password-manager-backend-test] [           main] c.p.b.service.AuthenticationService      : Recovery key validation for user ZZZZZ@example.com: SUCCESS
2025-12-18T17:17:45.567+01:00  INFO 3272 --- [password-manager-backend-test] [           main] c.p.b.service.AuthenticationService      : Recovery key validation for user ZZZZZ@example.com: FAILED
2025-12-18T17:17:45.630+01:00  INFO 3272 --- [password-manager-backend-test] [           main] c.p.b.service.AuthenticationService      : Attempting to register new user with email: cTNrfAPTNybxgP@example.com
2025-12-18T17:17:45.692+01:00  INFO 3272 --- [password-manager-backend-test] [           main] c.p.b.service.AuthenticationService      : Successfully registered new user with ID: 12458686-0bd6-42c4-8ee3-e32b65f7612e and email: cTNrfAPTNybxgP@example.com
2025-12-18T17:17:45.751+01:00  INFO 3272 --- [password-manager-backend-test] [           main] c.p.b.service.AuthenticationService      : Recovery key validation for user cTNrfAPTNybxgP@example.com: SUCCESS
2025-12-18T17:17:45.813+01:00  INFO 3272 --- [password-manager-backend-test] [           main] c.p.b.service.AuthenticationService      : Recovery key validation for user cTNrfAPTNybxgP@example.com: FAILED
2025-12-18T17:17:45.876+01:00  INFO 3272 --- [password-manager-backend-test] [           main] c.p.b.service.AuthenticationService      : Attempting to register new user with email: HFYxyMpEYJQyIlf@example.com
2025-12-18T17:17:45.937+01:00  INFO 3272 --- [password-manager-backend-test] [           main] c.p.b.service.AuthenticationService      : Successfully registered new user with ID: 6b8db774-3778-4364-ac92-3ebbaec96f11 and email: HFYxyMpEYJQyIlf@example.com
2025-12-18T17:17:45.998+01:00  INFO 3272 --- [password-manager-backend-test] [           main] c.p.b.service.AuthenticationService      : Recovery key validation for user HFYxyMpEYJQyIlf@example.com: SUCCESS
2025-12-18T17:17:46.057+01:00  INFO 3272 --- [password-manager-backend-test] [           main] c.p.b.service.AuthenticationService      : Recovery key validation for user HFYxyMpEYJQyIlf@example.com: FAILED
2025-12-18T17:17:46.118+01:00  INFO 3272 --- [password-manager-backend-test] [           main] c.p.b.service.AuthenticationService      : Attempting to register new user with email: nLfLecdvR@example.com
2025-12-18T17:17:46.179+01:00  INFO 3272 --- [password-manager-backend-test] [           main] c.p.b.service.AuthenticationService      : Successfully registered new user with ID: e3b61fd6-8fe4-4f4f-8e65-0f75aea481c7 and email: nLfLecdvR@example.com
2025-12-18T17:17:46.240+01:00  INFO 3272 --- [password-manager-backend-test] [           main] c.p.b.service.AuthenticationService      : Recovery key validation for user nLfLecdvR@example.com: SUCCESS
2025-12-18T17:17:46.308+01:00  INFO 3272 --- [password-manager-backend-test] [           main] c.p.b.service.AuthenticationService      : Recovery key validation for user nLfLecdvR@example.com: FAILED
2025-12-18T17:17:46.374+01:00  INFO 3272 --- [password-manager-backend-test] [           main] c.p.b.service.AuthenticationService      : Attempting to register new user with email: YytmYudWdRmjD@example.com
2025-12-18T17:17:46.437+01:00  INFO 3272 --- [password-manager-backend-test] [           main] c.p.b.service.AuthenticationService      : Successfully registered new user with ID: 37188f04-095e-4548-b1b5-cf6a81c2c346 and email: YytmYudWdRmjD@example.com
2025-12-18T17:17:46.499+01:00  INFO 3272 --- [password-manager-backend-test] [           main] c.p.b.service.AuthenticationService      : Recovery key validation for user YytmYudWdRmjD@example.com: SUCCESS
2025-12-18T17:17:46.559+01:00  INFO 3272 --- [password-manager-backend-test] [           main] c.p.b.service.AuthenticationService      : Recovery key validation for user YytmYudWdRmjD@example.com: FAILED
2025-12-18T17:17:46.622+01:00  INFO 3272 --- [password-manager-backend-test] [           main] c.p.b.service.AuthenticationService      : Attempting to register new user with email: RcFOoNL@example.com
2025-12-18T17:17:46.683+01:00  INFO 3272 --- [password-manager-backend-test] [           main] c.p.b.service.AuthenticationService      : Successfully registered new user with ID: 5442b475-4087-419d-902c-028f61180d72 and email: RcFOoNL@example.com
2025-12-18T17:17:46.744+01:00  INFO 3272 --- [password-manager-backend-test] [           main] c.p.b.service.AuthenticationService      : Recovery key validation for user RcFOoNL@example.com: SUCCESS
2025-12-18T17:17:46.804+01:00  INFO 3272 --- [password-manager-backend-test] [           main] c.p.b.service.AuthenticationService      : Recovery key validation for user RcFOoNL@example.com: FAILED
2025-12-18T17:17:46.867+01:00  INFO 3272 --- [password-manager-backend-test] [           main] c.p.b.service.AuthenticationService      : Attempting to register new user with email: aaaaa@example.com
2025-12-18T17:17:46.928+01:00  INFO 3272 --- [password-manager-backend-test] [           main] c.p.b.service.AuthenticationService      : Successfully registered new user with ID: a1f330f5-dd63-4db4-b9d0-b5b5cd84bf9c and email: aaaaa@example.com
2025-12-18T17:17:46.989+01:00  INFO 3272 --- [password-manager-backend-test] [           main] c.p.b.service.AuthenticationService      : Recovery key validation for user aaaaa@example.com: SUCCESS
2025-12-18T17:17:47.049+01:00  INFO 3272 --- [password-manager-backend-test] [           main] c.p.b.service.AuthenticationService      : Recovery key validation for user aaaaa@example.com: FAILED
2025-12-18T17:17:47.112+01:00  INFO 3272 --- [password-manager-backend-test] [           main] c.p.b.service.AuthenticationService      : Attempting to register new user with email: vPBGGGcz@example.com
2025-12-18T17:17:47.172+01:00  INFO 3272 --- [password-manager-backend-test] [           main] c.p.b.service.AuthenticationService      : Successfully registered new user with ID: c5506971-b478-4f8c-82b5-2534423f458c and email: vPBGGGcz@example.com
2025-12-18T17:17:47.231+01:00  INFO 3272 --- [password-manager-backend-test] [           main] c.p.b.service.AuthenticationService      : Recovery key validation for user vPBGGGcz@example.com: SUCCESS
2025-12-18T17:17:47.292+01:00  INFO 3272 --- [password-manager-backend-test] [           main] c.p.b.service.AuthenticationService      : Recovery key validation for user vPBGGGcz@example.com: FAILED
2025-12-18T17:17:47.353+01:00  INFO 3272 --- [password-manager-backend-test] [           main] c.p.b.service.AuthenticationService      : Attempting to register new user with email: XkNuyhuAhDWAeU@example.com
2025-12-18T17:17:47.412+01:00  INFO 3272 --- [password-manager-backend-test] [           main] c.p.b.service.AuthenticationService      : Successfully registered new user with ID: 6c1e63ea-8d7c-4d2d-b5a5-6918a53ef7c9 and email: XkNuyhuAhDWAeU@example.com
2025-12-18T17:17:47.472+01:00  INFO 3272 --- [password-manager-backend-test] [           main] c.p.b.service.AuthenticationService      : Recovery key validation for user XkNuyhuAhDWAeU@example.com: SUCCESS
2025-12-18T17:17:47.533+01:00  INFO 3272 --- [password-manager-backend-test] [           main] c.p.b.service.AuthenticationService      : Recovery key validation for user XkNuyhuAhDWAeU@example.com: FAILED
2025-12-18T17:17:47.596+01:00  INFO 3272 --- [password-manager-backend-test] [           main] c.p.b.service.AuthenticationService      : Attempting to register new user with email: WNAJgqZVVYylh@example.com
2025-12-18T17:17:47.655+01:00  INFO 3272 --- [password-manager-backend-test] [           main] c.p.b.service.AuthenticationService      : Successfully registered new user with ID: 5cf26847-c9b6-4784-b398-8a7e58e066e9 and email: WNAJgqZVVYylh@example.com
2025-12-18T17:17:47.715+01:00  INFO 3272 --- [password-manager-backend-test] [           main] c.p.b.service.AuthenticationService      : Recovery key validation for user WNAJgqZVVYylh@example.com: SUCCESS
2025-12-18T17:17:47.776+01:00  INFO 3272 --- [password-manager-backend-test] [           main] c.p.b.service.AuthenticationService      : Recovery key validation for user WNAJgqZVVYylh@example.com: FAILED
2025-12-18T17:17:47.840+01:00  INFO 3272 --- [password-manager-backend-test] [           main] c.p.b.service.AuthenticationService      : Attempting to register new user with email: YzVCHI@example.com
2025-12-18T17:17:47.901+01:00  INFO 3272 --- [password-manager-backend-test] [           main] c.p.b.service.AuthenticationService      : Successfully registered new user with ID: 8a8fcca6-a5be-461b-b827-50552cfbd029 and email: YzVCHI@example.com
2025-12-18T17:17:47.958+01:00  INFO 3272 --- [password-manager-backend-test] [           main] c.p.b.service.AuthenticationService      : Recovery key validation for user YzVCHI@example.com: SUCCESS
2025-12-18T17:17:48.016+01:00  INFO 3272 --- [password-manager-backend-test] [           main] c.p.b.service.AuthenticationService      : Recovery key validation for user YzVCHI@example.com: FAILED
2025-12-18T17:17:48.078+01:00  INFO 3272 --- [password-manager-backend-test] [           main] c.p.b.service.AuthenticationService      : Attempting to register new user with email: TnajmDC@example.com
2025-12-18T17:17:48.137+01:00  INFO 3272 --- [password-manager-backend-test] [           main] c.p.b.service.AuthenticationService      : Successfully registered new user with ID: 4c4f24a9-7b88-4663-a0ba-69355bce282f and email: TnajmDC@example.com
2025-12-18T17:17:48.198+01:00  INFO 3272 --- [password-manager-backend-test] [           main] c.p.b.service.AuthenticationService      : Recovery key validation for user TnajmDC@example.com: SUCCESS
2025-12-18T17:17:48.256+01:00  INFO 3272 --- [password-manager-backend-test] [           main] c.p.b.service.AuthenticationService      : Recovery key validation for user TnajmDC@example.com: FAILED
2025-12-18T17:17:48.317+01:00  INFO 3272 --- [password-manager-backend-test] [           main] c.p.b.service.AuthenticationService      : Attempting to register new user with email: eDIOVRxAC@example.com
2025-12-18T17:17:48.378+01:00  INFO 3272 --- [password-manager-backend-test] [           main] c.p.b.service.AuthenticationService      : Successfully registered new user with ID: a5c10822-5842-4cf1-871d-d16894182ca0 and email: eDIOVRxAC@example.com
2025-12-18T17:17:48.439+01:00  INFO 3272 --- [password-manager-backend-test] [           main] c.p.b.service.AuthenticationService      : Recovery key validation for user eDIOVRxAC@example.com: SUCCESS
2025-12-18T17:17:48.499+01:00  INFO 3272 --- [password-manager-backend-test] [           main] c.p.b.service.AuthenticationService      : Recovery key validation for user eDIOVRxAC@example.com: FAILED
2025-12-18T17:17:48.562+01:00  INFO 3272 --- [password-manager-backend-test] [           main] c.p.b.service.AuthenticationService      : Attempting to register new user with email: VoGCeTZVpRKOsHSBosot@example.com
2025-12-18T17:17:48.622+01:00  INFO 3272 --- [password-manager-backend-test] [           main] c.p.b.service.AuthenticationService      : Successfully registered new user with ID: 442342df-ec3b-45ec-ac64-3045b0a120e3 and email: VoGCeTZVpRKOsHSBosot@example.com
2025-12-18T17:17:48.679+01:00  INFO 3272 --- [password-manager-backend-test] [           main] c.p.b.service.AuthenticationService      : Recovery key validation for user VoGCeTZVpRKOsHSBosot@example.com: SUCCESS
2025-12-18T17:17:48.739+01:00  INFO 3272 --- [password-manager-backend-test] [           main] c.p.b.service.AuthenticationService      : Recovery key validation for user VoGCeTZVpRKOsHSBosot@example.com: FAILED
2025-12-18T17:17:48.800+01:00  INFO 3272 --- [password-manager-backend-test] [           main] c.p.b.service.AuthenticationService      : Attempting to register new user with email: IddFucuHuVURYKWrHzP@example.com
2025-12-18T17:17:48.859+01:00  INFO 3272 --- [password-manager-backend-test] [           main] c.p.b.service.AuthenticationService      : Successfully registered new user with ID: e9a63170-9fba-43db-89b0-06f134e7d944 and email: IddFucuHuVURYKWrHzP@example.com
2025-12-18T17:17:48.917+01:00  INFO 3272 --- [password-manager-backend-test] [           main] c.p.b.service.AuthenticationService      : Recovery key validation for user IddFucuHuVURYKWrHzP@example.com: SUCCESS
2025-12-18T17:17:48.975+01:00  INFO 3272 --- [password-manager-backend-test] [           main] c.p.b.service.AuthenticationService      : Recovery key validation for user IddFucuHuVURYKWrHzP@example.com: FAILED
2025-12-18T17:17:49.034+01:00  INFO 3272 --- [password-manager-backend-test] [           main] c.p.b.service.AuthenticationService      : Attempting to register new user with email: beXiMeHW@example.com
2025-12-18T17:17:49.093+01:00  INFO 3272 --- [password-manager-backend-test] [           main] c.p.b.service.AuthenticationService      : Successfully registered new user with ID: 930743a1-8ea7-4811-9511-798f92ea5e78 and email: beXiMeHW@example.com
2025-12-18T17:17:49.150+01:00  INFO 3272 --- [password-manager-backend-test] [           main] c.p.b.service.AuthenticationService      : Recovery key validation for user beXiMeHW@example.com: SUCCESS
2025-12-18T17:17:49.208+01:00  INFO 3272 --- [password-manager-backend-test] [           main] c.p.b.service.AuthenticationService      : Recovery key validation for user beXiMeHW@example.com: FAILED
2025-12-18T17:17:49.270+01:00  INFO 3272 --- [password-manager-backend-test] [           main] c.p.b.service.AuthenticationService      : Attempting to register new user with email: lhgEx@example.com
2025-12-18T17:17:49.331+01:00  INFO 3272 --- [password-manager-backend-test] [           main] c.p.b.service.AuthenticationService      : Successfully registered new user with ID: 544310ba-3aa1-433b-87ff-1f3b26964e0c and email: lhgEx@example.com
2025-12-18T17:17:49.391+01:00  INFO 3272 --- [password-manager-backend-test] [           main] c.p.b.service.AuthenticationService      : Recovery key validation for user lhgEx@example.com: SUCCESS
2025-12-18T17:17:49.452+01:00  INFO 3272 --- [password-manager-backend-test] [           main] c.p.b.service.AuthenticationService      : Recovery key validation for user lhgEx@example.com: FAILED
2025-12-18T17:17:49.512+01:00  INFO 3272 --- [password-manager-backend-test] [           main] c.p.b.service.AuthenticationService      : Attempting to register new user with email: YjmJcMIeLSWvpHdNhf@example.com
2025-12-18T17:17:49.571+01:00  INFO 3272 --- [password-manager-backend-test] [           main] c.p.b.service.AuthenticationService      : Successfully registered new user with ID: 3dda77fa-fc33-42ec-b0b4-dd24d42c35c6 and email: YjmJcMIeLSWvpHdNhf@example.com
2025-12-18T17:17:49.630+01:00  INFO 3272 --- [password-manager-backend-test] [           main] c.p.b.service.AuthenticationService      : Recovery key validation for user YjmJcMIeLSWvpHdNhf@example.com: SUCCESS
2025-12-18T17:17:49.691+01:00  INFO 3272 --- [password-manager-backend-test] [           main] c.p.b.service.AuthenticationService      : Recovery key validation for user YjmJcMIeLSWvpHdNhf@example.com: FAILED
2025-12-18T17:17:49.753+01:00  INFO 3272 --- [password-manager-backend-test] [           main] c.p.b.service.AuthenticationService      : Attempting to register new user with email: zzzzz@example.com
2025-12-18T17:17:49.813+01:00  INFO 3272 --- [password-manager-backend-test] [           main] c.p.b.service.AuthenticationService      : Successfully registered new user with ID: 39c8607e-6409-43d7-956b-732f7b554531 and email: zzzzz@example.com
2025-12-18T17:17:49.873+01:00  INFO 3272 --- [password-manager-backend-test] [           main] c.p.b.service.AuthenticationService      : Recovery key validation for user zzzzz@example.com: SUCCESS
2025-12-18T17:17:49.936+01:00  INFO 3272 --- [password-manager-backend-test] [           main] c.p.b.service.AuthenticationService      : Recovery key validation for user zzzzz@example.com: FAILED
2025-12-18T17:17:49.997+01:00  INFO 3272 --- [password-manager-backend-test] [           main] c.p.b.service.AuthenticationService      : Attempting to register new user with email: LotovuhGJuzVKVM@example.com
2025-12-18T17:17:50.056+01:00  INFO 3272 --- [password-manager-backend-test] [           main] c.p.b.service.AuthenticationService      : Successfully registered new user with ID: 64664cf2-e546-490f-a4bc-00583d57648e and email: LotovuhGJuzVKVM@example.com
2025-12-18T17:17:50.116+01:00  INFO 3272 --- [password-manager-backend-test] [           main] c.p.b.service.AuthenticationService      : Recovery key validation for user LotovuhGJuzVKVM@example.com: SUCCESS
2025-12-18T17:17:50.175+01:00  INFO 3272 --- [password-manager-backend-test] [           main] c.p.b.service.AuthenticationService      : Recovery key validation for user LotovuhGJuzVKVM@example.com: FAILED
2025-12-18T17:17:50.234+01:00  INFO 3272 --- [password-manager-backend-test] [           main] c.p.b.service.AuthenticationService      : Attempting to register new user with email: NZsxBDzTwkBj@example.com
2025-12-18T17:17:50.292+01:00  INFO 3272 --- [password-manager-backend-test] [           main] c.p.b.service.AuthenticationService      : Successfully registered new user with ID: b8ee77a7-b4fb-419f-82d2-3494150f09fb and email: NZsxBDzTwkBj@example.com
2025-12-18T17:17:50.351+01:00  INFO 3272 --- [password-manager-backend-test] [           main] c.p.b.service.AuthenticationService      : Recovery key validation for user NZsxBDzTwkBj@example.com: SUCCESS
2025-12-18T17:17:50.410+01:00  INFO 3272 --- [password-manager-backend-test] [           main] c.p.b.service.AuthenticationService      : Recovery key validation for user NZsxBDzTwkBj@example.com: FAILED
2025-12-18T17:17:50.469+01:00  INFO 3272 --- [password-manager-backend-test] [           main] c.p.b.service.AuthenticationService      : Attempting to register new user with email: KkWLpKIlQapHvOeFfMYw@example.com
2025-12-18T17:17:50.528+01:00  INFO 3272 --- [password-manager-backend-test] [           main] c.p.b.service.AuthenticationService      : Successfully registered new user with ID: 59c2f9b2-a3a9-4bd7-89eb-50817eb2ca46 and email: KkWLpKIlQapHvOeFfMYw@example.com
2025-12-18T17:17:50.589+01:00  INFO 3272 --- [password-manager-backend-test] [           main] c.p.b.service.AuthenticationService      : Recovery key validation for user KkWLpKIlQapHvOeFfMYw@example.com: SUCCESS
2025-12-18T17:17:50.646+01:00  INFO 3272 --- [password-manager-backend-test] [           main] c.p.b.service.AuthenticationService      : Recovery key validation for user KkWLpKIlQapHvOeFfMYw@example.com: FAILED
2025-12-18T17:17:50.707+01:00  INFO 3272 --- [password-manager-backend-test] [           main] c.p.b.service.AuthenticationService      : Attempting to register new user with email: CvWAOOoyleSJdOxw@example.com
2025-12-18T17:17:50.767+01:00  INFO 3272 --- [password-manager-backend-test] [           main] c.p.b.service.AuthenticationService      : Successfully registered new user with ID: c0d9466a-e576-41f9-b71f-4ddde5c4ccfa and email: CvWAOOoyleSJdOxw@example.com
2025-12-18T17:17:50.826+01:00  INFO 3272 --- [password-manager-backend-test] [           main] c.p.b.service.AuthenticationService      : Recovery key validation for user CvWAOOoyleSJdOxw@example.com: SUCCESS
2025-12-18T17:17:50.887+01:00  INFO 3272 --- [password-manager-backend-test] [           main] c.p.b.service.AuthenticationService      : Recovery key validation for user CvWAOOoyleSJdOxw@example.com: FAILED
2025-12-18T17:17:50.949+01:00  INFO 3272 --- [password-manager-backend-test] [           main] c.p.b.service.AuthenticationService      : Attempting to register new user with email: IaIiCtPxmdnRWQi@example.com
2025-12-18T17:17:51.006+01:00  INFO 3272 --- [password-manager-backend-test] [           main] c.p.b.service.AuthenticationService      : Successfully registered new user with ID: 099078bc-a44e-419d-a84a-b47862aee4c4 and email: IaIiCtPxmdnRWQi@example.com
2025-12-18T17:17:51.065+01:00  INFO 3272 --- [password-manager-backend-test] [           main] c.p.b.service.AuthenticationService      : Recovery key validation for user IaIiCtPxmdnRWQi@example.com: SUCCESS
2025-12-18T17:17:51.123+01:00  INFO 3272 --- [password-manager-backend-test] [           main] c.p.b.service.AuthenticationService      : Recovery key validation for user IaIiCtPxmdnRWQi@example.com: FAILED
2025-12-18T17:17:51.183+01:00  INFO 3272 --- [password-manager-backend-test] [           main] c.p.b.service.AuthenticationService      : Attempting to register new user with email: NaxYPnrDL@example.com
2025-12-18T17:17:51.242+01:00  INFO 3272 --- [password-manager-backend-test] [           main] c.p.b.service.AuthenticationService      : Successfully registered new user with ID: b81e36ef-5c0d-4e49-80a1-dada2e060372 and email: NaxYPnrDL@example.com
2025-12-18T17:17:51.301+01:00  INFO 3272 --- [password-manager-backend-test] [           main] c.p.b.service.AuthenticationService      : Recovery key validation for user NaxYPnrDL@example.com: SUCCESS
2025-12-18T17:17:51.359+01:00  INFO 3272 --- [password-manager-backend-test] [           main] c.p.b.service.AuthenticationService      : Recovery key validation for user NaxYPnrDL@example.com: FAILED
2025-12-18T17:17:51.417+01:00  INFO 3272 --- [password-manager-backend-test] [           main] c.p.b.service.AuthenticationService      : Attempting to register new user with email: vIJvIeokDDFGggI@example.com
2025-12-18T17:17:51.478+01:00  INFO 3272 --- [password-manager-backend-test] [           main] c.p.b.service.AuthenticationService      : Successfully registered new user with ID: 206ccb1a-acb9-447c-8edc-238982a152db and email: vIJvIeokDDFGggI@example.com
2025-12-18T17:17:51.535+01:00  INFO 3272 --- [password-manager-backend-test] [           main] c.p.b.service.AuthenticationService      : Recovery key validation for user vIJvIeokDDFGggI@example.com: SUCCESS
2025-12-18T17:17:51.593+01:00  INFO 3272 --- [password-manager-backend-test] [           main] c.p.b.service.AuthenticationService      : Recovery key validation for user vIJvIeokDDFGggI@example.com: FAILED
2025-12-18T17:17:51.650+01:00  INFO 3272 --- [password-manager-backend-test] [           main] c.p.b.service.AuthenticationService      : Attempting to register new user with email: jcDfs@example.com
2025-12-18T17:17:51.711+01:00  INFO 3272 --- [password-manager-backend-test] [           main] c.p.b.service.AuthenticationService      : Successfully registered new user with ID: d6e7aa50-6ceb-4e08-8e54-57263a57124e and email: jcDfs@example.com
2025-12-18T17:17:51.769+01:00  INFO 3272 --- [password-manager-backend-test] [           main] c.p.b.service.AuthenticationService      : Recovery key validation for user jcDfs@example.com: SUCCESS
2025-12-18T17:17:51.828+01:00  INFO 3272 --- [password-manager-backend-test] [           main] c.p.b.service.AuthenticationService      : Recovery key validation for user jcDfs@example.com: FAILED
2025-12-18T17:17:51.888+01:00  INFO 3272 --- [password-manager-backend-test] [           main] c.p.b.service.AuthenticationService      : Attempting to register new user with email: JRPXhXJwAugNVt@example.com
2025-12-18T17:17:51.945+01:00  INFO 3272 --- [password-manager-backend-test] [           main] c.p.b.service.AuthenticationService      : Successfully registered new user with ID: a2281236-8596-453f-8d0e-8820a8da48f6 and email: JRPXhXJwAugNVt@example.com
2025-12-18T17:17:52.003+01:00  INFO 3272 --- [password-manager-backend-test] [           main] c.p.b.service.AuthenticationService      : Recovery key validation for user JRPXhXJwAugNVt@example.com: SUCCESS
2025-12-18T17:17:52.062+01:00  INFO 3272 --- [password-manager-backend-test] [           main] c.p.b.service.AuthenticationService      : Recovery key validation for user JRPXhXJwAugNVt@example.com: FAILED
2025-12-18T17:17:52.128+01:00  INFO 3272 --- [password-manager-backend-test] [           main] c.p.b.service.AuthenticationService      : Attempting to register new user with email: sYsCBygZUfFf@example.com
2025-12-18T17:17:52.189+01:00  INFO 3272 --- [password-manager-backend-test] [           main] c.p.b.service.AuthenticationService      : Successfully registered new user with ID: cc9de0a6-df74-4cf4-b4b2-a4b1fd85da6a and email: sYsCBygZUfFf@example.com
2025-12-18T17:17:52.250+01:00  INFO 3272 --- [password-manager-backend-test] [           main] c.p.b.service.AuthenticationService      : Recovery key validation for user sYsCBygZUfFf@example.com: SUCCESS
2025-12-18T17:17:52.309+01:00  INFO 3272 --- [password-manager-backend-test] [           main] c.p.b.service.AuthenticationService      : Recovery key validation for user sYsCBygZUfFf@example.com: FAILED
2025-12-18T17:17:52.371+01:00  INFO 3272 --- [password-manager-backend-test] [           main] c.p.b.service.AuthenticationService      : Attempting to register new user with email: JtktJKLMIZnVzPf@example.com
2025-12-18T17:17:52.430+01:00  INFO 3272 --- [password-manager-backend-test] [           main] c.p.b.service.AuthenticationService      : Successfully registered new user with ID: 5a2e849a-de9f-44b3-9bff-f3b12cf61bbc and email: JtktJKLMIZnVzPf@example.com
2025-12-18T17:17:52.491+01:00  INFO 3272 --- [password-manager-backend-test] [           main] c.p.b.service.AuthenticationService      : Recovery key validation for user JtktJKLMIZnVzPf@example.com: SUCCESS
2025-12-18T17:17:52.550+01:00  INFO 3272 --- [password-manager-backend-test] [           main] c.p.b.service.AuthenticationService      : Recovery key validation for user JtktJKLMIZnVzPf@example.com: FAILED
2025-12-18T17:17:52.611+01:00  INFO 3272 --- [password-manager-backend-test] [           main] c.p.b.service.AuthenticationService      : Attempting to register new user with email: AYDuxJYqbc@example.com
2025-12-18T17:17:52.669+01:00  INFO 3272 --- [password-manager-backend-test] [           main] c.p.b.service.AuthenticationService      : Successfully registered new user with ID: 21ec0f7d-dadf-47de-9d38-46931c568e58 and email: AYDuxJYqbc@example.com
2025-12-18T17:17:52.727+01:00  INFO 3272 --- [password-manager-backend-test] [           main] c.p.b.service.AuthenticationService      : Recovery key validation for user AYDuxJYqbc@example.com: SUCCESS
2025-12-18T17:17:52.785+01:00  INFO 3272 --- [password-manager-backend-test] [           main] c.p.b.service.AuthenticationService      : Recovery key validation for user AYDuxJYqbc@example.com: FAILED
2025-12-18T17:17:52.844+01:00  INFO 3272 --- [password-manager-backend-test] [           main] c.p.b.service.AuthenticationService      : Attempting to register new user with email: oBScexCcD@example.com
2025-12-18T17:17:52.901+01:00  INFO 3272 --- [password-manager-backend-test] [           main] c.p.b.service.AuthenticationService      : Successfully registered new user with ID: 919b6744-6a2a-4b67-85ae-700d566eb658 and email: oBScexCcD@example.com
2025-12-18T17:17:52.961+01:00  INFO 3272 --- [password-manager-backend-test] [           main] c.p.b.service.AuthenticationService      : Recovery key validation for user oBScexCcD@example.com: SUCCESS
2025-12-18T17:17:53.022+01:00  INFO 3272 --- [password-manager-backend-test] [           main] c.p.b.service.AuthenticationService      : Recovery key validation for user oBScexCcD@example.com: FAILED
2025-12-18T17:17:53.083+01:00  INFO 3272 --- [password-manager-backend-test] [           main] c.p.b.service.AuthenticationService      : Attempting to register new user with email: POOQoImcgQ@example.com
2025-12-18T17:17:53.143+01:00  INFO 3272 --- [password-manager-backend-test] [           main] c.p.b.service.AuthenticationService      : Successfully registered new user with ID: 479faf9e-0813-42df-b954-b348fb7186c5 and email: POOQoImcgQ@example.com
2025-12-18T17:17:53.204+01:00  INFO 3272 --- [password-manager-backend-test] [           main] c.p.b.service.AuthenticationService      : Recovery key validation for user POOQoImcgQ@example.com: SUCCESS
2025-12-18T17:17:53.265+01:00  INFO 3272 --- [password-manager-backend-test] [           main] c.p.b.service.AuthenticationService      : Recovery key validation for user POOQoImcgQ@example.com: FAILED
2025-12-18T17:17:53.326+01:00  INFO 3272 --- [password-manager-backend-test] [           main] c.p.b.service.AuthenticationService      : Attempting to register new user with email: EMAqLzDSWdt@example.com
2025-12-18T17:17:53.387+01:00  INFO 3272 --- [password-manager-backend-test] [           main] c.p.b.service.AuthenticationService      : Successfully registered new user with ID: f391e6b8-7b83-46ad-911c-6a7b24e96171 and email: EMAqLzDSWdt@example.com
2025-12-18T17:17:53.449+01:00  INFO 3272 --- [password-manager-backend-test] [           main] c.p.b.service.AuthenticationService      : Recovery key validation for user EMAqLzDSWdt@example.com: SUCCESS
2025-12-18T17:17:53.510+01:00  INFO 3272 --- [password-manager-backend-test] [           main] c.p.b.service.AuthenticationService      : Recovery key validation for user EMAqLzDSWdt@example.com: FAILED
2025-12-18T17:17:53.571+01:00  INFO 3272 --- [password-manager-backend-test] [           main] c.p.b.service.AuthenticationService      : Attempting to register new user with email: hUPOXhAXNnZNG@example.com
2025-12-18T17:17:53.632+01:00  INFO 3272 --- [password-manager-backend-test] [           main] c.p.b.service.AuthenticationService      : Successfully registered new user with ID: 9c02a30a-f02a-4b30-aa89-a4bda77e2741 and email: hUPOXhAXNnZNG@example.com
2025-12-18T17:17:53.692+01:00  INFO 3272 --- [password-manager-backend-test] [           main] c.p.b.service.AuthenticationService      : Recovery key validation for user hUPOXhAXNnZNG@example.com: SUCCESS
2025-12-18T17:17:53.752+01:00  INFO 3272 --- [password-manager-backend-test] [           main] c.p.b.service.AuthenticationService      : Recovery key validation for user hUPOXhAXNnZNG@example.com: FAILED
2025-12-18T17:17:53.824+01:00  INFO 3272 --- [password-manager-backend-test] [           main] c.p.b.service.AuthenticationService      : Attempting to register new user with email: AAAAA@example.com
2025-12-18T17:17:53.885+01:00  INFO 3272 --- [password-manager-backend-test] [           main] c.p.b.service.AuthenticationService      : Successfully registered new user with ID: 144bd7cb-7705-4971-a98b-7e8055735e07 and email: AAAAA@example.com
2025-12-18T17:17:53.947+01:00  INFO 3272 --- [password-manager-backend-test] [           main] c.p.b.service.AuthenticationService      : Recovery key validation for user AAAAA@example.com: SUCCESS
2025-12-18T17:17:54.007+01:00  INFO 3272 --- [password-manager-backend-test] [           main] c.p.b.service.AuthenticationService      : Recovery key validation for user AAAAA@example.com: FAILED
2025-12-18T17:17:54.067+01:00  INFO 3272 --- [password-manager-backend-test] [           main] c.p.b.service.AuthenticationService      : Attempting to register new user with email: xruyO@example.com
2025-12-18T17:17:54.128+01:00  INFO 3272 --- [password-manager-backend-test] [           main] c.p.b.service.AuthenticationService      : Successfully registered new user with ID: 3f7c1407-ba22-4e7b-9c4d-04aae56218fd and email: xruyO@example.com
2025-12-18T17:17:54.188+01:00  INFO 3272 --- [password-manager-backend-test] [           main] c.p.b.service.AuthenticationService      : Recovery key validation for user xruyO@example.com: SUCCESS
2025-12-18T17:17:54.247+01:00  INFO 3272 --- [password-manager-backend-test] [           main] c.p.b.service.AuthenticationService      : Recovery key validation for user xruyO@example.com: FAILED
2025-12-18T17:17:54.308+01:00  INFO 3272 --- [password-manager-backend-test] [           main] c.p.b.service.AuthenticationService      : Attempting to register new user with email: VnSuxDncNYeglXvfzWPW@example.com
2025-12-18T17:17:54.368+01:00  INFO 3272 --- [password-manager-backend-test] [           main] c.p.b.service.AuthenticationService      : Successfully registered new user with ID: c63a66e9-ad0b-4b45-a6ee-35c168b23354 and email: VnSuxDncNYeglXvfzWPW@example.com
2025-12-18T17:17:54.428+01:00  INFO 3272 --- [password-manager-backend-test] [           main] c.p.b.service.AuthenticationService      : Recovery key validation for user VnSuxDncNYeglXvfzWPW@example.com: SUCCESS
2025-12-18T17:17:54.488+01:00  INFO 3272 --- [password-manager-backend-test] [           main] c.p.b.service.AuthenticationService      : Recovery key validation for user VnSuxDncNYeglXvfzWPW@example.com: FAILED
2025-12-18T17:17:54.551+01:00  INFO 3272 --- [password-manager-backend-test] [           main] c.p.b.service.AuthenticationService      : Attempting to register new user with email: DirGQL@example.com
2025-12-18T17:17:54.610+01:00  INFO 3272 --- [password-manager-backend-test] [           main] c.p.b.service.AuthenticationService      : Successfully registered new user with ID: b93e5ad5-2727-4619-9671-241cee2b2996 and email: DirGQL@example.com
2025-12-18T17:17:54.672+01:00  INFO 3272 --- [password-manager-backend-test] [           main] c.p.b.service.AuthenticationService      : Recovery key validation for user DirGQL@example.com: SUCCESS
2025-12-18T17:17:54.733+01:00  INFO 3272 --- [password-manager-backend-test] [           main] c.p.b.service.AuthenticationService      : Recovery key validation for user DirGQL@example.com: FAILED
2025-12-18T17:17:54.792+01:00  INFO 3272 --- [password-manager-backend-test] [           main] c.p.b.service.AuthenticationService      : Attempting to register new user with email: lEEeay@example.com
2025-12-18T17:17:54.850+01:00  INFO 3272 --- [password-manager-backend-test] [           main] c.p.b.service.AuthenticationService      : Successfully registered new user with ID: 05bdc3fa-c14e-4bc2-b405-9527bd49be26 and email: lEEeay@example.com
2025-12-18T17:17:54.907+01:00  INFO 3272 --- [password-manager-backend-test] [           main] c.p.b.service.AuthenticationService      : Recovery key validation for user lEEeay@example.com: SUCCESS
2025-12-18T17:17:54.966+01:00  INFO 3272 --- [password-manager-backend-test] [           main] c.p.b.service.AuthenticationService      : Recovery key validation for user lEEeay@example.com: FAILED
2025-12-18T17:17:55.024+01:00  INFO 3272 --- [password-manager-backend-test] [           main] c.p.b.service.AuthenticationService      : Attempting to register new user with email: kZzKRXrwtgk@example.com
2025-12-18T17:17:55.083+01:00  INFO 3272 --- [password-manager-backend-test] [           main] c.p.b.service.AuthenticationService      : Successfully registered new user with ID: 74ea05a1-cf6c-4676-b068-7116efd8605c and email: kZzKRXrwtgk@example.com
2025-12-18T17:17:55.142+01:00  INFO 3272 --- [password-manager-backend-test] [           main] c.p.b.service.AuthenticationService      : Recovery key validation for user kZzKRXrwtgk@example.com: SUCCESS
2025-12-18T17:17:55.202+01:00  INFO 3272 --- [password-manager-backend-test] [           main] c.p.b.service.AuthenticationService      : Recovery key validation for user kZzKRXrwtgk@example.com: FAILED
2025-12-18T17:17:55.260+01:00  INFO 3272 --- [password-manager-backend-test] [           main] c.p.b.service.AuthenticationService      : Attempting to register new user with email: QnfLy@example.com
2025-12-18T17:17:55.322+01:00  INFO 3272 --- [password-manager-backend-test] [           main] c.p.b.service.AuthenticationService      : Successfully registered new user with ID: 48c3c5b3-4995-45bf-aadb-e3afeac57e5f and email: QnfLy@example.com
2025-12-18T17:17:55.382+01:00  INFO 3272 --- [password-manager-backend-test] [           main] c.p.b.service.AuthenticationService      : Recovery key validation for user QnfLy@example.com: SUCCESS
2025-12-18T17:17:55.442+01:00  INFO 3272 --- [password-manager-backend-test] [           main] c.p.b.service.AuthenticationService      : Recovery key validation for user QnfLy@example.com: FAILED
2025-12-18T17:17:55.499+01:00  INFO 3272 --- [password-manager-backend-test] [           main] c.p.b.service.AuthenticationService      : Attempting to register new user with email: LKDJJwLMV@example.com
2025-12-18T17:17:55.563+01:00  INFO 3272 --- [password-manager-backend-test] [           main] c.p.b.service.AuthenticationService      : Successfully registered new user with ID: a5778daf-c3b4-4f9c-b663-470eeae5c703 and email: LKDJJwLMV@example.com
2025-12-18T17:17:55.623+01:00  INFO 3272 --- [password-manager-backend-test] [           main] c.p.b.service.AuthenticationService      : Recovery key validation for user LKDJJwLMV@example.com: SUCCESS
2025-12-18T17:17:55.681+01:00  INFO 3272 --- [password-manager-backend-test] [           main] c.p.b.service.AuthenticationService      : Recovery key validation for user LKDJJwLMV@example.com: FAILED
2025-12-18T17:17:55.744+01:00  INFO 3272 --- [password-manager-backend-test] [           main] c.p.b.service.AuthenticationService      : Attempting to register new user with email: ygDESUqBwgkNnS@example.com
2025-12-18T17:17:55.802+01:00  INFO 3272 --- [password-manager-backend-test] [           main] c.p.b.service.AuthenticationService      : Successfully registered new user with ID: a25788d3-4c52-435c-ac0f-54a3c4ec545f and email: ygDESUqBwgkNnS@example.com
2025-12-18T17:17:55.860+01:00  INFO 3272 --- [password-manager-backend-test] [           main] c.p.b.service.AuthenticationService      : Recovery key validation for user ygDESUqBwgkNnS@example.com: SUCCESS
2025-12-18T17:17:55.919+01:00  INFO 3272 --- [password-manager-backend-test] [           main] c.p.b.service.AuthenticationService      : Recovery key validation for user ygDESUqBwgkNnS@example.com: FAILED
2025-12-18T17:17:55.977+01:00  INFO 3272 --- [password-manager-backend-test] [           main] c.p.b.service.AuthenticationService      : Attempting to register new user with email: qgIlRyYsnk@example.com
2025-12-18T17:17:56.041+01:00  INFO 3272 --- [password-manager-backend-test] [           main] c.p.b.service.AuthenticationService      : Successfully registered new user with ID: a0aedb75-9974-43e3-9a74-57b39a4694c5 and email: qgIlRyYsnk@example.com
2025-12-18T17:17:56.099+01:00  INFO 3272 --- [password-manager-backend-test] [           main] c.p.b.service.AuthenticationService      : Recovery key validation for user qgIlRyYsnk@example.com: SUCCESS
2025-12-18T17:17:56.161+01:00  INFO 3272 --- [password-manager-backend-test] [           main] c.p.b.service.AuthenticationService      : Recovery key validation for user qgIlRyYsnk@example.com: FAILED
2025-12-18T17:17:56.223+01:00  INFO 3272 --- [password-manager-backend-test] [           main] c.p.b.service.AuthenticationService      : Attempting to register new user with email: lVIZWiz@example.com
2025-12-18T17:17:56.283+01:00  INFO 3272 --- [password-manager-backend-test] [           main] c.p.b.service.AuthenticationService      : Successfully registered new user with ID: 81d4de75-9b83-4c2f-8c1f-60ecca1b5b58 and email: lVIZWiz@example.com
2025-12-18T17:17:56.344+01:00  INFO 3272 --- [password-manager-backend-test] [           main] c.p.b.service.AuthenticationService      : Recovery key validation for user lVIZWiz@example.com: SUCCESS
2025-12-18T17:17:56.405+01:00  INFO 3272 --- [password-manager-backend-test] [           main] c.p.b.service.AuthenticationService      : Recovery key validation for user lVIZWiz@example.com: FAILED
2025-12-18T17:17:56.467+01:00  INFO 3272 --- [password-manager-backend-test] [           main] c.p.b.service.AuthenticationService      : Attempting to register new user with email: lFGamElbEoawEemQyDDw@example.com
2025-12-18T17:17:56.526+01:00  INFO 3272 --- [password-manager-backend-test] [           main] c.p.b.service.AuthenticationService      : Successfully registered new user with ID: 2bad8821-21a3-4b97-bd24-b65a46b1b9fb and email: lFGamElbEoawEemQyDDw@example.com
2025-12-18T17:17:56.582+01:00  INFO 3272 --- [password-manager-backend-test] [           main] c.p.b.service.AuthenticationService      : Recovery key validation for user lFGamElbEoawEemQyDDw@example.com: SUCCESS
2025-12-18T17:17:56.638+01:00  INFO 3272 --- [password-manager-backend-test] [           main] c.p.b.service.AuthenticationService      : Recovery key validation for user lFGamElbEoawEemQyDDw@example.com: FAILED
2025-12-18T17:17:56.700+01:00  INFO 3272 --- [password-manager-backend-test] [           main] c.p.b.service.AuthenticationService      : Attempting to register new user with email: JqJvEexxvBOC@example.com
2025-12-18T17:17:56.760+01:00  INFO 3272 --- [password-manager-backend-test] [           main] c.p.b.service.AuthenticationService      : Successfully registered new user with ID: c156be13-f0a4-4449-97fd-1478adf85ede and email: JqJvEexxvBOC@example.com
2025-12-18T17:17:56.821+01:00  INFO 3272 --- [password-manager-backend-test] [           main] c.p.b.service.AuthenticationService      : Recovery key validation for user JqJvEexxvBOC@example.com: SUCCESS
2025-12-18T17:17:56.879+01:00  INFO 3272 --- [password-manager-backend-test] [           main] c.p.b.service.AuthenticationService      : Recovery key validation for user JqJvEexxvBOC@example.com: FAILED
2025-12-18T17:17:56.941+01:00  INFO 3272 --- [password-manager-backend-test] [           main] c.p.b.service.AuthenticationService      : Attempting to register new user with email: xOXtcabJAcAe@example.com
2025-12-18T17:17:56.999+01:00  INFO 3272 --- [password-manager-backend-test] [           main] c.p.b.service.AuthenticationService      : Successfully registered new user with ID: 0108b5a1-d0d8-4ab9-8885-55a8d70e174e and email: xOXtcabJAcAe@example.com
2025-12-18T17:17:57.058+01:00  INFO 3272 --- [password-manager-backend-test] [           main] c.p.b.service.AuthenticationService      : Recovery key validation for user xOXtcabJAcAe@example.com: SUCCESS
2025-12-18T17:17:57.116+01:00  INFO 3272 --- [password-manager-backend-test] [           main] c.p.b.service.AuthenticationService      : Recovery key validation for user xOXtcabJAcAe@example.com: FAILED
2025-12-18T17:17:57.177+01:00  INFO 3272 --- [password-manager-backend-test] [           main] c.p.b.service.AuthenticationService      : Attempting to register new user with email: NEgboNPCQZsPEMRYvU@example.com
2025-12-18T17:17:57.237+01:00  INFO 3272 --- [password-manager-backend-test] [           main] c.p.b.service.AuthenticationService      : Successfully registered new user with ID: 4d5d2808-3da1-4958-9e4b-492eea579fb3 and email: NEgboNPCQZsPEMRYvU@example.com
2025-12-18T17:17:57.295+01:00  INFO 3272 --- [password-manager-backend-test] [           main] c.p.b.service.AuthenticationService      : Recovery key validation for user NEgboNPCQZsPEMRYvU@example.com: SUCCESS
2025-12-18T17:17:57.352+01:00  INFO 3272 --- [password-manager-backend-test] [           main] c.p.b.service.AuthenticationService      : Recovery key validation for user NEgboNPCQZsPEMRYvU@example.com: FAILED
2025-12-18T17:17:57.412+01:00  INFO 3272 --- [password-manager-backend-test] [           main] c.p.b.service.AuthenticationService      : Attempting to register new user with email: OBfCsQOhZA@example.com
2025-12-18T17:17:57.470+01:00  INFO 3272 --- [password-manager-backend-test] [           main] c.p.b.service.AuthenticationService      : Successfully registered new user with ID: 6445a2f3-9d40-40ce-80d9-f566c694430a and email: OBfCsQOhZA@example.com
2025-12-18T17:17:57.528+01:00  INFO 3272 --- [password-manager-backend-test] [           main] c.p.b.service.AuthenticationService      : Recovery key validation for user OBfCsQOhZA@example.com: SUCCESS
2025-12-18T17:17:57.586+01:00  INFO 3272 --- [password-manager-backend-test] [           main] c.p.b.service.AuthenticationService      : Recovery key validation for user OBfCsQOhZA@example.com: FAILED
2025-12-18T17:17:57.646+01:00  INFO 3272 --- [password-manager-backend-test] [           main] c.p.b.service.AuthenticationService      : Attempting to register new user with email: LSVJU@example.com
2025-12-18T17:17:57.706+01:00  INFO 3272 --- [password-manager-backend-test] [           main] c.p.b.service.AuthenticationService      : Successfully registered new user with ID: b4ce09f3-290c-4fa6-9c08-a7138ab351d4 and email: LSVJU@example.com
2025-12-18T17:17:57.763+01:00  INFO 3272 --- [password-manager-backend-test] [           main] c.p.b.service.AuthenticationService      : Recovery key validation for user LSVJU@example.com: SUCCESS
2025-12-18T17:17:57.821+01:00  INFO 3272 --- [password-manager-backend-test] [           main] c.p.b.service.AuthenticationService      : Recovery key validation for user LSVJU@example.com: FAILED
2025-12-18T17:17:57.884+01:00  INFO 3272 --- [password-manager-backend-test] [           main] c.p.b.service.AuthenticationService      : Attempting to register new user with email: jeGznOWPouw@example.com
2025-12-18T17:17:57.943+01:00  INFO 3272 --- [password-manager-backend-test] [           main] c.p.b.service.AuthenticationService      : Successfully registered new user with ID: 4aca40f5-8306-42f5-83df-02479093d7c5 and email: jeGznOWPouw@example.com
2025-12-18T17:17:58.004+01:00  INFO 3272 --- [password-manager-backend-test] [           main] c.p.b.service.AuthenticationService      : Recovery key validation for user jeGznOWPouw@example.com: SUCCESS
2025-12-18T17:17:58.064+01:00  INFO 3272 --- [password-manager-backend-test] [           main] c.p.b.service.AuthenticationService      : Recovery key validation for user jeGznOWPouw@example.com: FAILED
2025-12-18T17:17:58.127+01:00  INFO 3272 --- [password-manager-backend-test] [           main] c.p.b.service.AuthenticationService      : Attempting to register new user with email: yytgQgQcD@example.com
2025-12-18T17:17:58.186+01:00  INFO 3272 --- [password-manager-backend-test] [           main] c.p.b.service.AuthenticationService      : Successfully registered new user with ID: 8bf7600b-5a09-4110-97d2-e56ab3768517 and email: yytgQgQcD@example.com
2025-12-18T17:17:58.246+01:00  INFO 3272 --- [password-manager-backend-test] [           main] c.p.b.service.AuthenticationService      : Recovery key validation for user yytgQgQcD@example.com: SUCCESS
2025-12-18T17:17:58.306+01:00  INFO 3272 --- [password-manager-backend-test] [           main] c.p.b.service.AuthenticationService      : Recovery key validation for user yytgQgQcD@example.com: FAILED
2025-12-18T17:17:58.368+01:00  INFO 3272 --- [password-manager-backend-test] [           main] c.p.b.service.AuthenticationService      : Attempting to register new user with email: IOPNkWTQZB@example.com
2025-12-18T17:17:58.427+01:00  INFO 3272 --- [password-manager-backend-test] [           main] c.p.b.service.AuthenticationService      : Successfully registered new user with ID: 8311ac06-8539-48be-a6a2-3976b69793c3 and email: IOPNkWTQZB@example.com
2025-12-18T17:17:58.487+01:00  INFO 3272 --- [password-manager-backend-test] [           main] c.p.b.service.AuthenticationService      : Recovery key validation for user IOPNkWTQZB@example.com: SUCCESS
2025-12-18T17:17:58.546+01:00  INFO 3272 --- [password-manager-backend-test] [           main] c.p.b.service.AuthenticationService      : Recovery key validation for user IOPNkWTQZB@example.com: FAILED
2025-12-18T17:17:58.608+01:00  INFO 3272 --- [password-manager-backend-test] [           main] c.p.b.service.AuthenticationService      : Attempting to register new user with email: aDptzU@example.com
2025-12-18T17:17:58.669+01:00  INFO 3272 --- [password-manager-backend-test] [           main] c.p.b.service.AuthenticationService      : Successfully registered new user with ID: 80fb099e-e4a0-45af-93cc-6909e5c2b71f and email: aDptzU@example.com
2025-12-18T17:17:58.730+01:00  INFO 3272 --- [password-manager-backend-test] [           main] c.p.b.service.AuthenticationService      : Recovery key validation for user aDptzU@example.com: SUCCESS
2025-12-18T17:17:58.792+01:00  INFO 3272 --- [password-manager-backend-test] [           main] c.p.b.service.AuthenticationService      : Recovery key validation for user aDptzU@example.com: FAILED
2025-12-18T17:17:58.853+01:00  INFO 3272 --- [password-manager-backend-test] [           main] c.p.b.service.AuthenticationService      : Attempting to register new user with email: vHyfEzefw@example.com
2025-12-18T17:17:58.911+01:00  INFO 3272 --- [password-manager-backend-test] [           main] c.p.b.service.AuthenticationService      : Successfully registered new user with ID: ff28f1c2-c257-4de2-bdca-59622a19435a and email: vHyfEzefw@example.com
2025-12-18T17:17:58.969+01:00  INFO 3272 --- [password-manager-backend-test] [           main] c.p.b.service.AuthenticationService      : Recovery key validation for user vHyfEzefw@example.com: SUCCESS
2025-12-18T17:17:59.028+01:00  INFO 3272 --- [password-manager-backend-test] [           main] c.p.b.service.AuthenticationService      : Recovery key validation for user vHyfEzefw@example.com: FAILED
2025-12-18T17:17:59.089+01:00  INFO 3272 --- [password-manager-backend-test] [           main] c.p.b.service.AuthenticationService      : Attempting to register new user with email: dWmYga@example.com
2025-12-18T17:17:59.151+01:00  INFO 3272 --- [password-manager-backend-test] [           main] c.p.b.service.AuthenticationService      : Successfully registered new user with ID: 4c05c22e-52d5-4e9a-b921-013b102d4087 and email: dWmYga@example.com
2025-12-18T17:17:59.210+01:00  INFO 3272 --- [password-manager-backend-test] [           main] c.p.b.service.AuthenticationService      : Recovery key validation for user dWmYga@example.com: SUCCESS
2025-12-18T17:17:59.268+01:00  INFO 3272 --- [password-manager-backend-test] [           main] c.p.b.service.AuthenticationService      : Recovery key validation for user dWmYga@example.com: FAILED
2025-12-18T17:17:59.327+01:00  INFO 3272 --- [password-manager-backend-test] [           main] c.p.b.service.AuthenticationService      : Attempting to register new user with email: GoxAUSSz@example.com
2025-12-18T17:17:59.386+01:00  INFO 3272 --- [password-manager-backend-test] [           main] c.p.b.service.AuthenticationService      : Successfully registered new user with ID: 1ca73a32-04c6-4542-a898-93d46c7659a8 and email: GoxAUSSz@example.com
2025-12-18T17:17:59.444+01:00  INFO 3272 --- [password-manager-backend-test] [           main] c.p.b.service.AuthenticationService      : Recovery key validation for user GoxAUSSz@example.com: SUCCESS
2025-12-18T17:17:59.502+01:00  INFO 3272 --- [password-manager-backend-test] [           main] c.p.b.service.AuthenticationService      : Recovery key validation for user GoxAUSSz@example.com: FAILED
2025-12-18T17:17:59.563+01:00  INFO 3272 --- [password-manager-backend-test] [           main] c.p.b.service.AuthenticationService      : Attempting to register new user with email: zCPVLIKidF@example.com
2025-12-18T17:17:59.623+01:00  INFO 3272 --- [password-manager-backend-test] [           main] c.p.b.service.AuthenticationService      : Successfully registered new user with ID: 5e84d5bb-7341-4dd1-89ed-5c128e461934 and email: zCPVLIKidF@example.com
2025-12-18T17:17:59.682+01:00  INFO 3272 --- [password-manager-backend-test] [           main] c.p.b.service.AuthenticationService      : Recovery key validation for user zCPVLIKidF@example.com: SUCCESS
2025-12-18T17:17:59.741+01:00  INFO 3272 --- [password-manager-backend-test] [           main] c.p.b.service.AuthenticationService      : Recovery key validation for user zCPVLIKidF@example.com: FAILED
2025-12-18T17:17:59.801+01:00  INFO 3272 --- [password-manager-backend-test] [           main] c.p.b.service.AuthenticationService      : Attempting to register new user with email: bJLAzEVue@example.com
2025-12-18T17:17:59.862+01:00  INFO 3272 --- [password-manager-backend-test] [           main] c.p.b.service.AuthenticationService      : Successfully registered new user with ID: c9b70880-2df3-490c-b6e4-aa5d19fc2714 and email: bJLAzEVue@example.com
2025-12-18T17:17:59.921+01:00  INFO 3272 --- [password-manager-backend-test] [           main] c.p.b.service.AuthenticationService      : Recovery key validation for user bJLAzEVue@example.com: SUCCESS
2025-12-18T17:17:59.977+01:00  INFO 3272 --- [password-manager-backend-test] [           main] c.p.b.service.AuthenticationService      : Recovery key validation for user bJLAzEVue@example.com: FAILED
2025-12-18T17:18:00.038+01:00  INFO 3272 --- [password-manager-backend-test] [           main] c.p.b.service.AuthenticationService      : Attempting to register new user with email: jyhAj@example.com
2025-12-18T17:18:00.097+01:00  INFO 3272 --- [password-manager-backend-test] [           main] c.p.b.service.AuthenticationService      : Successfully registered new user with ID: fc83fa40-43db-4676-b529-330612ea98e2 and email: jyhAj@example.com
2025-12-18T17:18:00.156+01:00  INFO 3272 --- [password-manager-backend-test] [           main] c.p.b.service.AuthenticationService      : Recovery key validation for user jyhAj@example.com: SUCCESS
2025-12-18T17:18:00.213+01:00  INFO 3272 --- [password-manager-backend-test] [           main] c.p.b.service.AuthenticationService      : Recovery key validation for user jyhAj@example.com: FAILED
2025-12-18T17:18:00.273+01:00  INFO 3272 --- [password-manager-backend-test] [           main] c.p.b.service.AuthenticationService      : Attempting to register new user with email: LZvwE@example.com
2025-12-18T17:18:00.331+01:00  INFO 3272 --- [password-manager-backend-test] [           main] c.p.b.service.AuthenticationService      : Successfully registered new user with ID: 4d17e13b-39bb-4b2e-8ce0-79eab09cf9af and email: LZvwE@example.com
2025-12-18T17:18:00.390+01:00  INFO 3272 --- [password-manager-backend-test] [           main] c.p.b.service.AuthenticationService      : Recovery key validation for user LZvwE@example.com: SUCCESS
2025-12-18T17:18:00.451+01:00  INFO 3272 --- [password-manager-backend-test] [           main] c.p.b.service.AuthenticationService      : Recovery key validation for user LZvwE@example.com: FAILED
2025-12-18T17:18:00.510+01:00  INFO 3272 --- [password-manager-backend-test] [           main] c.p.b.service.AuthenticationService      : Attempting to register new user with email: AAAAA@example.com
2025-12-18T17:18:00.566+01:00  INFO 3272 --- [password-manager-backend-test] [           main] c.p.b.service.AuthenticationService      : Successfully registered new user with ID: da3fe281-bca8-42dd-bd22-aae804b2e143 and email: AAAAA@example.com
2025-12-18T17:18:00.625+01:00  INFO 3272 --- [password-manager-backend-test] [           main] c.p.b.service.AuthenticationService      : Recovery key validation for user AAAAA@example.com: SUCCESS
2025-12-18T17:18:00.682+01:00  INFO 3272 --- [password-manager-backend-test] [           main] c.p.b.service.AuthenticationService      : Recovery key validation for user AAAAA@example.com: FAILED
2025-12-18T17:18:00.740+01:00  INFO 3272 --- [password-manager-backend-test] [           main] c.p.b.service.AuthenticationService      : Attempting to register new user with email: cOVPabXpAaXuH@example.com
2025-12-18T17:18:00.796+01:00  INFO 3272 --- [password-manager-backend-test] [           main] c.p.b.service.AuthenticationService      : Successfully registered new user with ID: 12a4fbfb-997b-4deb-95c1-f1159dec69ff and email: cOVPabXpAaXuH@example.com
2025-12-18T17:18:00.855+01:00  INFO 3272 --- [password-manager-backend-test] [           main] c.p.b.service.AuthenticationService      : Recovery key validation for user cOVPabXpAaXuH@example.com: SUCCESS
2025-12-18T17:18:00.914+01:00  INFO 3272 --- [password-manager-backend-test] [           main] c.p.b.service.AuthenticationService      : Recovery key validation for user cOVPabXpAaXuH@example.com: FAILED
2025-12-18T17:18:00.974+01:00  INFO 3272 --- [password-manager-backend-test] [           main] c.p.b.service.AuthenticationService      : Attempting to register new user with email: bPhzsUfMY@example.com
2025-12-18T17:18:01.030+01:00  INFO 3272 --- [password-manager-backend-test] [           main] c.p.b.service.AuthenticationService      : Successfully registered new user with ID: 40c35d90-793f-426f-acca-2d0f230c2ae2 and email: bPhzsUfMY@example.com
2025-12-18T17:18:01.087+01:00  INFO 3272 --- [password-manager-backend-test] [           main] c.p.b.service.AuthenticationService      : Recovery key validation for user bPhzsUfMY@example.com: SUCCESS
2025-12-18T17:18:01.143+01:00  INFO 3272 --- [password-manager-backend-test] [           main] c.p.b.service.AuthenticationService      : Recovery key validation for user bPhzsUfMY@example.com: FAILED
2025-12-18T17:18:01.203+01:00  INFO 3272 --- [password-manager-backend-test] [           main] c.p.b.service.AuthenticationService      : Attempting to register new user with email: kEhQEaTdvOOFB@example.com
2025-12-18T17:18:01.262+01:00  INFO 3272 --- [password-manager-backend-test] [           main] c.p.b.service.AuthenticationService      : Successfully registered new user with ID: d8e769d6-1cca-44e8-b8d5-33288f526aed and email: kEhQEaTdvOOFB@example.com
2025-12-18T17:18:01.330+01:00  INFO 3272 --- [password-manager-backend-test] [           main] c.p.b.service.AuthenticationService      : Recovery key validation for user kEhQEaTdvOOFB@example.com: SUCCESS
2025-12-18T17:18:01.390+01:00  INFO 3272 --- [password-manager-backend-test] [           main] c.p.b.service.AuthenticationService      : Recovery key validation for user kEhQEaTdvOOFB@example.com: FAILED
2025-12-18T17:18:01.450+01:00  INFO 3272 --- [password-manager-backend-test] [           main] c.p.b.service.AuthenticationService      : Attempting to register new user with email: leGUDwbhzuoCa@example.com
2025-12-18T17:18:01.510+01:00  INFO 3272 --- [password-manager-backend-test] [           main] c.p.b.service.AuthenticationService      : Successfully registered new user with ID: b216e7a0-189f-4438-aa8d-26e0344b8ca6 and email: leGUDwbhzuoCa@example.com
2025-12-18T17:18:01.571+01:00  INFO 3272 --- [password-manager-backend-test] [           main] c.p.b.service.AuthenticationService      : Recovery key validation for user leGUDwbhzuoCa@example.com: SUCCESS
2025-12-18T17:18:01.630+01:00  INFO 3272 --- [password-manager-backend-test] [           main] c.p.b.service.AuthenticationService      : Recovery key validation for user leGUDwbhzuoCa@example.com: FAILED
2025-12-18T17:18:01.690+01:00  INFO 3272 --- [password-manager-backend-test] [           main] c.p.b.service.AuthenticationService      : Attempting to register new user with email: PtUOeUcAjuhq@example.com
2025-12-18T17:18:01.748+01:00  INFO 3272 --- [password-manager-backend-test] [           main] c.p.b.service.AuthenticationService      : Successfully registered new user with ID: d730601b-29d5-49b9-9b9f-d80c1bf989b8 and email: PtUOeUcAjuhq@example.com
2025-12-18T17:18:01.807+01:00  INFO 3272 --- [password-manager-backend-test] [           main] c.p.b.service.AuthenticationService      : Recovery key validation for user PtUOeUcAjuhq@example.com: SUCCESS
2025-12-18T17:18:01.867+01:00  INFO 3272 --- [password-manager-backend-test] [           main] c.p.b.service.AuthenticationService      : Recovery key validation for user PtUOeUcAjuhq@example.com: FAILED
2025-12-18T17:18:01.928+01:00  INFO 3272 --- [password-manager-backend-test] [           main] c.p.b.service.AuthenticationService      : Attempting to register new user with email: EvJqZaPvVguQaZK@example.com
2025-12-18T17:18:01.985+01:00  INFO 3272 --- [password-manager-backend-test] [           main] c.p.b.service.AuthenticationService      : Successfully registered new user with ID: e52bbd11-1c26-4daa-a712-994f49a15b4f and email: EvJqZaPvVguQaZK@example.com
2025-12-18T17:18:02.043+01:00  INFO 3272 --- [password-manager-backend-test] [           main] c.p.b.service.AuthenticationService      : Recovery key validation for user EvJqZaPvVguQaZK@example.com: SUCCESS
2025-12-18T17:18:02.103+01:00  INFO 3272 --- [password-manager-backend-test] [           main] c.p.b.service.AuthenticationService      : Recovery key validation for user EvJqZaPvVguQaZK@example.com: FAILED
2025-12-18T17:18:02.163+01:00  INFO 3272 --- [password-manager-backend-test] [           main] c.p.b.service.AuthenticationService      : Attempting to register new user with email: EVkspgzUcPsKRYXf@example.com
2025-12-18T17:18:02.224+01:00  INFO 3272 --- [password-manager-backend-test] [           main] c.p.b.service.AuthenticationService      : Successfully registered new user with ID: 429ca73a-8592-443b-b281-ab459788e4cc and email: EVkspgzUcPsKRYXf@example.com
2025-12-18T17:18:02.285+01:00  INFO 3272 --- [password-manager-backend-test] [           main] c.p.b.service.AuthenticationService      : Recovery key validation for user EVkspgzUcPsKRYXf@example.com: SUCCESS
2025-12-18T17:18:02.342+01:00  INFO 3272 --- [password-manager-backend-test] [           main] c.p.b.service.AuthenticationService      : Recovery key validation for user EVkspgzUcPsKRYXf@example.com: FAILED
2025-12-18T17:18:02.402+01:00  INFO 3272 --- [password-manager-backend-test] [           main] c.p.b.service.AuthenticationService      : Attempting to register new user with email: pnPpHwBhTYRQR@example.com
2025-12-18T17:18:02.461+01:00  INFO 3272 --- [password-manager-backend-test] [           main] c.p.b.service.AuthenticationService      : Successfully registered new user with ID: 7f2494e9-011c-4a0a-b4ab-6f740cf8d7cb and email: pnPpHwBhTYRQR@example.com
2025-12-18T17:18:02.519+01:00  INFO 3272 --- [password-manager-backend-test] [           main] c.p.b.service.AuthenticationService      : Recovery key validation for user pnPpHwBhTYRQR@example.com: SUCCESS
2025-12-18T17:18:02.575+01:00  INFO 3272 --- [password-manager-backend-test] [           main] c.p.b.service.AuthenticationService      : Recovery key validation for user pnPpHwBhTYRQR@example.com: FAILED
2025-12-18T17:18:02.633+01:00  INFO 3272 --- [password-manager-backend-test] [           main] c.p.b.service.AuthenticationService      : Attempting to register new user with email: DfWZcogxto@example.com
2025-12-18T17:18:02.692+01:00  INFO 3272 --- [password-manager-backend-test] [           main] c.p.b.service.AuthenticationService      : Successfully registered new user with ID: dd38d620-a7ce-493b-b8a4-2c233b78e2e4 and email: DfWZcogxto@example.com
2025-12-18T17:18:02.753+01:00  INFO 3272 --- [password-manager-backend-test] [           main] c.p.b.service.AuthenticationService      : Recovery key validation for user DfWZcogxto@example.com: SUCCESS
2025-12-18T17:18:02.812+01:00  INFO 3272 --- [password-manager-backend-test] [           main] c.p.b.service.AuthenticationService      : Recovery key validation for user DfWZcogxto@example.com: FAILED
2025-12-18T17:18:02.874+01:00  INFO 3272 --- [password-manager-backend-test] [           main] c.p.b.service.AuthenticationService      : Attempting to register new user with email: QVQmLvwJYIWrq@example.com
2025-12-18T17:18:02.933+01:00  INFO 3272 --- [password-manager-backend-test] [           main] c.p.b.service.AuthenticationService      : Successfully registered new user with ID: c10c372a-daae-4883-a779-3f52fd82160d and email: QVQmLvwJYIWrq@example.com
2025-12-18T17:18:02.990+01:00  INFO 3272 --- [password-manager-backend-test] [           main] c.p.b.service.AuthenticationService      : Recovery key validation for user QVQmLvwJYIWrq@example.com: SUCCESS
2025-12-18T17:18:03.050+01:00  INFO 3272 --- [password-manager-backend-test] [           main] c.p.b.service.AuthenticationService      : Recovery key validation for user QVQmLvwJYIWrq@example.com: FAILED
2025-12-18T17:18:03.110+01:00  INFO 3272 --- [password-manager-backend-test] [           main] c.p.b.service.AuthenticationService      : Attempting to register new user with email: RoqruexLKYeqD@example.com
2025-12-18T17:18:03.168+01:00  INFO 3272 --- [password-manager-backend-test] [           main] c.p.b.service.AuthenticationService      : Successfully registered new user with ID: 33fa76ea-2887-4c9c-b3f7-581ad90b231b and email: RoqruexLKYeqD@example.com
2025-12-18T17:18:03.227+01:00  INFO 3272 --- [password-manager-backend-test] [           main] c.p.b.service.AuthenticationService      : Recovery key validation for user RoqruexLKYeqD@example.com: SUCCESS
2025-12-18T17:18:03.288+01:00  INFO 3272 --- [password-manager-backend-test] [           main] c.p.b.service.AuthenticationService      : Recovery key validation for user RoqruexLKYeqD@example.com: FAILED
2025-12-18T17:18:03.349+01:00  INFO 3272 --- [password-manager-backend-test] [           main] c.p.b.service.AuthenticationService      : Attempting to register new user with email: WQApRIMZaflARc@example.com
2025-12-18T17:18:03.410+01:00  INFO 3272 --- [password-manager-backend-test] [           main] c.p.b.service.AuthenticationService      : Successfully registered new user with ID: 85f87b4b-e404-4214-ad6f-31d4a9c7e69a and email: WQApRIMZaflARc@example.com
2025-12-18T17:18:03.471+01:00  INFO 3272 --- [password-manager-backend-test] [           main] c.p.b.service.AuthenticationService      : Recovery key validation for user WQApRIMZaflARc@example.com: SUCCESS
2025-12-18T17:18:03.532+01:00  INFO 3272 --- [password-manager-backend-test] [           main] c.p.b.service.AuthenticationService      : Recovery key validation for user WQApRIMZaflARc@example.com: FAILED
2025-12-18T17:18:03.594+01:00  INFO 3272 --- [password-manager-backend-test] [           main] c.p.b.service.AuthenticationService      : Attempting to register new user with email: QbrUbYcGNOwsFna@example.com
2025-12-18T17:18:03.655+01:00  INFO 3272 --- [password-manager-backend-test] [           main] c.p.b.service.AuthenticationService      : Successfully registered new user with ID: 3f16d71e-ff4a-4cd0-ba79-5e5289906bc1 and email: QbrUbYcGNOwsFna@example.com
2025-12-18T17:18:03.715+01:00  INFO 3272 --- [password-manager-backend-test] [           main] c.p.b.service.AuthenticationService      : Recovery key validation for user QbrUbYcGNOwsFna@example.com: SUCCESS
2025-12-18T17:18:03.773+01:00  INFO 3272 --- [password-manager-backend-test] [           main] c.p.b.service.AuthenticationService      : Recovery key validation for user QbrUbYcGNOwsFna@example.com: FAILED
2025-12-18T17:18:03.835+01:00  INFO 3272 --- [password-manager-backend-test] [           main] c.p.b.service.AuthenticationService      : Attempting to register new user with email: AAoqquOaDo@example.com
2025-12-18T17:18:03.895+01:00  INFO 3272 --- [password-manager-backend-test] [           main] c.p.b.service.AuthenticationService      : Successfully registered new user with ID: 6d2ec3f6-29dd-463a-be72-67d0999a4b98 and email: AAoqquOaDo@example.com
2025-12-18T17:18:03.960+01:00  INFO 3272 --- [password-manager-backend-test] [           main] c.p.b.service.AuthenticationService      : Recovery key validation for user AAoqquOaDo@example.com: SUCCESS
2025-12-18T17:18:04.019+01:00  INFO 3272 --- [password-manager-backend-test] [           main] c.p.b.service.AuthenticationService      : Recovery key validation for user AAoqquOaDo@example.com: FAILED
2025-12-18T17:18:04.079+01:00  INFO 3272 --- [password-manager-backend-test] [           main] c.p.b.service.AuthenticationService      : Attempting to register new user with email: QORCAXSMdpwwjwD@example.com
2025-12-18T17:18:04.140+01:00  INFO 3272 --- [password-manager-backend-test] [           main] c.p.b.service.AuthenticationService      : Successfully registered new user with ID: daaa88b2-7c9f-49cf-b51a-fba13748b0a1 and email: QORCAXSMdpwwjwD@example.com
2025-12-18T17:18:04.198+01:00  INFO 3272 --- [password-manager-backend-test] [           main] c.p.b.service.AuthenticationService      : Recovery key validation for user QORCAXSMdpwwjwD@example.com: SUCCESS
2025-12-18T17:18:04.258+01:00  INFO 3272 --- [password-manager-backend-test] [           main] c.p.b.service.AuthenticationService      : Recovery key validation for user QORCAXSMdpwwjwD@example.com: FAILED
2025-12-18T17:18:04.318+01:00  INFO 3272 --- [password-manager-backend-test] [           main] c.p.b.service.AuthenticationService      : Attempting to register new user with email: aLWvPeIcHeYd@example.com
2025-12-18T17:18:04.374+01:00  INFO 3272 --- [password-manager-backend-test] [           main] c.p.b.service.AuthenticationService      : Successfully registered new user with ID: a6d04a56-ac1b-4e29-b644-febb903e5388 and email: aLWvPeIcHeYd@example.com
2025-12-18T17:18:04.433+01:00  INFO 3272 --- [password-manager-backend-test] [           main] c.p.b.service.AuthenticationService      : Recovery key validation for user aLWvPeIcHeYd@example.com: SUCCESS
2025-12-18T17:18:04.493+01:00  INFO 3272 --- [password-manager-backend-test] [           main] c.p.b.service.AuthenticationService      : Recovery key validation for user aLWvPeIcHeYd@example.com: FAILED
2025-12-18T17:18:04.554+01:00  INFO 3272 --- [password-manager-backend-test] [           main] c.p.b.service.AuthenticationService      : Attempting to register new user with email: gzpEZPnaJdFH@example.com
2025-12-18T17:18:04.615+01:00  INFO 3272 --- [password-manager-backend-test] [           main] c.p.b.service.AuthenticationService      : Successfully registered new user with ID: 127f2ed4-56c6-45e1-b3fe-71b40e3dd02b and email: gzpEZPnaJdFH@example.com
2025-12-18T17:18:04.674+01:00  INFO 3272 --- [password-manager-backend-test] [           main] c.p.b.service.AuthenticationService      : Recovery key validation for user gzpEZPnaJdFH@example.com: SUCCESS
2025-12-18T17:18:04.734+01:00  INFO 3272 --- [password-manager-backend-test] [           main] c.p.b.service.AuthenticationService      : Recovery key validation for user gzpEZPnaJdFH@example.com: FAILED
2025-12-18T17:18:04.796+01:00  INFO 3272 --- [password-manager-backend-test] [           main] c.p.b.service.AuthenticationService      : Attempting to register new user with email: QtbQrzCTneKavh@example.com
2025-12-18T17:18:04.857+01:00  INFO 3272 --- [password-manager-backend-test] [           main] c.p.b.service.AuthenticationService      : Successfully registered new user with ID: 42d30e7b-c936-4a4c-b0a1-610a6b6acbcb and email: QtbQrzCTneKavh@example.com
2025-12-18T17:18:04.917+01:00  INFO 3272 --- [password-manager-backend-test] [           main] c.p.b.service.AuthenticationService      : Recovery key validation for user QtbQrzCTneKavh@example.com: SUCCESS
2025-12-18T17:18:04.978+01:00  INFO 3272 --- [password-manager-backend-test] [           main] c.p.b.service.AuthenticationService      : Recovery key validation for user QtbQrzCTneKavh@example.com: FAILED
2025-12-18T17:18:05.039+01:00  INFO 3272 --- [password-manager-backend-test] [           main] c.p.b.service.AuthenticationService      : Attempting to register new user with email: vNHhTXPuisEiF@example.com
2025-12-18T17:18:05.100+01:00  INFO 3272 --- [password-manager-backend-test] [           main] c.p.b.service.AuthenticationService      : Successfully registered new user with ID: 4e2a935f-9e03-4bf4-b37b-fb7ca986b68d and email: vNHhTXPuisEiF@example.com
2025-12-18T17:18:05.160+01:00  INFO 3272 --- [password-manager-backend-test] [           main] c.p.b.service.AuthenticationService      : Recovery key validation for user vNHhTXPuisEiF@example.com: SUCCESS
2025-12-18T17:18:05.217+01:00  INFO 3272 --- [password-manager-backend-test] [           main] c.p.b.service.AuthenticationService      : Recovery key validation for user vNHhTXPuisEiF@example.com: FAILED
2025-12-18T17:18:05.279+01:00  INFO 3272 --- [password-manager-backend-test] [           main] c.p.b.service.AuthenticationService      : Attempting to register new user with email: vPxOuobnJXCJuxiHUdZy@example.com
2025-12-18T17:18:05.340+01:00  INFO 3272 --- [password-manager-backend-test] [           main] c.p.b.service.AuthenticationService      : Successfully registered new user with ID: 1bce2d54-f795-4c21-adea-56838f266517 and email: vPxOuobnJXCJuxiHUdZy@example.com
2025-12-18T17:18:05.400+01:00  INFO 3272 --- [password-manager-backend-test] [           main] c.p.b.service.AuthenticationService      : Recovery key validation for user vPxOuobnJXCJuxiHUdZy@example.com: SUCCESS
2025-12-18T17:18:05.458+01:00  INFO 3272 --- [password-manager-backend-test] [           main] c.p.b.service.AuthenticationService      : Recovery key validation for user vPxOuobnJXCJuxiHUdZy@example.com: FAILED
2025-12-18T17:18:05.517+01:00  INFO 3272 --- [password-manager-backend-test] [           main] c.p.b.service.AuthenticationService      : Attempting to register new user with email: gYRfRckaOTj@example.com
2025-12-18T17:18:05.575+01:00  INFO 3272 --- [password-manager-backend-test] [           main] c.p.b.service.AuthenticationService      : Successfully registered new user with ID: f8f1a664-f42d-4b4d-a415-667fe3489700 and email: gYRfRckaOTj@example.com
2025-12-18T17:18:05.636+01:00  INFO 3272 --- [password-manager-backend-test] [           main] c.p.b.service.AuthenticationService      : Recovery key validation for user gYRfRckaOTj@example.com: SUCCESS
2025-12-18T17:18:05.695+01:00  INFO 3272 --- [password-manager-backend-test] [           main] c.p.b.service.AuthenticationService      : Recovery key validation for user gYRfRckaOTj@example.com: FAILED
2025-12-18T17:18:05.754+01:00  INFO 3272 --- [password-manager-backend-test] [           main] c.p.b.service.AuthenticationService      : Attempting to register new user with email: chYUZgfW@example.com
2025-12-18T17:18:05.812+01:00  INFO 3272 --- [password-manager-backend-test] [           main] c.p.b.service.AuthenticationService      : Successfully registered new user with ID: e82f8b7c-e23a-4764-b7e5-6347f54e547e and email: chYUZgfW@example.com
2025-12-18T17:18:05.871+01:00  INFO 3272 --- [password-manager-backend-test] [           main] c.p.b.service.AuthenticationService      : Recovery key validation for user chYUZgfW@example.com: SUCCESS
[...]
2025-12-18T17:18:34.988+01:00 ERROR 3272 --- [password-manager-backend-test] [           main] c.passwordmanager.backend.util.JwtUtil   : Token validation failed: JWT expired 988 milliseconds ago at 2025-12-18T16:18:34.000Z. Current time: 2025-12-18T16:18:34.988Z. Allowed clock skew: 0 milliseconds.
2025-12-18T17:18:34.988+01:00 ERROR 3272 --- [password-manager-backend-test] [           main] c.passwordmanager.backend.util.JwtUtil   : JWT token is expired: JWT expired 988 milliseconds ago at 2025-12-18T16:18:34.000Z. Current time: 2025-12-18T16:18:34.988Z. Allowed clock skew: 0 milliseconds.
2025-12-18T17:18:34.988+01:00 ERROR 3272 --- [password-manager-backend-test] [           main] c.passwordmanager.backend.util.JwtUtil   : Failed to get token remaining time: JWT expired 988 milliseconds ago at 2025-12-18T16:18:34.000Z. Current time: 2025-12-18T16:18:34.988Z. Allowed clock skew: 0 milliseconds.
2025-12-18T17:18:35.162+01:00 ERROR 3272 --- [password-manager-backend-test] [           main] c.passwordmanager.backend.util.JwtUtil   : JWT token is expired: JWT expired 162 milliseconds ago at 2025-12-18T16:18:35.000Z. Current time: 2025-12-18T16:18:35.162Z. Allowed clock skew: 0 milliseconds.
2025-12-18T17:18:35.162+01:00 ERROR 3272 --- [password-manager-backend-test] [           main] c.passwordmanager.backend.util.JwtUtil   : Token validation failed: JWT expired 162 milliseconds ago at 2025-12-18T16:18:35.000Z. Current time: 2025-12-18T16:18:35.162Z. Allowed clock skew: 0 milliseconds.
2025-12-18T17:18:35.162+01:00 ERROR 3272 --- [password-manager-backend-test] [           main] c.passwordmanager.backend.util.JwtUtil   : JWT token is expired: JWT expired 162 milliseconds ago at 2025-12-18T16:18:35.000Z. Current time: 2025-12-18T16:18:35.162Z. Allowed clock skew: 0 milliseconds.
2025-12-18T17:18:35.162+01:00 ERROR 3272 --- [password-manager-backend-test] [           main] c.passwordmanager.backend.util.JwtUtil   : Failed to get token remaining time: JWT expired 162 milliseconds ago at 2025-12-18T16:18:35.000Z. Current time: 2025-12-18T16:18:35.162Z. Allowed clock skew: 0 milliseconds.
2025-12-18T17:18:35.337+01:00 ERROR 3272 --- [password-manager-backend-test] [           main] c.passwordmanager.backend.util.JwtUtil   : JWT token is expired: JWT expired 336 milliseconds ago at 2025-12-18T16:18:35.000Z. Current time: 2025-12-18T16:18:35.336Z. Allowed clock skew: 0 milliseconds.
2025-12-18T17:18:35.337+01:00 ERROR 3272 --- [password-manager-backend-test] [           main] c.passwordmanager.backend.util.JwtUtil   : Token validation failed: JWT expired 336 milliseconds ago at 2025-12-18T16:18:35.000Z. Current time: 2025-12-18T16:18:35.336Z. Allowed clock skew: 0 milliseconds.
2025-12-18T17:18:35.338+01:00 ERROR 3272 --- [password-manager-backend-test] [           main] c.passwordmanager.backend.util.JwtUtil   : JWT token is expired: JWT expired 338 milliseconds ago at 2025-12-18T16:18:35.000Z. Current time: 2025-12-18T16:18:35.338Z. Allowed clock skew: 0 milliseconds.
2025-12-18T17:18:35.338+01:00 ERROR 3272 --- [password-manager-backend-test] [           main] c.passwordmanager.backend.util.JwtUtil   : Failed to get token remaining time: JWT expired 338 milliseconds ago at 2025-12-18T16:18:35.000Z. Current time: 2025-12-18T16:18:35.338Z. Allowed clock skew: 0 milliseconds.
2025-12-18T17:18:35.508+01:00 ERROR 3272 --- [password-manager-backend-test] [           main] c.passwordmanager.backend.util.JwtUtil   : JWT token is expired: JWT expired 508 milliseconds ago at 2025-12-18T16:18:35.000Z. Current time: 2025-12-18T16:18:35.508Z. Allowed clock skew: 0 milliseconds.
2025-12-18T17:18:35.508+01:00 ERROR 3272 --- [password-manager-backend-test] [           main] c.passwordmanager.backend.util.JwtUtil   : Token validation failed: JWT expired 508 milliseconds ago at 2025-12-18T16:18:35.000Z. Current time: 2025-12-18T16:18:35.508Z. Allowed clock skew: 0 milliseconds.
2025-12-18T17:18:35.508+01:00 ERROR 3272 --- [password-manager-backend-test] [           main] c.passwordmanager.backend.util.JwtUtil   : JWT token is expired: JWT expired 508 milliseconds ago at 2025-12-18T16:18:35.000Z. Current time: 2025-12-18T16:18:35.508Z. Allowed clock skew: 0 milliseconds.
2025-12-18T17:18:35.508+01:00 ERROR 3272 --- [password-manager-backend-test] [           main] c.passwordmanager.backend.util.JwtUtil   : Failed to get token remaining time: JWT expired 508 milliseconds ago at 2025-12-18T16:18:35.000Z. Current time: 2025-12-18T16:18:35.508Z. Allowed clock skew: 0 milliseconds.
2025-12-18T17:18:35.682+01:00 ERROR 3272 --- [password-manager-backend-test] [           main] c.passwordmanager.backend.util.JwtUtil   : JWT token is expired: JWT expired 682 milliseconds ago at 2025-12-18T16:18:35.000Z. Current time: 2025-12-18T16:18:35.682Z. Allowed clock skew: 0 milliseconds.
2025-12-18T17:18:35.682+01:00 ERROR 3272 --- [password-manager-backend-test] [           main] c.passwordmanager.backend.util.JwtUtil   : Token validation failed: JWT expired 682 milliseconds ago at 2025-12-18T16:18:35.000Z. Current time: 2025-12-18T16:18:35.682Z. Allowed clock skew: 0 milliseconds.
2025-12-18T17:18:35.682+01:00 ERROR 3272 --- [password-manager-backend-test] [           main] c.passwordmanager.backend.util.JwtUtil   : JWT token is expired: JWT expired 682 milliseconds ago at 2025-12-18T16:18:35.000Z. Current time: 2025-12-18T16:18:35.682Z. Allowed clock skew: 0 milliseconds.
2025-12-18T17:18:35.682+01:00 ERROR 3272 --- [password-manager-backend-test] [           main] c.passwordmanager.backend.util.JwtUtil   : Failed to get token remaining time: JWT expired 682 milliseconds ago at 2025-12-18T16:18:35.000Z. Current time: 2025-12-18T16:18:35.682Z. Allowed clock skew: 0 milliseconds.
2025-12-18T17:18:35.855+01:00 ERROR 3272 --- [password-manager-backend-test] [           main] c.passwordmanager.backend.util.JwtUtil   : JWT token is expired: JWT expired 855 milliseconds ago at 2025-12-18T16:18:35.000Z. Current time: 2025-12-18T16:18:35.855Z. Allowed clock skew: 0 milliseconds.
2025-12-18T17:18:35.855+01:00 ERROR 3272 --- [password-manager-backend-test] [           main] c.passwordmanager.backend.util.JwtUtil   : Token validation failed: JWT expired 855 milliseconds ago at 2025-12-18T16:18:35.000Z. Current time: 2025-12-18T16:18:35.855Z. Allowed clock skew: 0 milliseconds.
2025-12-18T17:18:35.855+01:00 ERROR 3272 --- [password-manager-backend-test] [           main] c.passwordmanager.backend.util.JwtUtil   : JWT token is expired: JWT expired 855 milliseconds ago at 2025-12-18T16:18:35.000Z. Current time: 2025-12-18T16:18:35.855Z. Allowed clock skew: 0 milliseconds.
2025-12-18T17:18:35.855+01:00 ERROR 3272 --- [password-manager-backend-test] [           main] c.passwordmanager.backend.util.JwtUtil   : Failed to get token remaining time: JWT expired 855 milliseconds ago at 2025-12-18T16:18:35.000Z. Current time: 2025-12-18T16:18:35.855Z. Allowed clock skew: 0 milliseconds.
2025-12-18T17:18:36.027+01:00 ERROR 3272 --- [password-manager-backend-test] [           main] c.passwordmanager.backend.util.JwtUtil   : JWT token is expired: JWT expired 1027 milliseconds ago at 2025-12-18T16:18:35.000Z. Current time: 2025-12-18T16:18:36.027Z. Allowed clock skew: 0 milliseconds.
2025-12-18T17:18:36.027+01:00 ERROR 3272 --- [password-manager-backend-test] [           main] c.passwordmanager.backend.util.JwtUtil   : Token validation failed: JWT expired 1027 milliseconds ago at 2025-12-18T16:18:35.000Z. Current time: 2025-12-18T16:18:36.027Z. Allowed clock skew: 0 milliseconds.
2025-12-18T17:18:36.028+01:00 ERROR 3272 --- [password-manager-backend-test] [           main] c.passwordmanager.backend.util.JwtUtil   : JWT token is expired: JWT expired 1028 milliseconds ago at 2025-12-18T16:18:35.000Z. Current time: 2025-12-18T16:18:36.028Z. Allowed clock skew: 0 milliseconds.
2025-12-18T17:18:36.028+01:00 ERROR 3272 --- [password-manager-backend-test] [           main] c.passwordmanager.backend.util.JwtUtil   : Failed to get token remaining time: JWT expired 1028 milliseconds ago at 2025-12-18T16:18:35.000Z. Current time: 2025-12-18T16:18:36.028Z. Allowed clock skew: 0 milliseconds.
2025-12-18T17:18:36.202+01:00 ERROR 3272 --- [password-manager-backend-test] [           main] c.passwordmanager.backend.util.JwtUtil   : JWT token is expired: JWT expired 202 milliseconds ago at 2025-12-18T16:18:36.000Z. Current time: 2025-12-18T16:18:36.202Z. Allowed clock skew: 0 milliseconds.
2025-12-18T17:18:36.202+01:00 ERROR 3272 --- [password-manager-backend-test] [           main] c.passwordmanager.backend.util.JwtUtil   : Token validation failed: JWT expired 202 milliseconds ago at 2025-12-18T16:18:36.000Z. Current time: 2025-12-18T16:18:36.202Z. Allowed clock skew: 0 milliseconds.
2025-12-18T17:18:36.203+01:00 ERROR 3272 --- [password-manager-backend-test] [           main] c.passwordmanager.backend.util.JwtUtil   : JWT token is expired: JWT expired 202 milliseconds ago at 2025-12-18T16:18:36.000Z. Current time: 2025-12-18T16:18:36.202Z. Allowed clock skew: 0 milliseconds.
2025-12-18T17:18:36.203+01:00 ERROR 3272 --- [password-manager-backend-test] [           main] c.passwordmanager.backend.util.JwtUtil   : Failed to get token remaining time: JWT expired 202 milliseconds ago at 2025-12-18T16:18:36.000Z. Current time: 2025-12-18T16:18:36.202Z. Allowed clock skew: 0 milliseconds.
2025-12-18T17:18:36.374+01:00 ERROR 3272 --- [password-manager-backend-test] [           main] c.passwordmanager.backend.util.JwtUtil   : JWT token is expired: JWT expired 374 milliseconds ago at 2025-12-18T16:18:36.000Z. Current time: 2025-12-18T16:18:36.374Z. Allowed clock skew: 0 milliseconds.
2025-12-18T17:18:36.374+01:00 ERROR 3272 --- [password-manager-backend-test] [           main] c.passwordmanager.backend.util.JwtUtil   : Token validation failed: JWT expired 374 milliseconds ago at 2025-12-18T16:18:36.000Z. Current time: 2025-12-18T16:18:36.374Z. Allowed clock skew: 0 milliseconds.
2025-12-18T17:18:36.374+01:00 ERROR 3272 --- [password-manager-backend-test] [           main] c.passwordmanager.backend.util.JwtUtil   : JWT token is expired: JWT expired 374 milliseconds ago at 2025-12-18T16:18:36.000Z. Current time: 2025-12-18T16:18:36.374Z. Allowed clock skew: 0 milliseconds.
2025-12-18T17:18:36.374+01:00 ERROR 3272 --- [password-manager-backend-test] [           main] c.passwordmanager.backend.util.JwtUtil   : Failed to get token remaining time: JWT expired 374 milliseconds ago at 2025-12-18T16:18:36.000Z. Current time: 2025-12-18T16:18:36.374Z. Allowed clock skew: 0 milliseconds.
2025-12-18T17:18:36.547+01:00 ERROR 3272 --- [password-manager-backend-test] [           main] c.passwordmanager.backend.util.JwtUtil   : JWT token is expired: JWT expired 547 milliseconds ago at 2025-12-18T16:18:36.000Z. Current time: 2025-12-18T16:18:36.547Z. Allowed clock skew: 0 milliseconds.
2025-12-18T17:18:36.548+01:00 ERROR 3272 --- [password-manager-backend-test] [           main] c.passwordmanager.backend.util.JwtUtil   : Token validation failed: JWT expired 547 milliseconds ago at 2025-12-18T16:18:36.000Z. Current time: 2025-12-18T16:18:36.547Z. Allowed clock skew: 0 milliseconds.
2025-12-18T17:18:36.549+01:00 ERROR 3272 --- [password-manager-backend-test] [           main] c.passwordmanager.backend.util.JwtUtil   : JWT token is expired: JWT expired 548 milliseconds ago at 2025-12-18T16:18:36.000Z. Current time: 2025-12-18T16:18:36.548Z. Allowed clock skew: 0 milliseconds.
2025-12-18T17:18:36.549+01:00 ERROR 3272 --- [password-manager-backend-test] [           main] c.passwordmanager.backend.util.JwtUtil   : Failed to get token remaining time: JWT expired 548 milliseconds ago at 2025-12-18T16:18:36.000Z. Current time: 2025-12-18T16:18:36.548Z. Allowed clock skew: 0 milliseconds.
2025-12-18T17:18:36.719+01:00 ERROR 3272 --- [password-manager-backend-test] [           main] c.passwordmanager.backend.util.JwtUtil   : JWT token is expired: JWT expired 719 milliseconds ago at 2025-12-18T16:18:36.000Z. Current time: 2025-12-18T16:18:36.719Z. Allowed clock skew: 0 milliseconds.
2025-12-18T17:18:36.719+01:00 ERROR 3272 --- [password-manager-backend-test] [           main] c.passwordmanager.backend.util.JwtUtil   : Token validation failed: JWT expired 719 milliseconds ago at 2025-12-18T16:18:36.000Z. Current time: 2025-12-18T16:18:36.719Z. Allowed clock skew: 0 milliseconds.
2025-12-18T17:18:36.719+01:00 ERROR 3272 --- [password-manager-backend-test] [           main] c.passwordmanager.backend.util.JwtUtil   : JWT token is expired: JWT expired 719 milliseconds ago at 2025-12-18T16:18:36.000Z. Current time: 2025-12-18T16:18:36.719Z. Allowed clock skew: 0 milliseconds.
2025-12-18T17:18:36.719+01:00 ERROR 3272 --- [password-manager-backend-test] [           main] c.passwordmanager.backend.util.JwtUtil   : Failed to get token remaining time: JWT expired 719 milliseconds ago at 2025-12-18T16:18:36.000Z. Current time: 2025-12-18T16:18:36.719Z. Allowed clock skew: 0 milliseconds.
2025-12-18T17:18:36.891+01:00 ERROR 3272 --- [password-manager-backend-test] [           main] c.passwordmanager.backend.util.JwtUtil   : JWT token is expired: JWT expired 891 milliseconds ago at 2025-12-18T16:18:36.000Z. Current time: 2025-12-18T16:18:36.891Z. Allowed clock skew: 0 milliseconds.
2025-12-18T17:18:36.891+01:00 ERROR 3272 --- [password-manager-backend-test] [           main] c.passwordmanager.backend.util.JwtUtil   : Token validation failed: JWT expired 891 milliseconds ago at 2025-12-18T16:18:36.000Z. Current time: 2025-12-18T16:18:36.891Z. Allowed clock skew: 0 milliseconds.
2025-12-18T17:18:36.891+01:00 ERROR 3272 --- [password-manager-backend-test] [           main] c.passwordmanager.backend.util.JwtUtil   : JWT token is expired: JWT expired 891 milliseconds ago at 2025-12-18T16:18:36.000Z. Current time: 2025-12-18T16:18:36.891Z. Allowed clock skew: 0 milliseconds.
2025-12-18T17:18:36.891+01:00 ERROR 3272 --- [password-manager-backend-test] [           main] c.passwordmanager.backend.util.JwtUtil   : Failed to get token remaining time: JWT expired 891 milliseconds ago at 2025-12-18T16:18:36.000Z. Current time: 2025-12-18T16:18:36.891Z. Allowed clock skew: 0 milliseconds.
2025-12-18T17:18:37.065+01:00 ERROR 3272 --- [password-manager-backend-test] [           main] c.passwordmanager.backend.util.JwtUtil   : JWT token is expired: JWT expired 65 milliseconds ago at 2025-12-18T16:18:37.000Z. Current time: 2025-12-18T16:18:37.065Z. Allowed clock skew: 0 milliseconds.
2025-12-18T17:18:37.065+01:00 ERROR 3272 --- [password-manager-backend-test] [           main] c.passwordmanager.backend.util.JwtUtil   : Token validation failed: JWT expired 65 milliseconds ago at 2025-12-18T16:18:37.000Z. Current time: 2025-12-18T16:18:37.065Z. Allowed clock skew: 0 milliseconds.
2025-12-18T17:18:37.066+01:00 ERROR 3272 --- [password-manager-backend-test] [           main] c.passwordmanager.backend.util.JwtUtil   : JWT token is expired: JWT expired 65 milliseconds ago at 2025-12-18T16:18:37.000Z. Current time: 2025-12-18T16:18:37.065Z. Allowed clock skew: 0 milliseconds.
2025-12-18T17:18:37.066+01:00 ERROR 3272 --- [password-manager-backend-test] [           main] c.passwordmanager.backend.util.JwtUtil   : Failed to get token remaining time: JWT expired 65 milliseconds ago at 2025-12-18T16:18:37.000Z. Current time: 2025-12-18T16:18:37.065Z. Allowed clock skew: 0 milliseconds.
2025-12-18T17:18:37.241+01:00 ERROR 3272 --- [password-manager-backend-test] [           main] c.passwordmanager.backend.util.JwtUtil   : JWT token is expired: JWT expired 241 milliseconds ago at 2025-12-18T16:18:37.000Z. Current time: 2025-12-18T16:18:37.241Z. Allowed clock skew: 0 milliseconds.
2025-12-18T17:18:37.241+01:00 ERROR 3272 --- [password-manager-backend-test] [           main] c.passwordmanager.backend.util.JwtUtil   : Token validation failed: JWT expired 241 milliseconds ago at 2025-12-18T16:18:37.000Z. Current time: 2025-12-18T16:18:37.241Z. Allowed clock skew: 0 milliseconds.
2025-12-18T17:18:37.241+01:00 ERROR 3272 --- [password-manager-backend-test] [           main] c.passwordmanager.backend.util.JwtUtil   : JWT token is expired: JWT expired 241 milliseconds ago at 2025-12-18T16:18:37.000Z. Current time: 2025-12-18T16:18:37.241Z. Allowed clock skew: 0 milliseconds.
2025-12-18T17:18:37.241+01:00 ERROR 3272 --- [password-manager-backend-test] [           main] c.passwordmanager.backend.util.JwtUtil   : Failed to get token remaining time: JWT expired 241 milliseconds ago at 2025-12-18T16:18:37.000Z. Current time: 2025-12-18T16:18:37.241Z. Allowed clock skew: 0 milliseconds.
2025-12-18T17:18:37.415+01:00 ERROR 3272 --- [password-manager-backend-test] [           main] c.passwordmanager.backend.util.JwtUtil   : JWT token is expired: JWT expired 414 milliseconds ago at 2025-12-18T16:18:37.000Z. Current time: 2025-12-18T16:18:37.414Z. Allowed clock skew: 0 milliseconds.
2025-12-18T17:18:37.415+01:00 ERROR 3272 --- [password-manager-backend-test] [           main] c.passwordmanager.backend.util.JwtUtil   : Token validation failed: JWT expired 414 milliseconds ago at 2025-12-18T16:18:37.000Z. Current time: 2025-12-18T16:18:37.414Z. Allowed clock skew: 0 milliseconds.
2025-12-18T17:18:37.416+01:00 ERROR 3272 --- [password-manager-backend-test] [           main] c.passwordmanager.backend.util.JwtUtil   : JWT token is expired: JWT expired 416 milliseconds ago at 2025-12-18T16:18:37.000Z. Current time: 2025-12-18T16:18:37.416Z. Allowed clock skew: 0 milliseconds.
2025-12-18T17:18:37.416+01:00 ERROR 3272 --- [password-manager-backend-test] [           main] c.passwordmanager.backend.util.JwtUtil   : Failed to get token remaining time: JWT expired 416 milliseconds ago at 2025-12-18T16:18:37.000Z. Current time: 2025-12-18T16:18:37.416Z. Allowed clock skew: 0 milliseconds.
2025-12-18T17:18:37.587+01:00 ERROR 3272 --- [password-manager-backend-test] [           main] c.passwordmanager.backend.util.JwtUtil   : JWT token is expired: JWT expired 587 milliseconds ago at 2025-12-18T16:18:37.000Z. Current time: 2025-12-18T16:18:37.587Z. Allowed clock skew: 0 milliseconds.
2025-12-18T17:18:37.587+01:00 ERROR 3272 --- [password-manager-backend-test] [           main] c.passwordmanager.backend.util.JwtUtil   : Token validation failed: JWT expired 587 milliseconds ago at 2025-12-18T16:18:37.000Z. Current time: 2025-12-18T16:18:37.587Z. Allowed clock skew: 0 milliseconds.
2025-12-18T17:18:37.587+01:00 ERROR 3272 --- [password-manager-backend-test] [           main] c.passwordmanager.backend.util.JwtUtil   : JWT token is expired: JWT expired 587 milliseconds ago at 2025-12-18T16:18:37.000Z. Current time: 2025-12-18T16:18:37.587Z. Allowed clock skew: 0 milliseconds.
2025-12-18T17:18:37.587+01:00 ERROR 3272 --- [password-manager-backend-test] [           main] c.passwordmanager.backend.util.JwtUtil   : Failed to get token remaining time: JWT expired 587 milliseconds ago at 2025-12-18T16:18:37.000Z. Current time: 2025-12-18T16:18:37.587Z. Allowed clock skew: 0 milliseconds.
timestamp = 2025-12-18T17:18:37.588016900, AuthenticationPropertyTest:sessionTimeoutEnforcement = 
                              |-----------------------jqwik-----------------------
tries = 100                   | # of calls to property
checks = 100                  | # of not rejected calls
generation = RANDOMIZED       | parameters are randomly generated
after-failure = SAMPLE_FIRST  | try previously failed sample, then previous seed
when-fixed-seed = ALLOW       | fixing the random seed is allowed
edge-cases#mode = MIXIN       | edge cases are mixed in
edge-cases#total = 16         | # of all combined edge cases
edge-cases#tried = 13         | # of edge cases tried in current run
seed = 1160964027883193489    | random seed to reproduce generated values


]]></system-out>
  </testcase>
</testsuite>