<?xml version="1.0" encoding="UTF-8"?>
<testsuite xmlns:xsi="http://www.w3.org/2001/XMLSchema-instance" xsi:noNamespaceSchemaLocation="https://maven.apache.org/surefire/maven-surefire-plugin/xsd/surefire-test-report-3.0.xsd" version="3.0" name="com.passwordmanager.backend.service.VaultPropertyTest" time="3.002" tests="3" errors="0" skipped="0" failures="0">
  <properties>
[...]
</properties>
  <testcase name="credentialFieldCompleteness" classname="com.passwordmanager.backend.service.VaultPropertyTest" time="2.294">
    <system-out><![CDATA[09:06:45.726 [main] INFO com.passwordmanager.backend.service.VaultService -- Created credential acb69b43-c7c8-493e-847d-495359bd3f3d for user: f6f275da-d9d6-473a-9532-a4f598d3a1fe
09:06:45.757 [main] INFO com.passwordmanager.backend.service.VaultService -- Created credential c551afef-1e82-4477-84a7-2b41b9be59a9 for user: 2caa4e8f-31f9-49b2-98a1-8e565f54809f
09:06:45.761 [main] INFO com.passwordmanager.backend.service.VaultService -- Created credential bf531967-c307-4abc-b185-ece221ad2065 for user: 7d0c2773-20ae-492a-9749-101555916f2a
09:06:45.769 [main] INFO com.passwordmanager.backend.service.VaultService -- Created credential fb15a1c4-cc94-4c1d-8c03-5111d1b4a11d for user: 2bf389f4-82e6-44f2-b5ab-6f908a00e35b
09:06:45.777 [main] INFO com.passwordmanager.backend.service.VaultService -- Created credential 52c25c92-7ea6-426d-ba1d-406d9d1edd64 for user: 3453aa8d-081c-40d0-9a9f-ff8b61a1398b
09:06:45.780 [main] INFO com.passwordmanager.backend.service.VaultService -- Created credential 9f3fe44a-0b0d-425d-907c-2114d0e5f67d for user: 7b44eed6-70c9-44d2-8367-bae3e2b423db
09:06:45.785 [main] INFO com.passwordmanager.backend.service.VaultService -- Created credential 066462fc-f1ae-4eed-a9b1-522b3f8a4173 for user: 8d3893df-ac6e-4707-bd24-7b4fc7ddb3d5
09:06:45.792 [main] INFO com.passwordmanager.backend.service.VaultService -- Created credential e5d4c298-4935-4257-9504-05be5052597f for user: cbad3bb6-b8e3-471a-a5dc-6a4d83591d2a
09:06:45.796 [main] INFO com.passwordmanager.backend.service.VaultService -- Created credential 1489b49b-32aa-498e-8dce-bbfcabc01d54 for user: b91f7c80-2edb-4f3b-b439-18921e8b6aee
09:06:45.801 [main] INFO com.passwordmanager.backend.service.VaultService -- Created credential 17374a66-8f05-4fd4-a5b7-a2eb733764b4 for user: 0a4d29fd-289c-4f68-b185-48e94dd634a5
09:06:45.803 [main] INFO com.passwordmanager.backend.service.VaultService -- Created credential fe84f3b9-ba6a-4b87-8d02-9c14e555f94a for user: 6fa102a9-708b-48d7-87d7-840063ed5c84
09:06:45.809 [main] INFO com.passwordmanager.backend.service.VaultService -- Created credential fb9b3d14-c70d-403a-865a-def2ccfe7013 for user: 3e19011b-8436-4fe8-9b39-c23a6cd84090
09:06:45.813 [main] INFO com.passwordmanager.backend.service.VaultService -- Created credential 32afd2fa-aa0d-40fa-947b-83e65b051893 for user: 57944acf-28a5-4744-8e12-7d4e6c4380e5
09:06:45.816 [main] INFO com.passwordmanager.backend.service.VaultService -- Created credential d7613384-4b01-4461-81b4-2756fe5786dd for user: e700b9e9-79b1-496b-964a-feaacaf34cc4
09:06:45.818 [main] INFO com.passwordmanager.backend.service.VaultService -- Created credential 57978429-9a63-43a2-b3a7-7f0ff5d13c41 for user: 1dafc8b2-d8f3-45b7-b900-331afe812f23
09:06:45.820 [main] INFO com.passwordmanager.backend.service.VaultService -- Created credential b986cfc3-0ff9-44ae-9502-5f4bcbc7f0ee for user: 51091fae-428d-45b5-a68d-92fc65664131
09:06:45.825 [main] INFO com.passwordmanager.backend.service.VaultService -- Created credential 7fbaaecf-fa66-404a-858b-1058e59584cc for user: 7242f6eb-0f92-427d-b1b7-1809df8a2f9e
09:06:45.829 [main] INFO com.passwordmanager.backend.service.VaultService -- Created credential 9efa238c-4fb1-4475-9bbd-1d55f07da6ba for user: b357d516-fc1a-4d8c-8b49-a82fdec47d39
09:06:45.831 [main] INFO com.passwordmanager.backend.service.VaultService -- Created credential b8ee2817-6b31-48e9-a4ca-2cc710ff034c for user: c1532ed8-e966-495e-99fe-c57d7adee843
09:06:45.833 [main] INFO com.passwordmanager.backend.service.VaultService -- Created credential 1dad96fc-06ba-414f-95ef-3126175ab38c for user: 216441ae-b433-4402-8892-76dd2c1c7f99
09:06:45.835 [main] INFO com.passwordmanager.backend.service.VaultService -- Created credential 90e299b2-70ac-4ef8-b00a-fa4c3d9a664e for user: aaff9ce0-4560-42dc-a2e1-481f869240e2
09:06:45.838 [main] INFO com.passwordmanager.backend.service.VaultService -- Created credential 391a029a-91ed-439b-950c-b1933feac790 for user: 96618457-6e99-4ba6-b0e8-4043c8dc37fa
09:06:45.843 [main] INFO com.passwordmanager.backend.service.VaultService -- Created credential 59e86519-c7d6-47d1-8ccf-4d7673d48e77 for user: 9330f603-3381-47f2-aad4-129c496fa3db
09:06:45.847 [main] INFO com.passwordmanager.backend.service.VaultService -- Created credential a03e2a9d-96c5-4649-868b-b97167a7807a for user: fe680a31-1e8e-48f2-a0bc-710890fd2b55
09:06:45.849 [main] INFO com.passwordmanager.backend.service.VaultService -- Created credential 6a59e142-90bc-467a-8ab4-91c11a89a81a for user: f1238e59-2052-40b1-964e-42ef81ad7ed3
09:06:45.851 [main] INFO com.passwordmanager.backend.service.VaultService -- Created credential a7dfe85b-fdbe-4b75-997e-3d9cad5084e4 for user: e5b6482c-d8dc-4ff7-a26b-870581054df4
09:06:45.852 [main] INFO com.passwordmanager.backend.service.VaultService -- Created credential c77208c8-4eb6-46f0-a621-a0d206092959 for user: 82b7fdc3-e4e3-4cf3-8f30-472bf7aae373
09:06:45.854 [main] INFO com.passwordmanager.backend.service.VaultService -- Created credential abfe3d5b-3f33-4426-813d-5214e25b07a6 for user: b960b96d-2b2c-47be-8445-1981191c9a1d
09:06:45.859 [main] INFO com.passwordmanager.backend.service.VaultService -- Created credential 3d7063c0-2d65-4ff0-bbba-380142e284b6 for user: 74fde7fb-e88d-4b54-b64b-123f27dbe367
09:06:45.861 [main] INFO com.passwordmanager.backend.service.VaultService -- Created credential d31a21f6-6569-43a4-9ccb-99cce7719a52 for user: ccf8c9b5-6aac-438f-b07d-ed807867dd2a
09:06:45.863 [main] INFO com.passwordmanager.backend.service.VaultService -- Created credential b56215dc-e077-4745-a37e-9aba2293fb65 for user: d905a80d-38ba-4449-b157-a25cd2082cfa
09:06:45.866 [main] INFO com.passwordmanager.backend.service.VaultService -- Created credential 94765076-61de-4e18-a379-307fd2c1b731 for user: 85a9253e-3691-4d35-a786-c60a87e76c26
09:06:45.868 [main] INFO com.passwordmanager.backend.service.VaultService -- Created credential 2d5c95ba-4859-48e9-abaa-14670d381cb6 for user: d04fea33-c7d0-48c5-bf80-70ff6770ac78
09:06:45.869 [main] INFO com.passwordmanager.backend.service.VaultService -- Created credential 05fcb13d-54be-4828-9944-f6cb47e22cae for user: 68c0e7f3-a041-4565-854f-a5e34569658b
09:06:45.872 [main] INFO com.passwordmanager.backend.service.VaultService -- Created credential f84cd8ba-72e5-4855-af93-f9bef0a52033 for user: 057e2d2d-7e46-4c32-a27a-f1f668a01454
09:06:45.875 [main] INFO com.passwordmanager.backend.service.VaultService -- Created credential b7270ee0-8753-48bf-95aa-3459800ff1c2 for user: 74769f36-e8b7-49ef-b09a-8bc56e2534c0
09:06:45.879 [main] INFO com.passwordmanager.backend.service.VaultService -- Created credential d5bb7457-e635-434b-b0bc-4454c469ce23 for user: 7d8e5b36-e714-43fc-826f-bebc48aeb637
09:06:45.883 [main] INFO com.passwordmanager.backend.service.VaultService -- Created credential 26741016-97d1-4776-a865-766aba950bbd for user: 9c46ba7d-74ca-48b5-b9df-7b7f11109743
09:06:45.889 [main] INFO com.passwordmanager.backend.service.VaultService -- Created credential 62408247-fdc0-4d59-8b42-896eb8d01225 for user: fc521fab-9461-4434-ac7a-a667e53a0380
09:06:45.894 [main] INFO com.passwordmanager.backend.service.VaultService -- Created credential a329bb00-9159-4957-bead-a9e2f0ae5a18 for user: 36f6189c-b864-4812-baec-cf7f9c808d53
09:06:45.898 [main] INFO com.passwordmanager.backend.service.VaultService -- Created credential 47cd5517-8d48-4143-a51a-4e33d624feec for user: 62953560-506f-4168-a3cd-e9c50c9ae02e
09:06:45.900 [main] INFO com.passwordmanager.backend.service.VaultService -- Created credential 4e102d30-ee0c-4dd5-a969-47a6947bf4a8 for user: 7e01124e-ec3e-4504-95de-916329272b85
09:06:45.902 [main] INFO com.passwordmanager.backend.service.VaultService -- Created credential 8fa9dede-cf0c-4e5b-a58e-ce5ef1927e2b for user: 7254124f-33fe-48a6-86dc-9174ec155afb
09:06:45.905 [main] INFO com.passwordmanager.backend.service.VaultService -- Created credential ba8cf253-3725-4b14-aa52-f26e116afcc8 for user: d78dc587-6436-45dc-8b64-4e716b4467c8
09:06:45.908 [main] INFO com.passwordmanager.backend.service.VaultService -- Created credential b4797de9-a08f-4917-b342-969536009762 for user: 7b0717fb-d3fc-4a4a-a5c8-0e69466651d0
09:06:45.911 [main] INFO com.passwordmanager.backend.service.VaultService -- Created credential 366d06e9-6bd4-47ae-8849-144c5006924a for user: 3ecce573-abe8-4ea9-a58a-20726d6b8e18
09:06:45.913 [main] INFO com.passwordmanager.backend.service.VaultService -- Created credential ad0b4446-920f-4711-b11f-22de7c92fbcb for user: 8ed313a7-e267-4761-a943-7012e53e631f
09:06:45.915 [main] INFO com.passwordmanager.backend.service.VaultService -- Created credential 38bd5c1e-a193-40c6-a2c7-a7a08dfa72a6 for user: 1dc194ea-22a7-43bb-bd4b-c4928a68d862
09:06:45.917 [main] INFO com.passwordmanager.backend.service.VaultService -- Created credential 6761fb25-10ba-452b-8c88-f801d9d3f5a5 for user: 43c81859-7d1e-477f-af42-8a8b91da074d
09:06:45.918 [main] INFO com.passwordmanager.backend.service.VaultService -- Created credential c2f576b6-8b59-472b-8e61-ccdc6bb6c1fc for user: 10592333-9560-4a9e-86b7-01350c3b23c7
09:06:45.920 [main] INFO com.passwordmanager.backend.service.VaultService -- Created credential 35bba219-4c3f-49be-b642-5a23fbbc8f6c for user: b7d29a2a-be4f-47e4-bcfa-102391683183
09:06:45.923 [main] INFO com.passwordmanager.backend.service.VaultService -- Created credential ac4d731d-f5a8-4151-8da5-2bf392459f94 for user: 8653a3f3-abb5-4345-8243-d643e96e1b41
09:06:45.926 [main] INFO com.passwordmanager.backend.service.VaultService -- Created credential b698ef2b-4e46-4ea8-b664-154edb57057b for user: 94e48b28-4820-41e8-a851-e49c539276b4
09:06:45.929 [main] INFO com.passwordmanager.backend.service.VaultService -- Created credential 708aee88-ec91-44df-b5ba-eff48a0e131f for user: 42ffbf69-2f1b-468a-9e47-0cdbd3c2c9e4
09:06:45.931 [main] INFO com.passwordmanager.backend.service.VaultService -- Created credential de1473d9-96d4-454b-91b1-0fcd1a280c28 for user: 054f58dc-ff5b-4e5b-a197-78979a1f63e8
09:06:45.932 [main] INFO com.passwordmanager.backend.service.VaultService -- Created credential 3d7af96e-e06f-418d-b8fe-788041a4fe21 for user: 9521074d-87ff-4604-91ca-665ceb20cde3
09:06:45.934 [main] INFO com.passwordmanager.backend.service.VaultService -- Created credential f885100e-6bea-44ae-97e2-1e8b37e91093 for user: d011d8ee-0b8a-4508-b423-b2dfc4e72b7f
09:06:45.936 [main] INFO com.passwordmanager.backend.service.VaultService -- Created credential 3eebd20c-15ba-4f43-8d64-abacbd8c7e0a for user: fa58a6c9-32c4-41f3-afa3-833c5d66d4cd
09:06:45.937 [main] INFO com.passwordmanager.backend.service.VaultService -- Created credential abd5e9d4-a195-433c-b09f-931834b1a77a for user: a2aab18d-22df-4e29-b3c7-e3a67d30c358
09:06:45.941 [main] INFO com.passwordmanager.backend.service.VaultService -- Created credential 1e4a16f2-55fd-4e2b-93e0-d6467d460d90 for user: 2be2c71a-3d1f-43fa-afdd-bbe0e8e76a92
09:06:45.943 [main] INFO com.passwordmanager.backend.service.VaultService -- Created credential a2d3fe96-e6c4-4d0d-bcbe-3da1e7642468 for user: d0467b8d-9c12-4264-9afd-5016787cac28
09:06:45.945 [main] INFO com.passwordmanager.backend.service.VaultService -- Created credential e32776eb-baa7-4fb1-9805-49d7318917c7 for user: be1c2785-0b9f-433e-8ddc-9f0f52c8d057
09:06:45.947 [main] INFO com.passwordmanager.backend.service.VaultService -- Created credential d72b128d-e6c2-46a4-b72e-14881b65b861 for user: 51f73c22-bbeb-4571-a1e0-ac5493f315ba
09:06:45.948 [main] INFO com.passwordmanager.backend.service.VaultService -- Created credential c254e9cf-f7dd-42b3-990e-316098d2dca7 for user: 8b4946dd-fee3-45f9-bd4d-2f03a7c2d7a8
09:06:45.950 [main] INFO com.passwordmanager.backend.service.VaultService -- Created credential a83c77a1-ef16-4f48-8caa-64b6459e9ecf for user: 614ec0e6-801b-4a80-a619-c2b839b1c350
09:06:45.951 [main] INFO com.passwordmanager.backend.service.VaultService -- Created credential 1f0b9bee-5018-4fd8-9a7b-d9f65d84d85a for user: 4048f14a-9473-4ad4-bafe-7ff8f8716194
09:06:45.953 [main] INFO com.passwordmanager.backend.service.VaultService -- Created credential bbecc3f8-b6a6-4628-b92b-7fda78eeefb9 for user: ae25816e-ffca-439b-8af9-4e2044ee880d
09:06:45.958 [main] INFO com.passwordmanager.backend.service.VaultService -- Created credential d745554c-6dd4-4e31-9984-655d514378b7 for user: 0c9ecd94-6451-4806-a5c6-601fa1966665
09:06:45.961 [main] INFO com.passwordmanager.backend.service.VaultService -- Created credential 3257e3ce-87b1-4b2f-9a69-54713efc753b for user: f9ec21c0-4b65-41c2-8d9b-6d901067756e
09:06:45.963 [main] INFO com.passwordmanager.backend.service.VaultService -- Created credential 12e6e97e-d146-4e26-aa12-f7710b094b56 for user: eca3b26b-710b-41de-a7a8-fba14ea1b631
09:06:45.965 [main] INFO com.passwordmanager.backend.service.VaultService -- Created credential 913ed023-9566-4719-aeed-2c229beea3a3 for user: b592bfd6-1281-415d-a38e-1ea739d81898
09:06:45.966 [main] INFO com.passwordmanager.backend.service.VaultService -- Created credential 1f2aadf4-ff5d-491c-99df-dd57e17f69f6 for user: e93c8972-d7e9-44b6-8e28-d2c915f7ca6a
09:06:45.967 [main] INFO com.passwordmanager.backend.service.VaultService -- Created credential 2364465d-c5d7-4b6b-b5b0-a2ebabe8ffe5 for user: 4574635c-945c-4bc0-9cb6-ef15cc6d93df
09:06:45.969 [main] INFO com.passwordmanager.backend.service.VaultService -- Created credential ecec6c97-3f4c-468a-a523-24923de47c29 for user: b93042a9-d759-4388-9ce1-aeba356cbe3d
09:06:45.971 [main] INFO com.passwordmanager.backend.service.VaultService -- Created credential 3aef60d9-2bc4-4bda-81bf-9d4e70a9f910 for user: 663ca3d0-7da4-4cd5-8322-875f4c26fc1e
09:06:45.975 [main] INFO com.passwordmanager.backend.service.VaultService -- Created credential 10523e88-b9a3-4ca5-98ad-2eb3bfb4e8bd for user: 7ad19dea-3c8a-47e8-a9ce-a24ddd9a0c82
09:06:45.978 [main] INFO com.passwordmanager.backend.service.VaultService -- Created credential eecfc82c-4e01-4501-92a8-eae61050cbdc for user: ec86020d-e32d-4eb6-8525-68204497e220
09:06:45.979 [main] INFO com.passwordmanager.backend.service.VaultService -- Created credential e3b27747-9070-4643-bf6a-5d4cb1e2ec8a for user: 08ccaedc-de8f-45e1-948c-b39c1a136961
09:06:45.982 [main] INFO com.passwordmanager.backend.service.VaultService -- Created credential 519f73be-cf5c-44c6-afca-a2eb394944b4 for user: 6551c049-3a4b-4906-a2cf-c935c0b484ff
09:06:45.983 [main] INFO com.passwordmanager.backend.service.VaultService -- Created credential 74f84488-38c2-4779-ab71-60393838bc9f for user: 411d8626-2097-49af-89fb-83eaf8e60ea3
09:06:45.985 [main] INFO com.passwordmanager.backend.service.VaultService -- Created credential 13577988-f764-4512-a725-7e511b40fd0f for user: 5c1a72e2-7244-4f86-af3f-4043c9943ada
09:06:45.987 [main] INFO com.passwordmanager.backend.service.VaultService -- Created credential 9aee047a-e660-4102-85bd-8ad1c1561d25 for user: b7958b76-e510-4ea1-9333-7ce06af2899b
09:06:45.994 [main] INFO com.passwordmanager.backend.service.VaultService -- Created credential ced6ddda-506b-4ec2-9ef6-093882dd3caa for user: 3057c7cf-6e48-4d0f-a7c5-d8e40430b615
09:06:45.997 [main] INFO com.passwordmanager.backend.service.VaultService -- Created credential d2da641c-4f30-4805-8171-bef103bcd4ae for user: e04fdc3b-8c02-4cfe-94a1-3d56ba18e7dc
09:06:46.000 [main] INFO com.passwordmanager.backend.service.VaultService -- Created credential 39813317-9760-4122-8d1f-45e3c772171f for user: faa0ec23-db16-44c6-9dce-66cfae27a945
09:06:46.002 [main] INFO com.passwordmanager.backend.service.VaultService -- Created credential 79c22497-7b7c-4721-a670-1ca378164dc7 for user: 97440f7c-52b0-4e15-8190-7a8c6ab49786
09:06:46.004 [main] INFO com.passwordmanager.backend.service.VaultService -- Created credential ea7f0926-3752-4742-b3f4-3b11c6d9a571 for user: 2e4a77b1-ab45-402c-b317-811b612e6779
09:06:46.011 [main] INFO com.passwordmanager.backend.service.VaultService -- Created credential 9da496ec-b956-46d7-abbd-9ee292d09c49 for user: 608fe077-ffa3-4599-b26f-3b938315fe2e
09:06:46.015 [main] INFO com.passwordmanager.backend.service.VaultService -- Created credential 4d45e1a0-b91a-4b64-a111-84be2f7da265 for user: 05c0aae1-312c-466b-acf9-dd889cfc4433
09:06:46.018 [main] INFO com.passwordmanager.backend.service.VaultService -- Created credential b75dabcd-bb28-48c0-8a33-ee1fbc029f65 for user: 9b96efc0-571c-4ed2-a808-3dfa8228f6b4
09:06:46.019 [main] INFO com.passwordmanager.backend.service.VaultService -- Created credential e95fc001-e0f2-4658-a960-a53c25e8c259 for user: 9fe11d53-8ec3-4582-99b4-9666fd442e9e
09:06:46.021 [main] INFO com.passwordmanager.backend.service.VaultService -- Created credential 82cf859b-ff41-4b33-8649-9c4371f4f6d8 for user: 63312d2d-41b7-4328-b383-fd963cd5e6cf
09:06:46.023 [main] INFO com.passwordmanager.backend.service.VaultService -- Created credential 89d00628-11db-42ac-9b06-aa99695b6c02 for user: 8ddc26ae-3708-48fd-93f2-f0978cf5281f
09:06:46.028 [main] INFO com.passwordmanager.backend.service.VaultService -- Created credential 497810d6-f372-424c-928e-4d9cb029b146 for user: c2a2e74f-1c1e-450e-b427-e5353ed06f63
09:06:46.031 [main] INFO com.passwordmanager.backend.service.VaultService -- Created credential efe6781f-b7ba-4e8a-b778-b37fc599088d for user: a505ea99-07d7-4195-918b-8fea9068794b
09:06:46.033 [main] INFO com.passwordmanager.backend.service.VaultService -- Created credential ea6c5dec-c645-4df5-8478-174d1b44d4e9 for user: 9c8e6e26-4fc5-4dea-846e-0bb60b883e0c
09:06:46.035 [main] INFO com.passwordmanager.backend.service.VaultService -- Created credential 57d97893-de54-413d-b199-a85d0ba71f4b for user: fd9a95c1-c609-4b38-a344-bfe0d7edf2e5
09:06:46.036 [main] INFO com.passwordmanager.backend.service.VaultService -- Created credential ecbded6e-3f0a-4f2d-b7f0-974e2bc57496 for user: c583748b-c20d-4b20-8f46-428f133fad09
09:06:46.038 [main] INFO com.passwordmanager.backend.service.VaultService -- Created credential bfd29d2f-dcc9-4aae-9459-b91278ef979a for user: ee6ebdbc-fcd6-44aa-923a-f623ecd131eb
09:06:46.044 [main] INFO com.passwordmanager.backend.service.VaultService -- Created credential fb56656e-9a3d-4e8e-8be7-cde8bc0d9580 for user: d9e546ed-3e39-4bf5-ade9-4f2308587f85
timestamp = 2025-12-19T09:06:46.086199200, VaultPropertyTest:credentialFieldCompleteness = 
                              |-----------------------jqwik-----------------------
tries = 100                   | # of calls to property
checks = 100                  | # of not rejected calls
generation = RANDOMIZED       | parameters are randomly generated
after-failure = SAMPLE_FIRST  | try previously failed sample, then previous seed
when-fixed-seed = ALLOW       | fixing the random seed is allowed
edge-cases#mode = MIXIN       | edge cases are mixed in
edge-cases#total = 8          | # of all combined edge cases
edge-cases#tried = 6          | # of edge cases tried in current run
seed = -7766822428610919583   | random seed to reproduce generated values


]]></system-out>
    <system-err><![CDATA[WARNING: A Java agent has been loaded dynamically (C:\Users\doriane\.m2\repository\net\bytebuddy\byte-buddy-agent\1.14.10\byte-buddy-agent-1.14.10.jar)
WARNING: If a serviceability tool is in use, please run with -XX:+EnableDynamicAgentLoading to hide this warning
WARNING: If a serviceability tool is not in use, please run with -Djdk.instrument.traceUsage for more information
WARNING: Dynamic loading of agents will be disallowed by default in a future release
]]></system-err>
  </testcase>
  <testcase name="versionHistoryOnUpdates" classname="com.passwordmanager.backend.service.VaultPropertyTest" time="0.265">
    <system-out><![CDATA[09:06:46.111 [main] INFO com.passwordmanager.backend.service.VaultService -- Updated credential c167b069-65fa-4300-8c42-730aba734944 for user: 27c8aa2c-35af-479e-a6f4-4f196fe2e8e3 (version 1 -> 2)
09:06:46.115 [main] WARN com.passwordmanager.backend.service.VaultService -- Version conflict for credential c167b069-65fa-4300-8c42-730aba734944: expected 2, got 1
09:06:46.119 [main] INFO com.passwordmanager.backend.service.VaultService -- Updated credential a91b5db3-a0c1-40a9-af20-230ad2d09c8c for user: 1dba66a3-68b2-41f7-9a22-010f6a719a8f (version 1 -> 2)
09:06:46.120 [main] WARN com.passwordmanager.backend.service.VaultService -- Version conflict for credential a91b5db3-a0c1-40a9-af20-230ad2d09c8c: expected 2, got 1
09:06:46.122 [main] INFO com.passwordmanager.backend.service.VaultService -- Updated credential eca35cd9-f678-4ace-a313-b11908c41335 for user: badb9c9c-40ea-4922-b799-6d3c595f432f (version 1 -> 2)
09:06:46.123 [main] WARN com.passwordmanager.backend.service.VaultService -- Version conflict for credential eca35cd9-f678-4ace-a313-b11908c41335: expected 2, got 1
09:06:46.128 [main] INFO com.passwordmanager.backend.service.VaultService -- Updated credential 97bdbb16-51e5-49f9-9971-f65428edb8b0 for user: 9fdc8744-f98b-4b23-8ccf-43c882e48eec (version 1 -> 2)
09:06:46.129 [main] WARN com.passwordmanager.backend.service.VaultService -- Version conflict for credential 97bdbb16-51e5-49f9-9971-f65428edb8b0: expected 2, got 1
09:06:46.130 [main] INFO com.passwordmanager.backend.service.VaultService -- Updated credential e55e2c6d-aa69-4605-82aa-0234cc5efb21 for user: 24eafc21-2c6b-4e90-8c72-41db60753b54 (version 1 -> 2)
09:06:46.130 [main] WARN com.passwordmanager.backend.service.VaultService -- Version conflict for credential e55e2c6d-aa69-4605-82aa-0234cc5efb21: expected 2, got 1
09:06:46.132 [main] INFO com.passwordmanager.backend.service.VaultService -- Updated credential e8ba4f54-75e6-4aeb-9198-d646f4e6574d for user: 67a7e302-4ad9-4c94-8587-31cbfd966c95 (version 1 -> 2)
09:06:46.133 [main] WARN com.passwordmanager.backend.service.VaultService -- Version conflict for credential e8ba4f54-75e6-4aeb-9198-d646f4e6574d: expected 2, got 1
09:06:46.134 [main] INFO com.passwordmanager.backend.service.VaultService -- Updated credential 84ae7713-4c62-407c-b9d8-4d3bada09cf8 for user: aca7917b-c98a-43f7-9531-566fd5a8e097 (version 1 -> 2)
09:06:46.135 [main] WARN com.passwordmanager.backend.service.VaultService -- Version conflict for credential 84ae7713-4c62-407c-b9d8-4d3bada09cf8: expected 2, got 1
09:06:46.136 [main] INFO com.passwordmanager.backend.service.VaultService -- Updated credential bdc26133-f3b7-4b04-a4cd-9c4c6da59b1c for user: 6b763322-895d-40ee-852f-2520a835f280 (version 1 -> 2)
09:06:46.136 [main] WARN com.passwordmanager.backend.service.VaultService -- Version conflict for credential bdc26133-f3b7-4b04-a4cd-9c4c6da59b1c: expected 2, got 1
09:06:46.138 [main] INFO com.passwordmanager.backend.service.VaultService -- Updated credential bef13f4a-16a8-49e6-bde8-60738cc75165 for user: c2480e9b-509a-4fbe-8e5f-c87f80c2375f (version 1 -> 2)
09:06:46.138 [main] WARN com.passwordmanager.backend.service.VaultService -- Version conflict for credential bef13f4a-16a8-49e6-bde8-60738cc75165: expected 2, got 1
09:06:46.141 [main] INFO com.passwordmanager.backend.service.VaultService -- Updated credential cf165f65-4dd2-4654-9ec2-a662d17ab1d8 for user: 65c08853-603c-44ae-b40b-15b4ae6ed1f6 (version 1 -> 2)
09:06:46.142 [main] WARN com.passwordmanager.backend.service.VaultService -- Version conflict for credential cf165f65-4dd2-4654-9ec2-a662d17ab1d8: expected 2, got 1
09:06:46.144 [main] INFO com.passwordmanager.backend.service.VaultService -- Updated credential b9505007-36bd-4719-94f4-a7e2d1db9cde for user: f58672f3-003c-453e-8136-a85a40fea294 (version 1 -> 2)
09:06:46.144 [main] WARN com.passwordmanager.backend.service.VaultService -- Version conflict for credential b9505007-36bd-4719-94f4-a7e2d1db9cde: expected 2, got 1
09:06:46.146 [main] INFO com.passwordmanager.backend.service.VaultService -- Updated credential a28c6530-8c39-4eec-b27c-b11b5a325d8c for user: 7e4416bd-b1ee-46ac-947b-54613f46535c (version 1 -> 2)
09:06:46.147 [main] WARN com.passwordmanager.backend.service.VaultService -- Version conflict for credential a28c6530-8c39-4eec-b27c-b11b5a325d8c: expected 2, got 1
09:06:46.149 [main] INFO com.passwordmanager.backend.service.VaultService -- Updated credential 921bce7d-4a89-4450-927b-7dad7fa2fcb9 for user: 17df7156-2e6b-49e6-b27d-7fd062e217f8 (version 1 -> 2)
09:06:46.149 [main] WARN com.passwordmanager.backend.service.VaultService -- Version conflict for credential 921bce7d-4a89-4450-927b-7dad7fa2fcb9: expected 2, got 1
09:06:46.151 [main] INFO com.passwordmanager.backend.service.VaultService -- Updated credential 4d21508b-7bea-4b73-81ff-30b521ee298c for user: 873b0bc0-7da7-4be7-81cf-537b673ab9d3 (version 1 -> 2)
09:06:46.151 [main] WARN com.passwordmanager.backend.service.VaultService -- Version conflict for credential 4d21508b-7bea-4b73-81ff-30b521ee298c: expected 2, got 1
09:06:46.152 [main] INFO com.passwordmanager.backend.service.VaultService -- Updated credential 8094485a-0389-4c0d-b45f-0ee8581ccf16 for user: b9d78858-9f61-45bc-a85a-a2f3b06f54d4 (version 1 -> 2)
09:06:46.153 [main] WARN com.passwordmanager.backend.service.VaultService -- Version conflict for credential 8094485a-0389-4c0d-b45f-0ee8581ccf16: expected 2, got 1
09:06:46.154 [main] INFO com.passwordmanager.backend.service.VaultService -- Updated credential ca56f543-9844-4532-ad61-eb2a2bbfc976 for user: 6cda12f7-35ba-4488-ac50-b9372d8bbbfe (version 1 -> 2)
09:06:46.155 [main] WARN com.passwordmanager.backend.service.VaultService -- Version conflict for credential ca56f543-9844-4532-ad61-eb2a2bbfc976: expected 2, got 1
09:06:46.159 [main] INFO com.passwordmanager.backend.service.VaultService -- Updated credential 6a4a4f18-b881-4689-90ef-09a5e574d70c for user: 3d1c5c9f-2ee1-421e-a287-aedac2898cf9 (version 1 -> 2)
09:06:46.160 [main] WARN com.passwordmanager.backend.service.VaultService -- Version conflict for credential 6a4a4f18-b881-4689-90ef-09a5e574d70c: expected 2, got 1
09:06:46.163 [main] INFO com.passwordmanager.backend.service.VaultService -- Updated credential c8f8d562-3eb9-481d-97fb-ebc85b5e210c for user: 480e9dcd-25e4-4e6a-b34f-323ffbbf1aaa (version 1 -> 2)
09:06:46.163 [main] WARN com.passwordmanager.backend.service.VaultService -- Version conflict for credential c8f8d562-3eb9-481d-97fb-ebc85b5e210c: expected 2, got 1
09:06:46.165 [main] INFO com.passwordmanager.backend.service.VaultService -- Updated credential a19e66a8-2696-4243-9c6e-75305e744506 for user: e084dfa7-f41c-41e2-b8d7-98c947223c56 (version 1 -> 2)
09:06:46.165 [main] WARN com.passwordmanager.backend.service.VaultService -- Version conflict for credential a19e66a8-2696-4243-9c6e-75305e744506: expected 2, got 1
09:06:46.167 [main] INFO com.passwordmanager.backend.service.VaultService -- Updated credential e0f04738-0a5e-4b3a-bf35-d21007a0d2e8 for user: 37185073-de26-4e56-bc82-bd6583ae8c49 (version 1 -> 2)
09:06:46.167 [main] WARN com.passwordmanager.backend.service.VaultService -- Version conflict for credential e0f04738-0a5e-4b3a-bf35-d21007a0d2e8: expected 2, got 1
09:06:46.168 [main] INFO com.passwordmanager.backend.service.VaultService -- Updated credential e2e2241b-6597-4a26-8f4c-b525850e7cbe for user: dec09c09-ccf9-4721-b04f-8703c76d6b3f (version 1 -> 2)
09:06:46.168 [main] WARN com.passwordmanager.backend.service.VaultService -- Version conflict for credential e2e2241b-6597-4a26-8f4c-b525850e7cbe: expected 2, got 1
09:06:46.170 [main] INFO com.passwordmanager.backend.service.VaultService -- Updated credential 2fbb99ff-e403-4bd5-84ac-a0a884de2869 for user: eae18dd0-39d0-4580-9e26-b1498a3261c3 (version 1 -> 2)
09:06:46.171 [main] WARN com.passwordmanager.backend.service.VaultService -- Version conflict for credential 2fbb99ff-e403-4bd5-84ac-a0a884de2869: expected 2, got 1
09:06:46.175 [main] INFO com.passwordmanager.backend.service.VaultService -- Updated credential f201a9e3-67ef-4f0a-be71-52cb3ec253f3 for user: 12b37600-0171-479c-869c-f2e0125eb1d5 (version 1 -> 2)
09:06:46.175 [main] WARN com.passwordmanager.backend.service.VaultService -- Version conflict for credential f201a9e3-67ef-4f0a-be71-52cb3ec253f3: expected 2, got 1
09:06:46.177 [main] INFO com.passwordmanager.backend.service.VaultService -- Updated credential 0d33abd1-559d-41db-9851-fa3e75117998 for user: 63407242-b34b-42bb-a6a2-2d3b51144db5 (version 1 -> 2)
09:06:46.177 [main] WARN com.passwordmanager.backend.service.VaultService -- Version conflict for credential 0d33abd1-559d-41db-9851-fa3e75117998: expected 2, got 1
09:06:46.180 [main] INFO com.passwordmanager.backend.service.VaultService -- Updated credential d59b3594-909f-42f2-8250-f4b1073fdc4d for user: a54b4c0d-1989-4dd6-aacf-1efebf25ad50 (version 1 -> 2)
09:06:46.180 [main] WARN com.passwordmanager.backend.service.VaultService -- Version conflict for credential d59b3594-909f-42f2-8250-f4b1073fdc4d: expected 2, got 1
09:06:46.181 [main] INFO com.passwordmanager.backend.service.VaultService -- Updated credential 9502ea42-33e6-46a5-849b-31e8d42f6203 for user: 20b50548-ccf2-409a-9aba-5ba4dc89d455 (version 1 -> 2)
09:06:46.181 [main] WARN com.passwordmanager.backend.service.VaultService -- Version conflict for credential 9502ea42-33e6-46a5-849b-31e8d42f6203: expected 2, got 1
09:06:46.182 [main] INFO com.passwordmanager.backend.service.VaultService -- Updated credential a8aeec94-a295-4925-9a81-7074503232e3 for user: 57250f40-7977-4631-9132-574ad3c2821a (version 1 -> 2)
09:06:46.183 [main] WARN com.passwordmanager.backend.service.VaultService -- Version conflict for credential a8aeec94-a295-4925-9a81-7074503232e3: expected 2, got 1
09:06:46.184 [main] INFO com.passwordmanager.backend.service.VaultService -- Updated credential acc899d5-7ddd-4a3e-9dba-76fbb1448e49 for user: ae85aeea-f23b-4994-96fb-c560b7e43e4f (version 1 -> 2)
09:06:46.185 [main] WARN com.passwordmanager.backend.service.VaultService -- Version conflict for credential acc899d5-7ddd-4a3e-9dba-76fbb1448e49: expected 2, got 1
09:06:46.186 [main] INFO com.passwordmanager.backend.service.VaultService -- Updated credential 062e188d-8d9b-4a11-9921-1b84bc4571d2 for user: 7fc3bed3-beef-47df-a54f-f2f2ce01fc50 (version 1 -> 2)
09:06:46.186 [main] WARN com.passwordmanager.backend.service.VaultService -- Version conflict for credential 062e188d-8d9b-4a11-9921-1b84bc4571d2: expected 2, got 1
09:06:46.190 [main] INFO com.passwordmanager.backend.service.VaultService -- Updated credential 29660fee-5ff3-44ab-8d89-986eb543246d for user: 567fdd04-4ea4-4e08-a32f-a36b5c379978 (version 1 -> 2)
09:06:46.191 [main] WARN com.passwordmanager.backend.service.VaultService -- Version conflict for credential 29660fee-5ff3-44ab-8d89-986eb543246d: expected 2, got 1
09:06:46.193 [main] INFO com.passwordmanager.backend.service.VaultService -- Updated credential 5837709e-96f4-4858-ad8a-e44ce130ce0d for user: 58c5155d-7a6c-4595-bbec-653e2706e7de (version 1 -> 2)
09:06:46.194 [main] WARN com.passwordmanager.backend.service.VaultService -- Version conflict for credential 5837709e-96f4-4858-ad8a-e44ce130ce0d: expected 2, got 1
09:06:46.195 [main] INFO com.passwordmanager.backend.service.VaultService -- Updated credential adaecf33-1c05-415a-b062-9feb393fdfaa for user: b129e411-6aab-446d-bd33-c58bb3b4c086 (version 1 -> 2)
09:06:46.195 [main] WARN com.passwordmanager.backend.service.VaultService -- Version conflict for credential adaecf33-1c05-415a-b062-9feb393fdfaa: expected 2, got 1
09:06:46.196 [main] INFO com.passwordmanager.backend.service.VaultService -- Updated credential bcf68cee-946a-4d2d-80b3-f2f98b8a7ee6 for user: dc7404f1-cae2-44f8-8661-884773e558ea (version 1 -> 2)
09:06:46.197 [main] WARN com.passwordmanager.backend.service.VaultService -- Version conflict for credential bcf68cee-946a-4d2d-80b3-f2f98b8a7ee6: expected 2, got 1
09:06:46.198 [main] INFO com.passwordmanager.backend.service.VaultService -- Updated credential 18fbac86-a153-4c8c-ae7f-b6ec28c2ce44 for user: c3c91e11-8d90-474e-ab45-a62edcee2f1f (version 1 -> 2)
09:06:46.199 [main] WARN com.passwordmanager.backend.service.VaultService -- Version conflict for credential 18fbac86-a153-4c8c-ae7f-b6ec28c2ce44: expected 2, got 1
09:06:46.200 [main] INFO com.passwordmanager.backend.service.VaultService -- Updated credential ddc1e8ab-8e74-4881-8ff2-c1ae9a423cc7 for user: e662223d-511b-453d-b484-b854fee75a6a (version 1 -> 2)
09:06:46.200 [main] WARN com.passwordmanager.backend.service.VaultService -- Version conflict for credential ddc1e8ab-8e74-4881-8ff2-c1ae9a423cc7: expected 2, got 1
09:06:46.202 [main] INFO com.passwordmanager.backend.service.VaultService -- Updated credential 2e21e3f0-aa5c-4e62-bd4e-e34f5a5c1117 for user: 8f81a5c3-ccb2-4420-9cab-74a3aad25705 (version 1 -> 2)
09:06:46.202 [main] WARN com.passwordmanager.backend.service.VaultService -- Version conflict for credential 2e21e3f0-aa5c-4e62-bd4e-e34f5a5c1117: expected 2, got 1
09:06:46.203 [main] INFO com.passwordmanager.backend.service.VaultService -- Updated credential 81e4c399-3920-48ce-b6df-05564166285d for user: 19b72691-2b28-4a22-9eca-f3267b358807 (version 1 -> 2)
09:06:46.204 [main] WARN com.passwordmanager.backend.service.VaultService -- Version conflict for credential 81e4c399-3920-48ce-b6df-05564166285d: expected 2, got 1
09:06:46.208 [main] INFO com.passwordmanager.backend.service.VaultService -- Updated credential 961b660a-fa43-4e74-9422-b6a876f1c26b for user: 4bd959e3-a21c-493f-babf-39af08677c6c (version 1 -> 2)
09:06:46.209 [main] WARN com.passwordmanager.backend.service.VaultService -- Version conflict for credential 961b660a-fa43-4e74-9422-b6a876f1c26b: expected 2, got 1
09:06:46.216 [main] INFO com.passwordmanager.backend.service.VaultService -- Updated credential 88bb91b0-aa19-4b76-9138-d50085720201 for user: dbd76f83-3af6-408f-9637-4779db6d7080 (version 1 -> 2)
09:06:46.216 [main] WARN com.passwordmanager.backend.service.VaultService -- Version conflict for credential 88bb91b0-aa19-4b76-9138-d50085720201: expected 2, got 1
09:06:46.218 [main] INFO com.passwordmanager.backend.service.VaultService -- Updated credential 81cd57a0-f492-4f76-a375-14cb7f44c066 for user: 6f830157-290e-4645-8bb9-8fbb9cc013b1 (version 1 -> 2)
09:06:46.219 [main] WARN com.passwordmanager.backend.service.VaultService -- Version conflict for credential 81cd57a0-f492-4f76-a375-14cb7f44c066: expected 2, got 1
09:06:46.225 [main] INFO com.passwordmanager.backend.service.VaultService -- Updated credential b3ac057e-a356-4dcc-9c92-44a11223d1bc for user: 954cf689-3d33-41a5-9d28-29aa8ffe2b17 (version 1 -> 2)
09:06:46.226 [main] WARN com.passwordmanager.backend.service.VaultService -- Version conflict for credential b3ac057e-a356-4dcc-9c92-44a11223d1bc: expected 2, got 1
09:06:46.228 [main] INFO com.passwordmanager.backend.service.VaultService -- Updated credential a2bc34bf-7e0e-4913-8ec7-f0a72db31a1f for user: 7687ffcc-b7d9-4f7b-9ae6-64dc27c5394f (version 1 -> 2)
09:06:46.229 [main] WARN com.passwordmanager.backend.service.VaultService -- Version conflict for credential a2bc34bf-7e0e-4913-8ec7-f0a72db31a1f: expected 2, got 1
09:06:46.231 [main] INFO com.passwordmanager.backend.service.VaultService -- Updated credential 6ab2aad9-d8c6-422f-ba52-e38f486d7f84 for user: 3731b0d5-e6a6-4f58-916b-8b84ad3b3e46 (version 1 -> 2)
09:06:46.231 [main] WARN com.passwordmanager.backend.service.VaultService -- Version conflict for credential 6ab2aad9-d8c6-422f-ba52-e38f486d7f84: expected 2, got 1
09:06:46.232 [main] INFO com.passwordmanager.backend.service.VaultService -- Updated credential 7c3d6fd5-1cc6-4b8f-8299-bc2777c50d04 for user: dc632d6b-358d-41d4-ba84-52b6640a6341 (version 1 -> 2)
09:06:46.232 [main] WARN com.passwordmanager.backend.service.VaultService -- Version conflict for credential 7c3d6fd5-1cc6-4b8f-8299-bc2777c50d04: expected 2, got 1
09:06:46.233 [main] INFO com.passwordmanager.backend.service.VaultService -- Updated credential 878b7282-c314-4f6e-9bb0-0ac3a9c5960e for user: 5422a670-d060-42ba-a8c6-32c7b266686b (version 1 -> 2)
09:06:46.233 [main] WARN com.passwordmanager.backend.service.VaultService -- Version conflict for credential 878b7282-c314-4f6e-9bb0-0ac3a9c5960e: expected 2, got 1
09:06:46.234 [main] INFO com.passwordmanager.backend.service.VaultService -- Updated credential 5cea581c-afe8-4c6a-8194-e95e71b9616d for user: 6ced0cad-475c-4151-9aea-3e7917e128e4 (version 1 -> 2)
09:06:46.234 [main] WARN com.passwordmanager.backend.service.VaultService -- Version conflict for credential 5cea581c-afe8-4c6a-8194-e95e71b9616d: expected 2, got 1
09:06:46.236 [main] INFO com.passwordmanager.backend.service.VaultService -- Updated credential 7712aa3c-4c7f-4ece-b809-7c160a1115d1 for user: a967f70a-c733-4fe6-91dd-ddc6d964f913 (version 1 -> 2)
09:06:46.236 [main] WARN com.passwordmanager.backend.service.VaultService -- Version conflict for credential 7712aa3c-4c7f-4ece-b809-7c160a1115d1: expected 2, got 1
09:06:46.237 [main] INFO com.passwordmanager.backend.service.VaultService -- Updated credential d2e59399-a7a7-449b-9636-0e24ff150f2b for user: ac24cd6e-e79a-4a08-8316-466d0a2c7096 (version 1 -> 2)
09:06:46.238 [main] WARN com.passwordmanager.backend.service.VaultService -- Version conflict for credential d2e59399-a7a7-449b-9636-0e24ff150f2b: expected 2, got 1
09:06:46.243 [main] INFO com.passwordmanager.backend.service.VaultService -- Updated credential 4eee0d58-3bb1-463d-b5e2-14c3a86de032 for user: 220123ae-b4f2-4d15-ac82-ef7d9f4dc583 (version 1 -> 2)
09:06:46.244 [main] WARN com.passwordmanager.backend.service.VaultService -- Version conflict for credential 4eee0d58-3bb1-463d-b5e2-14c3a86de032: expected 2, got 1
09:06:46.246 [main] INFO com.passwordmanager.backend.service.VaultService -- Updated credential 374773d2-fade-4a34-910b-2258c7f3d93b for user: ad6e8895-2e5b-42f3-9a9b-28166fa10151 (version 1 -> 2)
09:06:46.246 [main] WARN com.passwordmanager.backend.service.VaultService -- Version conflict for credential 374773d2-fade-4a34-910b-2258c7f3d93b: expected 2, got 1
09:06:46.247 [main] INFO com.passwordmanager.backend.service.VaultService -- Updated credential d26bb94e-bfc9-4037-a3bd-7072148df2e5 for user: 9deae161-d0ef-49e5-852d-a605188f8f0e (version 1 -> 2)
09:06:46.247 [main] WARN com.passwordmanager.backend.service.VaultService -- Version conflict for credential d26bb94e-bfc9-4037-a3bd-7072148df2e5: expected 2, got 1
09:06:46.248 [main] INFO com.passwordmanager.backend.service.VaultService -- Updated credential eb0dfdf0-db3c-40f6-b7d3-d12a4ee5c95e for user: 8ee75451-7a17-4038-83b3-0f9303703894 (version 1 -> 2)
09:06:46.248 [main] WARN com.passwordmanager.backend.service.VaultService -- Version conflict for credential eb0dfdf0-db3c-40f6-b7d3-d12a4ee5c95e: expected 2, got 1
09:06:46.250 [main] INFO com.passwordmanager.backend.service.VaultService -- Updated credential 4018cd0d-65d2-4b94-873c-1ee36e98626f for user: 10817dc1-743e-4a90-9461-992707a03447 (version 1 -> 2)
09:06:46.250 [main] WARN com.passwordmanager.backend.service.VaultService -- Version conflict for credential 4018cd0d-65d2-4b94-873c-1ee36e98626f: expected 2, got 1
09:06:46.251 [main] INFO com.passwordmanager.backend.service.VaultService -- Updated credential 484b3905-38fe-4b76-af0a-4ed50272e34c for user: 42af7ef9-2345-40ed-9ecc-98946e72d047 (version 1 -> 2)
09:06:46.252 [main] WARN com.passwordmanager.backend.service.VaultService -- Version conflict for credential 484b3905-38fe-4b76-af0a-4ed50272e34c: expected 2, got 1
09:06:46.253 [main] INFO com.passwordmanager.backend.service.VaultService -- Updated credential 5e5a673b-a34b-470e-88fa-70b6e5e4bd43 for user: 94b5d34b-454e-4fa6-9aa9-0814c6e7f8cf (version 1 -> 2)
09:06:46.253 [main] WARN com.passwordmanager.backend.service.VaultService -- Version conflict for credential 5e5a673b-a34b-470e-88fa-70b6e5e4bd43: expected 2, got 1
09:06:46.254 [main] INFO com.passwordmanager.backend.service.VaultService -- Updated credential 8e76321e-a381-4aa4-8adb-f5e4221b7810 for user: 3667041e-3156-4b5b-9c52-a230d9136cc1 (version 1 -> 2)
09:06:46.254 [main] WARN com.passwordmanager.backend.service.VaultService -- Version conflict for credential 8e76321e-a381-4aa4-8adb-f5e4221b7810: expected 2, got 1
09:06:46.257 [main] INFO com.passwordmanager.backend.service.VaultService -- Updated credential 2f287389-0c87-484c-b8ed-20ad94f82544 for user: 6b9adb5a-ff93-4367-ad46-c5091b49a4f7 (version 1 -> 2)
09:06:46.258 [main] WARN com.passwordmanager.backend.service.VaultService -- Version conflict for credential 2f287389-0c87-484c-b8ed-20ad94f82544: expected 2, got 1
09:06:46.261 [main] INFO com.passwordmanager.backend.service.VaultService -- Updated credential b340ee3f-22a2-4f74-ab68-7f89ff7e807e for user: 49297602-7bb6-4cde-b646-6a55be4df2f9 (version 1 -> 2)
09:06:46.261 [main] WARN com.passwordmanager.backend.service.VaultService -- Version conflict for credential b340ee3f-22a2-4f74-ab68-7f89ff7e807e: expected 2, got 1
09:06:46.262 [main] INFO com.passwordmanager.backend.service.VaultService -- Updated credential 17b45a56-c490-471a-a8a2-ac7ddad5aaaf for user: 5f943722-6fc7-4b88-9eb9-22213cc086b4 (version 1 -> 2)
09:06:46.262 [main] WARN com.passwordmanager.backend.service.VaultService -- Version conflict for credential 17b45a56-c490-471a-a8a2-ac7ddad5aaaf: expected 2, got 1
09:06:46.264 [main] INFO com.passwordmanager.backend.service.VaultService -- Updated credential 962fdc01-1687-4697-a404-8683751feae2 for user: 1556dfef-651e-48b0-8c5b-5abf4534620f (version 1 -> 2)
09:06:46.265 [main] WARN com.passwordmanager.backend.service.VaultService -- Version conflict for credential 962fdc01-1687-4697-a404-8683751feae2: expected 2, got 1
09:06:46.266 [main] INFO com.passwordmanager.backend.service.VaultService -- Updated credential 354627d2-d288-4561-baab-029382b804d4 for user: 9a8331a4-48e5-443b-a067-d62c7cca96f6 (version 1 -> 2)
09:06:46.267 [main] WARN com.passwordmanager.backend.service.VaultService -- Version conflict for credential 354627d2-d288-4561-baab-029382b804d4: expected 2, got 1
09:06:46.268 [main] INFO com.passwordmanager.backend.service.VaultService -- Updated credential ca40c0df-c8d6-4c54-a5fd-4a3f54243cbc for user: b075a262-159d-442d-9630-0a8a18e780f0 (version 1 -> 2)
09:06:46.268 [main] WARN com.passwordmanager.backend.service.VaultService -- Version conflict for credential ca40c0df-c8d6-4c54-a5fd-4a3f54243cbc: expected 2, got 1
09:06:46.271 [main] INFO com.passwordmanager.backend.service.VaultService -- Updated credential 1a632267-029e-456f-9eb6-bbf79b2551bd for user: f15f0afc-45e4-4369-bf10-63da1dff6007 (version 1 -> 2)
09:06:46.271 [main] WARN com.passwordmanager.backend.service.VaultService -- Version conflict for credential 1a632267-029e-456f-9eb6-bbf79b2551bd: expected 2, got 1
09:06:46.276 [main] INFO com.passwordmanager.backend.service.VaultService -- Updated credential 90e86d80-9a2f-40da-855f-574701de8d4a for user: af0578b1-7e48-453e-a520-94fb589199b1 (version 1 -> 2)
09:06:46.277 [main] WARN com.passwordmanager.backend.service.VaultService -- Version conflict for credential 90e86d80-9a2f-40da-855f-574701de8d4a: expected 2, got 1
09:06:46.278 [main] INFO com.passwordmanager.backend.service.VaultService -- Updated credential 061b71a1-0282-45a0-b082-050c6b63eca2 for user: b922f5e7-040f-46c3-8280-e5cbe3fe22a4 (version 1 -> 2)
09:06:46.278 [main] WARN com.passwordmanager.backend.service.VaultService -- Version conflict for credential 061b71a1-0282-45a0-b082-050c6b63eca2: expected 2, got 1
09:06:46.279 [main] INFO com.passwordmanager.backend.service.VaultService -- Updated credential cf1709c8-4bdb-4f89-92c8-380a9e924726 for user: 7dae71b9-a12d-4fb5-907a-e76abebade3a (version 1 -> 2)
09:06:46.280 [main] WARN com.passwordmanager.backend.service.VaultService -- Version conflict for credential cf1709c8-4bdb-4f89-92c8-380a9e924726: expected 2, got 1
09:06:46.281 [main] INFO com.passwordmanager.backend.service.VaultService -- Updated credential 60478b6b-fe85-41a9-adbe-11f303da05fd for user: 20195870-5255-4740-9f6d-0301b7779dfc (version 1 -> 2)
09:06:46.281 [main] WARN com.passwordmanager.backend.service.VaultService -- Version conflict for credential 60478b6b-fe85-41a9-adbe-11f303da05fd: expected 2, got 1
09:06:46.282 [main] INFO com.passwordmanager.backend.service.VaultService -- Updated credential 2c25e778-01b9-47a2-8692-1196506e93c7 for user: e7d0f8cd-9da3-4877-8fa9-553502719a8a (version 1 -> 2)
09:06:46.283 [main] WARN com.passwordmanager.backend.service.VaultService -- Version conflict for credential 2c25e778-01b9-47a2-8692-1196506e93c7: expected 2, got 1
09:06:46.284 [main] INFO com.passwordmanager.backend.service.VaultService -- Updated credential d665c41a-4bf6-48f0-ab3f-d1a421bb787f for user: 4720664f-01f6-4e03-b52f-8a432d38605d (version 1 -> 2)
09:06:46.284 [main] WARN com.passwordmanager.backend.service.VaultService -- Version conflict for credential d665c41a-4bf6-48f0-ab3f-d1a421bb787f: expected 2, got 1
09:06:46.285 [main] INFO com.passwordmanager.backend.service.VaultService -- Updated credential c18f0d85-b162-47cb-b88b-66f15e0189fc for user: 0d188077-ba96-4e89-986d-97d415c68d02 (version 1 -> 2)
09:06:46.285 [main] WARN com.passwordmanager.backend.service.VaultService -- Version conflict for credential c18f0d85-b162-47cb-b88b-66f15e0189fc: expected 2, got 1
09:06:46.286 [main] INFO com.passwordmanager.backend.service.VaultService -- Updated credential 4fd26141-68af-4a77-bed7-c8507d612d4b for user: 1ac0b54f-7d94-451a-9b10-4f4be53a6d5e (version 1 -> 2)
09:06:46.286 [main] WARN com.passwordmanager.backend.service.VaultService -- Version conflict for credential 4fd26141-68af-4a77-bed7-c8507d612d4b: expected 2, got 1
09:06:46.289 [main] INFO com.passwordmanager.backend.service.VaultService -- Updated credential 152be762-4a4a-47fc-bc00-af2c01190922 for user: 8cf90347-54f2-4f6b-b58d-3770db9a9466 (version 1 -> 2)
09:06:46.290 [main] WARN com.passwordmanager.backend.service.VaultService -- Version conflict for credential 152be762-4a4a-47fc-bc00-af2c01190922: expected 2, got 1
09:06:46.294 [main] INFO com.passwordmanager.backend.service.VaultService -- Updated credential b94fcc8c-9aab-4793-ab98-e718a047b71f for user: bcdcb68a-e2dc-477f-b6c4-2fceaf1368f7 (version 1 -> 2)
09:06:46.295 [main] WARN com.passwordmanager.backend.service.VaultService -- Version conflict for credential b94fcc8c-9aab-4793-ab98-e718a047b71f: expected 2, got 1
09:06:46.298 [main] INFO com.passwordmanager.backend.service.VaultService -- Updated credential 417fda2f-9904-4225-b3e8-406303aa8d8b for user: ad038a3e-8e4f-45a3-be9e-6d8235041d40 (version 1 -> 2)
09:06:46.298 [main] WARN com.passwordmanager.backend.service.VaultService -- Version conflict for credential 417fda2f-9904-4225-b3e8-406303aa8d8b: expected 2, got 1
09:06:46.299 [main] INFO com.passwordmanager.backend.service.VaultService -- Updated credential 1897e63e-b82b-4cef-93d4-dd32690728a8 for user: 11d6fb88-d075-4f98-b2fe-f4bfc793e612 (version 1 -> 2)
09:06:46.299 [main] WARN com.passwordmanager.backend.service.VaultService -- Version conflict for credential 1897e63e-b82b-4cef-93d4-dd32690728a8: expected 2, got 1
09:06:46.300 [main] INFO com.passwordmanager.backend.service.VaultService -- Updated credential ad01a073-665e-4376-af73-59f0dbfec149 for user: 0ba622dd-c6b6-4b03-b2f1-bf729927cbf0 (version 1 -> 2)
09:06:46.301 [main] WARN com.passwordmanager.backend.service.VaultService -- Version conflict for credential ad01a073-665e-4376-af73-59f0dbfec149: expected 2, got 1
09:06:46.302 [main] INFO com.passwordmanager.backend.service.VaultService -- Updated credential bb79a67e-2cb7-4fbc-93ad-dcd1a7db2c3a for user: b9f74f62-193f-4f49-b193-7083244bed8c (version 1 -> 2)
09:06:46.302 [main] WARN com.passwordmanager.backend.service.VaultService -- Version conflict for credential bb79a67e-2cb7-4fbc-93ad-dcd1a7db2c3a: expected 2, got 1
09:06:46.303 [main] INFO com.passwordmanager.backend.service.VaultService -- Updated credential b028f456-3bf0-490d-9b6a-3f899b6b2b42 for user: b12173ef-a0ad-4477-bb3e-863263d596fc (version 1 -> 2)
09:06:46.304 [main] WARN com.passwordmanager.backend.service.VaultService -- Version conflict for credential b028f456-3bf0-490d-9b6a-3f899b6b2b42: expected 2, got 1
09:06:46.307 [main] INFO com.passwordmanager.backend.service.VaultService -- Updated credential b3cabca2-bef1-42f7-a6f7-5f23b9b0b015 for user: ae5bf828-712e-4b00-b51a-3f933dcf99cb (version 1 -> 2)
09:06:46.307 [main] WARN com.passwordmanager.backend.service.VaultService -- Version conflict for credential b3cabca2-bef1-42f7-a6f7-5f23b9b0b015: expected 2, got 1
09:06:46.310 [main] INFO com.passwordmanager.backend.service.VaultService -- Updated credential bb6ef7d0-715e-4ab5-ae9f-ed6d5002b3b5 for user: 05ca3bee-d87b-4b5b-bba3-3fabb0bb8f04 (version 1 -> 2)
09:06:46.311 [main] WARN com.passwordmanager.backend.service.VaultService -- Version conflict for credential bb6ef7d0-715e-4ab5-ae9f-ed6d5002b3b5: expected 2, got 1
09:06:46.313 [main] INFO com.passwordmanager.backend.service.VaultService -- Updated credential 04bb2a10-5519-45d0-85a6-475cb0ee4399 for user: e2b06b6b-a64b-4188-9864-dfb8fda8166f (version 1 -> 2)
09:06:46.313 [main] WARN com.passwordmanager.backend.service.VaultService -- Version conflict for credential 04bb2a10-5519-45d0-85a6-475cb0ee4399: expected 2, got 1
09:06:46.314 [main] INFO com.passwordmanager.backend.service.VaultService -- Updated credential 908f886b-56ce-40f9-8805-a905be466816 for user: 2812efeb-1f78-43c0-85b7-2d9815a215c8 (version 1 -> 2)
09:06:46.315 [main] WARN com.passwordmanager.backend.service.VaultService -- Version conflict for credential 908f886b-56ce-40f9-8805-a905be466816: expected 2, got 1
09:06:46.316 [main] INFO com.passwordmanager.backend.service.VaultService -- Updated credential 83d28b1d-6847-447f-901c-acc7102f097d for user: 2f69d796-7cb0-4b3a-b822-701e9cb59558 (version 1 -> 2)
09:06:46.316 [main] WARN com.passwordmanager.backend.service.VaultService -- Version conflict for credential 83d28b1d-6847-447f-901c-acc7102f097d: expected 2, got 1
09:06:46.317 [main] INFO com.passwordmanager.backend.service.VaultService -- Updated credential 9a562b69-bdd4-4177-b23d-2d17e902cd36 for user: 907e2e7e-d37e-4d56-a73b-9f5309d0daf4 (version 1 -> 2)
09:06:46.317 [main] WARN com.passwordmanager.backend.service.VaultService -- Version conflict for credential 9a562b69-bdd4-4177-b23d-2d17e902cd36: expected 2, got 1
09:06:46.318 [main] INFO com.passwordmanager.backend.service.VaultService -- Updated credential f63d16e7-fd15-45e0-8db0-32714f64b4c6 for user: fe189e4a-de82-4bdb-99d6-62453c08aa9a (version 1 -> 2)
09:06:46.318 [main] WARN com.passwordmanager.backend.service.VaultService -- Version conflict for credential f63d16e7-fd15-45e0-8db0-32714f64b4c6: expected 2, got 1
09:06:46.319 [main] INFO com.passwordmanager.backend.service.VaultService -- Updated credential 9665362f-cd89-4f01-9fe5-c5694b0f0f04 for user: e701ee81-c042-4f76-83d4-81bdae3d9413 (version 1 -> 2)
09:06:46.320 [main] WARN com.passwordmanager.backend.service.VaultService -- Version conflict for credential 9665362f-cd89-4f01-9fe5-c5694b0f0f04: expected 2, got 1
09:06:46.322 [main] INFO com.passwordmanager.backend.service.VaultService -- Updated credential 91067b20-bb4e-4114-9aab-d6a5f631435f for user: 5be58879-8139-4565-87af-363fb76c348c (version 1 -> 2)
09:06:46.323 [main] WARN com.passwordmanager.backend.service.VaultService -- Version conflict for credential 91067b20-bb4e-4114-9aab-d6a5f631435f: expected 2, got 1
09:06:46.326 [main] INFO com.passwordmanager.backend.service.VaultService -- Updated credential 3c26f233-b6c0-4d3a-8a99-f133ceaba208 for user: d13f87e4-af28-4e3f-8778-f782f049bd24 (version 1 -> 2)
09:06:46.327 [main] WARN com.passwordmanager.backend.service.VaultService -- Version conflict for credential 3c26f233-b6c0-4d3a-8a99-f133ceaba208: expected 2, got 1
09:06:46.328 [main] INFO com.passwordmanager.backend.service.VaultService -- Updated credential b69aa1bf-c608-4a09-8583-d015b56f59d9 for user: ca04e110-67ae-4dfa-99a0-45d6d0a44a14 (version 1 -> 2)
09:06:46.328 [main] WARN com.passwordmanager.backend.service.VaultService -- Version conflict for credential b69aa1bf-c608-4a09-8583-d015b56f59d9: expected 2, got 1
09:06:46.329 [main] INFO com.passwordmanager.backend.service.VaultService -- Updated credential 8dac7174-87d4-494a-ac61-29c306a236a2 for user: 34a76e02-3847-4082-b63e-9c48e11af6cc (version 1 -> 2)
09:06:46.329 [main] WARN com.passwordmanager.backend.service.VaultService -- Version conflict for credential 8dac7174-87d4-494a-ac61-29c306a236a2: expected 2, got 1
09:06:46.330 [main] INFO com.passwordmanager.backend.service.VaultService -- Updated credential 042b47f1-8841-4cf6-83ee-5d9909418418 for user: 5f30e38f-28f0-404c-85d8-4ef8ce550007 (version 1 -> 2)
09:06:46.330 [main] WARN com.passwordmanager.backend.service.VaultService -- Version conflict for credential 042b47f1-8841-4cf6-83ee-5d9909418418: expected 2, got 1
09:06:46.331 [main] INFO com.passwordmanager.backend.service.VaultService -- Updated credential 3f8d81eb-f898-4d9b-af78-4cc53832c178 for user: a94e310d-8432-4ac9-bc59-8b411a9d4964 (version 1 -> 2)
09:06:46.331 [main] WARN com.passwordmanager.backend.service.VaultService -- Version conflict for credential 3f8d81eb-f898-4d9b-af78-4cc53832c178: expected 2, got 1
09:06:46.333 [main] INFO com.passwordmanager.backend.service.VaultService -- Updated credential 34cdd3a0-ba63-4024-b10e-7ff70540581e for user: f46e695e-ddb3-4f80-908a-d792ee5dc42a (version 1 -> 2)
09:06:46.333 [main] WARN com.passwordmanager.backend.service.VaultService -- Version conflict for credential 34cdd3a0-ba63-4024-b10e-7ff70540581e: expected 2, got 1
09:06:46.334 [main] INFO com.passwordmanager.backend.service.VaultService -- Updated credential 1348e465-2f64-4c74-95af-aa7b2f4d29b3 for user: c603ab06-a7ca-4bbc-8690-197a126178cc (version 1 -> 2)
09:06:46.334 [main] WARN com.passwordmanager.backend.service.VaultService -- Version conflict for credential 1348e465-2f64-4c74-95af-aa7b2f4d29b3: expected 2, got 1
09:06:46.334 [main] INFO com.passwordmanager.backend.service.VaultService -- Updated credential ed7e62d4-d27b-4ce0-9038-4c2d0daa77a8 for user: ff02cd7f-c24a-4029-b2c5-6367b23ede8d (version 1 -> 2)
09:06:46.335 [main] WARN com.passwordmanager.backend.service.VaultService -- Version conflict for credential ed7e62d4-d27b-4ce0-9038-4c2d0daa77a8: expected 2, got 1
09:06:46.335 [main] INFO com.passwordmanager.backend.service.VaultService -- Updated credential 16d7528e-fe94-460f-9b12-b8c4bb0f2cfa for user: 840686c3-cbe6-4623-a0a7-65d3b2bcf60d (version 1 -> 2)
09:06:46.336 [main] WARN com.passwordmanager.backend.service.VaultService -- Version conflict for credential 16d7528e-fe94-460f-9b12-b8c4bb0f2cfa: expected 2, got 1
09:06:46.337 [main] INFO com.passwordmanager.backend.service.VaultService -- Updated credential 4464ef5d-2022-48a6-a649-0890ea758134 for user: 8d4626b0-0668-4892-8cca-e4a5f664d2a1 (version 1 -> 2)
09:06:46.337 [main] WARN com.passwordmanager.backend.service.VaultService -- Version conflict for credential 4464ef5d-2022-48a6-a649-0890ea758134: expected 2, got 1
09:06:46.352 [main] INFO com.passwordmanager.backend.service.VaultService -- Updated credential e44f1775-21b9-4336-a16d-83ff744b1e08 for user: 39a2258f-b936-4368-aaed-c8e1b61dbbd8 (version 1 -> 2)
09:06:46.352 [main] WARN com.passwordmanager.backend.service.VaultService -- Version conflict for credential e44f1775-21b9-4336-a16d-83ff744b1e08: expected 2, got 1
09:06:46.356 [main] INFO com.passwordmanager.backend.service.VaultService -- Updated credential 0f2e6bb8-1acc-4995-9be0-e68f7207f44e for user: 99bb615a-f160-45d9-81fc-f0c4a9c93430 (version 1 -> 2)
09:06:46.356 [main] WARN com.passwordmanager.backend.service.VaultService -- Version conflict for credential 0f2e6bb8-1acc-4995-9be0-e68f7207f44e: expected 2, got 1
09:06:46.358 [main] INFO com.passwordmanager.backend.service.VaultService -- Updated credential 984de2c5-360e-45d6-bfe9-86e7d0488713 for user: d0798c7c-4e9f-4535-a54a-27542dd80fc5 (version 1 -> 2)
09:06:46.358 [main] WARN com.passwordmanager.backend.service.VaultService -- Version conflict for credential 984de2c5-360e-45d6-bfe9-86e7d0488713: expected 2, got 1
timestamp = 2025-12-19T09:06:46.359941600, VaultPropertyTest:versionHistoryOnUpdates = 
                              |-----------------------jqwik-----------------------
tries = 100                   | # of calls to property
checks = 100                  | # of not rejected calls
generation = RANDOMIZED       | parameters are randomly generated
after-failure = SAMPLE_FIRST  | try previously failed sample, then previous seed
when-fixed-seed = ALLOW       | fixing the random seed is allowed
edge-cases#mode = MIXIN       | edge cases are mixed in
edge-cases#total = 64         | # of all combined edge cases
edge-cases#tried = 19         | # of edge cases tried in current run
seed = -1820806439401447266   | random seed to reproduce generated values


]]></system-out>
  </testcase>
  <testcase name="softDeleteToTrash" classname="com.passwordmanager.backend.service.VaultPropertyTest" time="0.417">
    <system-out><![CDATA[09:06:46.367 [main] INFO com.passwordmanager.backend.service.VaultService -- Soft deleted credential 46b464eb-814b-45d3-b7ee-583aff774fc7 for user: 231cb479-7e5b-497f-8d73-38a731f4efc4
09:06:46.370 [main] INFO com.passwordmanager.backend.service.VaultService -- Restored credential 46b464eb-814b-45d3-b7ee-583aff774fc7 for user: 231cb479-7e5b-497f-8d73-38a731f4efc4
09:06:46.373 [main] INFO com.passwordmanager.backend.service.VaultService -- Permanently deleted 1 expired credentials
09:06:46.378 [main] INFO com.passwordmanager.backend.service.VaultService -- Soft deleted credential 85cb5344-f48b-4a07-a959-ef6587f211ec for user: 4d4a4cb1-92ca-4e67-be28-aca6e3980d35
09:06:46.379 [main] INFO com.passwordmanager.backend.service.VaultService -- Restored credential 85cb5344-f48b-4a07-a959-ef6587f211ec for user: 4d4a4cb1-92ca-4e67-be28-aca6e3980d35
09:06:46.380 [main] INFO com.passwordmanager.backend.service.VaultService -- Permanently deleted 1 expired credentials
09:06:46.382 [main] INFO com.passwordmanager.backend.service.VaultService -- Soft deleted credential 9a8ab7f3-7b41-4e04-a968-8f4feaf93812 for user: c0f32049-abcf-4bfc-9964-033ac0bd5518
09:06:46.383 [main] INFO com.passwordmanager.backend.service.VaultService -- Restored credential 9a8ab7f3-7b41-4e04-a968-8f4feaf93812 for user: c0f32049-abcf-4bfc-9964-033ac0bd5518
09:06:46.384 [main] INFO com.passwordmanager.backend.service.VaultService -- Permanently deleted 1 expired credentials
09:06:46.385 [main] INFO com.passwordmanager.backend.service.VaultService -- Soft deleted credential f707a6b1-ad10-4a85-8b79-71364b3d38f1 for user: 1c65d525-bc0f-45bc-8c87-3e71bc5f85c1
09:06:46.386 [main] INFO com.passwordmanager.backend.service.VaultService -- Restored credential f707a6b1-ad10-4a85-8b79-71364b3d38f1 for user: 1c65d525-bc0f-45bc-8c87-3e71bc5f85c1
09:06:46.387 [main] INFO com.passwordmanager.backend.service.VaultService -- Permanently deleted 1 expired credentials
09:06:46.395 [main] INFO com.passwordmanager.backend.service.VaultService -- Soft deleted credential b01f471e-5ce8-45aa-b798-b5db6a634da7 for user: 4e1ce551-7ecd-4dcb-b4d3-1a7e15cd4955
09:06:46.397 [main] INFO com.passwordmanager.backend.service.VaultService -- Restored credential b01f471e-5ce8-45aa-b798-b5db6a634da7 for user: 4e1ce551-7ecd-4dcb-b4d3-1a7e15cd4955
09:06:46.397 [main] INFO com.passwordmanager.backend.service.VaultService -- Permanently deleted 1 expired credentials
09:06:46.398 [main] INFO com.passwordmanager.backend.service.VaultService -- Soft deleted credential 6a7f3f84-6ba4-44f1-9cb1-6b2dced3931c for user: 12fee03d-1b1b-4e25-b00a-49247bdb19ab
09:06:46.399 [main] INFO com.passwordmanager.backend.service.VaultService -- Restored credential 6a7f3f84-6ba4-44f1-9cb1-6b2dced3931c for user: 12fee03d-1b1b-4e25-b00a-49247bdb19ab
09:06:46.400 [main] INFO com.passwordmanager.backend.service.VaultService -- Permanently deleted 1 expired credentials
09:06:46.401 [main] INFO com.passwordmanager.backend.service.VaultService -- Soft deleted credential a84b70b5-f24a-421f-9d14-0892a7e5096a for user: fe202393-0fbf-4730-90ec-b0336b8c6c02
09:06:46.402 [main] INFO com.passwordmanager.backend.service.VaultService -- Restored credential a84b70b5-f24a-421f-9d14-0892a7e5096a for user: fe202393-0fbf-4730-90ec-b0336b8c6c02
09:06:46.403 [main] INFO com.passwordmanager.backend.service.VaultService -- Permanently deleted 1 expired credentials
09:06:46.404 [main] INFO com.passwordmanager.backend.service.VaultService -- Soft deleted credential fbd912bf-471d-48c5-92cd-452c7eea9b56 for user: 7a9bd674-4722-4ad4-ba27-2d7064e0010e
09:06:46.404 [main] INFO com.passwordmanager.backend.service.VaultService -- Restored credential fbd912bf-471d-48c5-92cd-452c7eea9b56 for user: 7a9bd674-4722-4ad4-ba27-2d7064e0010e
09:06:46.405 [main] INFO com.passwordmanager.backend.service.VaultService -- Permanently deleted 1 expired credentials
09:06:46.411 [main] INFO com.passwordmanager.backend.service.VaultService -- Soft deleted credential 562ebd83-8934-4b5e-82f8-fa24faf82741 for user: fffe3840-4101-4963-9f59-7deb42241c3a
09:06:46.412 [main] INFO com.passwordmanager.backend.service.VaultService -- Restored credential 562ebd83-8934-4b5e-82f8-fa24faf82741 for user: fffe3840-4101-4963-9f59-7deb42241c3a
09:06:46.413 [main] INFO com.passwordmanager.backend.service.VaultService -- Permanently deleted 1 expired credentials
09:06:46.415 [main] INFO com.passwordmanager.backend.service.VaultService -- Soft deleted credential 65508b3d-f6d3-41b6-b3d7-b8e53452e453 for user: bc11a788-0415-44b4-a3ea-c7e9dc8ddc84
09:06:46.416 [main] INFO com.passwordmanager.backend.service.VaultService -- Restored credential 65508b3d-f6d3-41b6-b3d7-b8e53452e453 for user: bc11a788-0415-44b4-a3ea-c7e9dc8ddc84
09:06:46.418 [main] INFO com.passwordmanager.backend.service.VaultService -- Permanently deleted 1 expired credentials
09:06:46.420 [main] INFO com.passwordmanager.backend.service.VaultService -- Soft deleted credential 5a8c1455-2bfc-4b49-9983-2eda1b0a8f86 for user: 396bfa4e-dab6-48ff-965a-86c89306b93b
09:06:46.425 [main] INFO com.passwordmanager.backend.service.VaultService -- Restored credential 5a8c1455-2bfc-4b49-9983-2eda1b0a8f86 for user: 396bfa4e-dab6-48ff-965a-86c89306b93b
09:06:46.428 [main] INFO com.passwordmanager.backend.service.VaultService -- Permanently deleted 1 expired credentials
09:06:46.430 [main] INFO com.passwordmanager.backend.service.VaultService -- Soft deleted credential cb536503-53d6-4b81-b6f3-c440bec9f0c9 for user: a9a0a6dc-b5a6-4db1-a40f-e4d07842fde9
09:06:46.431 [main] INFO com.passwordmanager.backend.service.VaultService -- Restored credential cb536503-53d6-4b81-b6f3-c440bec9f0c9 for user: a9a0a6dc-b5a6-4db1-a40f-e4d07842fde9
09:06:46.431 [main] INFO com.passwordmanager.backend.service.VaultService -- Permanently deleted 1 expired credentials
09:06:46.432 [main] INFO com.passwordmanager.backend.service.VaultService -- Soft deleted credential 3e4c4ea5-8711-4d74-ab86-651c971965de for user: 9296ff26-aa64-4aa2-b706-cc2218f82e5a
09:06:46.433 [main] INFO com.passwordmanager.backend.service.VaultService -- Restored credential 3e4c4ea5-8711-4d74-ab86-651c971965de for user: 9296ff26-aa64-4aa2-b706-cc2218f82e5a
09:06:46.433 [main] INFO com.passwordmanager.backend.service.VaultService -- Permanently deleted 1 expired credentials
09:06:46.435 [main] INFO com.passwordmanager.backend.service.VaultService -- Soft deleted credential 60475ac2-4071-4450-af32-290b1a0f7f7a for user: a7806f9b-447c-4ef5-ae8b-8378a75f8996
09:06:46.435 [main] INFO com.passwordmanager.backend.service.VaultService -- Restored credential 60475ac2-4071-4450-af32-290b1a0f7f7a for user: a7806f9b-447c-4ef5-ae8b-8378a75f8996
09:06:46.436 [main] INFO com.passwordmanager.backend.service.VaultService -- Permanently deleted 1 expired credentials
09:06:46.439 [main] INFO com.passwordmanager.backend.service.VaultService -- Soft deleted credential 77e17014-c37f-48b3-bfaf-fe9381b269d0 for user: 530d1ab3-0000-4785-ac68-84acdea3a759
09:06:46.440 [main] INFO com.passwordmanager.backend.service.VaultService -- Restored credential 77e17014-c37f-48b3-bfaf-fe9381b269d0 for user: 530d1ab3-0000-4785-ac68-84acdea3a759
09:06:46.443 [main] INFO com.passwordmanager.backend.service.VaultService -- Permanently deleted 1 expired credentials
09:06:46.447 [main] INFO com.passwordmanager.backend.service.VaultService -- Soft deleted credential f59b6c55-c374-427a-9bf4-639bd4e83243 for user: 2d707ef9-aa94-45a2-b52e-a4b3a228b0ef
09:06:46.448 [main] INFO com.passwordmanager.backend.service.VaultService -- Restored credential f59b6c55-c374-427a-9bf4-639bd4e83243 for user: 2d707ef9-aa94-45a2-b52e-a4b3a228b0ef
09:06:46.448 [main] INFO com.passwordmanager.backend.service.VaultService -- Permanently deleted 1 expired credentials
09:06:46.449 [main] INFO com.passwordmanager.backend.service.VaultService -- Soft deleted credential c3211258-db77-4166-b082-f20a65e651c3 for user: d0c3f8e2-fc7a-42da-8a34-dccc0ef012b0
09:06:46.450 [main] INFO com.passwordmanager.backend.service.VaultService -- Restored credential c3211258-db77-4166-b082-f20a65e651c3 for user: d0c3f8e2-fc7a-42da-8a34-dccc0ef012b0
09:06:46.450 [main] INFO com.passwordmanager.backend.service.VaultService -- Permanently deleted 1 expired credentials
09:06:46.451 [main] INFO com.passwordmanager.backend.service.VaultService -- Soft deleted credential e2055589-ca3a-414b-9856-4ad573e0b9fd for user: 623de41b-8756-4372-8132-bacad39c8bca
09:06:46.452 [main] INFO com.passwordmanager.backend.service.VaultService -- Restored credential e2055589-ca3a-414b-9856-4ad573e0b9fd for user: 623de41b-8756-4372-8132-bacad39c8bca
09:06:46.453 [main] INFO com.passwordmanager.backend.service.VaultService -- Permanently deleted 1 expired credentials
09:06:46.455 [main] INFO com.passwordmanager.backend.service.VaultService -- Soft deleted credential b07ebbf2-e7d9-425f-b6e6-b2c257834fe2 for user: 73195ca3-a05b-4239-bfdc-9bbfd36ba1c0
09:06:46.457 [main] INFO com.passwordmanager.backend.service.VaultService -- Restored credential b07ebbf2-e7d9-425f-b6e6-b2c257834fe2 for user: 73195ca3-a05b-4239-bfdc-9bbfd36ba1c0
09:06:46.459 [main] INFO com.passwordmanager.backend.service.VaultService -- Permanently deleted 1 expired credentials
09:06:46.462 [main] INFO com.passwordmanager.backend.service.VaultService -- Soft deleted credential bf680834-59b9-4edc-93d0-bdda18497c12 for user: 697805e9-66ca-4c45-962f-b2443e1b8f6a
09:06:46.463 [main] INFO com.passwordmanager.backend.service.VaultService -- Restored credential bf680834-59b9-4edc-93d0-bdda18497c12 for user: 697805e9-66ca-4c45-962f-b2443e1b8f6a
09:06:46.463 [main] INFO com.passwordmanager.backend.service.VaultService -- Permanently deleted 1 expired credentials
09:06:46.465 [main] INFO com.passwordmanager.backend.service.VaultService -- Soft deleted credential fa0d38ab-5dce-49db-b80c-ac181595da86 for user: 34318835-7d4a-446b-896b-a97a00b75706
09:06:46.466 [main] INFO com.passwordmanager.backend.service.VaultService -- Restored credential fa0d38ab-5dce-49db-b80c-ac181595da86 for user: 34318835-7d4a-446b-896b-a97a00b75706
09:06:46.466 [main] INFO com.passwordmanager.backend.service.VaultService -- Permanently deleted 1 expired credentials
09:06:46.468 [main] INFO com.passwordmanager.backend.service.VaultService -- Soft deleted credential a843fe74-740d-4808-9966-f2e044bab58d for user: a9e03810-2450-4e30-8383-1577e70cbd77
09:06:46.468 [main] INFO com.passwordmanager.backend.service.VaultService -- Restored credential a843fe74-740d-4808-9966-f2e044bab58d for user: a9e03810-2450-4e30-8383-1577e70cbd77
09:06:46.468 [main] INFO com.passwordmanager.backend.service.VaultService -- Permanently deleted 1 expired credentials
09:06:46.470 [main] INFO com.passwordmanager.backend.service.VaultService -- Soft deleted credential c09b7825-1224-448f-a684-07b4f6c2d205 for user: 4a02a7a0-3ed7-4c6c-aaff-edada6c73bde
09:06:46.470 [main] INFO com.passwordmanager.backend.service.VaultService -- Restored credential c09b7825-1224-448f-a684-07b4f6c2d205 for user: 4a02a7a0-3ed7-4c6c-aaff-edada6c73bde
09:06:46.473 [main] INFO com.passwordmanager.backend.service.VaultService -- Permanently deleted 1 expired credentials
09:06:46.477 [main] INFO com.passwordmanager.backend.service.VaultService -- Soft deleted credential 3ac5f248-1a87-4810-936f-140ef4bdcd3d for user: 37ed3754-0350-43ca-a89d-4be418abf947
09:06:46.478 [main] INFO com.passwordmanager.backend.service.VaultService -- Restored credential 3ac5f248-1a87-4810-936f-140ef4bdcd3d for user: 37ed3754-0350-43ca-a89d-4be418abf947
09:06:46.478 [main] INFO com.passwordmanager.backend.service.VaultService -- Permanently deleted 1 expired credentials
09:06:46.480 [main] INFO com.passwordmanager.backend.service.VaultService -- Soft deleted credential 583d62fc-a996-45b8-a225-6e463549624f for user: 2c7b9719-7f6b-4fed-8ca0-78b18f5181a2
09:06:46.482 [main] INFO com.passwordmanager.backend.service.VaultService -- Restored credential 583d62fc-a996-45b8-a225-6e463549624f for user: 2c7b9719-7f6b-4fed-8ca0-78b18f5181a2
09:06:46.483 [main] INFO com.passwordmanager.backend.service.VaultService -- Permanently deleted 1 expired credentials
09:06:46.484 [main] INFO com.passwordmanager.backend.service.VaultService -- Soft deleted credential 4bbd2047-e658-43cd-b740-c7bd26545c60 for user: c838a0f1-e746-473b-bb58-36bb808b008d
09:06:46.485 [main] INFO com.passwordmanager.backend.service.VaultService -- Restored credential 4bbd2047-e658-43cd-b740-c7bd26545c60 for user: c838a0f1-e746-473b-bb58-36bb808b008d
09:06:46.485 [main] INFO com.passwordmanager.backend.service.VaultService -- Permanently deleted 1 expired credentials
09:06:46.487 [main] INFO com.passwordmanager.backend.service.VaultService -- Soft deleted credential 44bf5dec-102e-4a46-8488-51261247b7bf for user: 7a73a46a-9753-490f-b6bf-cac9a7066cb4
09:06:46.487 [main] INFO com.passwordmanager.backend.service.VaultService -- Restored credential 44bf5dec-102e-4a46-8488-51261247b7bf for user: 7a73a46a-9753-490f-b6bf-cac9a7066cb4
09:06:46.487 [main] INFO com.passwordmanager.backend.service.VaultService -- Permanently deleted 1 expired credentials
09:06:46.489 [main] INFO com.passwordmanager.backend.service.VaultService -- Soft deleted credential 73e345b3-57e1-4fb4-9900-da01ea81955b for user: f599bd5d-a2e9-4e60-aa14-c7ae9e3d0bc5
09:06:46.492 [main] INFO com.passwordmanager.backend.service.VaultService -- Restored credential 73e345b3-57e1-4fb4-9900-da01ea81955b for user: f599bd5d-a2e9-4e60-aa14-c7ae9e3d0bc5
09:06:46.493 [main] INFO com.passwordmanager.backend.service.VaultService -- Permanently deleted 1 expired credentials
09:06:46.495 [main] INFO com.passwordmanager.backend.service.VaultService -- Soft deleted credential c337853d-c31f-4679-846b-b3a3dff9f48a for user: 4bfa758e-1f54-4db5-8951-1575bdaa5b6a
09:06:46.496 [main] INFO com.passwordmanager.backend.service.VaultService -- Restored credential c337853d-c31f-4679-846b-b3a3dff9f48a for user: 4bfa758e-1f54-4db5-8951-1575bdaa5b6a
09:06:46.496 [main] INFO com.passwordmanager.backend.service.VaultService -- Permanently deleted 1 expired credentials
09:06:46.498 [main] INFO com.passwordmanager.backend.service.VaultService -- Soft deleted credential 5032d94a-5a64-4786-a3fc-077c9038a15c for user: 5e32e726-58e7-4371-8e91-192302bd2799
09:06:46.499 [main] INFO com.passwordmanager.backend.service.VaultService -- Restored credential 5032d94a-5a64-4786-a3fc-077c9038a15c for user: 5e32e726-58e7-4371-8e91-192302bd2799
09:06:46.499 [main] INFO com.passwordmanager.backend.service.VaultService -- Permanently deleted 1 expired credentials
09:06:46.500 [main] INFO com.passwordmanager.backend.service.VaultService -- Soft deleted credential 4056a4db-b022-4be5-9ecf-ff56677f1816 for user: be954c0c-4711-4beb-8e32-d2d4bd12ce8c
09:06:46.501 [main] INFO com.passwordmanager.backend.service.VaultService -- Restored credential 4056a4db-b022-4be5-9ecf-ff56677f1816 for user: be954c0c-4711-4beb-8e32-d2d4bd12ce8c
09:06:46.501 [main] INFO com.passwordmanager.backend.service.VaultService -- Permanently deleted 1 expired credentials
09:06:46.503 [main] INFO com.passwordmanager.backend.service.VaultService -- Soft deleted credential e8d4c592-caec-4ccf-90be-82b2b968670f for user: 4c3b778d-93c7-4f8c-919a-80b7acb674bf
09:06:46.504 [main] INFO com.passwordmanager.backend.service.VaultService -- Restored credential e8d4c592-caec-4ccf-90be-82b2b968670f for user: 4c3b778d-93c7-4f8c-919a-80b7acb674bf
09:06:46.506 [main] INFO com.passwordmanager.backend.service.VaultService -- Permanently deleted 1 expired credentials
09:06:46.509 [main] INFO com.passwordmanager.backend.service.VaultService -- Soft deleted credential 99aed372-5e1b-4b61-af54-4606a9ed1e79 for user: c51f1aab-a194-45f1-b1f1-aa901a587009
09:06:46.511 [main] INFO com.passwordmanager.backend.service.VaultService -- Restored credential 99aed372-5e1b-4b61-af54-4606a9ed1e79 for user: c51f1aab-a194-45f1-b1f1-aa901a587009
09:06:46.511 [main] INFO com.passwordmanager.backend.service.VaultService -- Permanently deleted 1 expired credentials
09:06:46.513 [main] INFO com.passwordmanager.backend.service.VaultService -- Soft deleted credential b6106d25-ca0c-4641-8e77-21e0b1de3bce for user: b5791c84-05aa-46ac-8fda-ebd4db6ec57f
09:06:46.513 [main] INFO com.passwordmanager.backend.service.VaultService -- Restored credential b6106d25-ca0c-4641-8e77-21e0b1de3bce for user: b5791c84-05aa-46ac-8fda-ebd4db6ec57f
09:06:46.513 [main] INFO com.passwordmanager.backend.service.VaultService -- Permanently deleted 1 expired credentials
09:06:46.516 [main] INFO com.passwordmanager.backend.service.VaultService -- Soft deleted credential 7a10df6e-6b04-4c75-8b05-93c9a443dfdd for user: 8f2535ec-bcae-4026-ae28-eab9de0ab4e1
09:06:46.516 [main] INFO com.passwordmanager.backend.service.VaultService -- Restored credential 7a10df6e-6b04-4c75-8b05-93c9a443dfdd for user: 8f2535ec-bcae-4026-ae28-eab9de0ab4e1
09:06:46.517 [main] INFO com.passwordmanager.backend.service.VaultService -- Permanently deleted 1 expired credentials
09:06:46.519 [main] INFO com.passwordmanager.backend.service.VaultService -- Soft deleted credential 3caa9031-b688-4082-a6f7-97da9a61f040 for user: 5a661a3a-d86b-4b33-8c7e-b682900c7c5d
09:06:46.519 [main] INFO com.passwordmanager.backend.service.VaultService -- Restored credential 3caa9031-b688-4082-a6f7-97da9a61f040 for user: 5a661a3a-d86b-4b33-8c7e-b682900c7c5d
09:06:46.520 [main] INFO com.passwordmanager.backend.service.VaultService -- Permanently deleted 1 expired credentials
09:06:46.523 [main] INFO com.passwordmanager.backend.service.VaultService -- Soft deleted credential 56b6b7d1-8318-442d-aed2-d1668bf61da2 for user: da3083f0-6c5d-46bc-b091-a1ff3ab7847a
09:06:46.525 [main] INFO com.passwordmanager.backend.service.VaultService -- Restored credential 56b6b7d1-8318-442d-aed2-d1668bf61da2 for user: da3083f0-6c5d-46bc-b091-a1ff3ab7847a
09:06:46.526 [main] INFO com.passwordmanager.backend.service.VaultService -- Permanently deleted 1 expired credentials
09:06:46.528 [main] INFO com.passwordmanager.backend.service.VaultService -- Soft deleted credential aebe1ae3-0f97-4ee5-86d8-0cd8ac1f2ca9 for user: ba5a25f1-27fc-4c1b-ab2d-54a855e9e51f
09:06:46.529 [main] INFO com.passwordmanager.backend.service.VaultService -- Restored credential aebe1ae3-0f97-4ee5-86d8-0cd8ac1f2ca9 for user: ba5a25f1-27fc-4c1b-ab2d-54a855e9e51f
09:06:46.529 [main] INFO com.passwordmanager.backend.service.VaultService -- Permanently deleted 1 expired credentials
09:06:46.531 [main] INFO com.passwordmanager.backend.service.VaultService -- Soft deleted credential 5f073774-269f-434c-ad3e-e0fb2a37179b for user: 234d72b9-6802-4022-871a-db0346ccee8d
09:06:46.532 [main] INFO com.passwordmanager.backend.service.VaultService -- Restored credential 5f073774-269f-434c-ad3e-e0fb2a37179b for user: 234d72b9-6802-4022-871a-db0346ccee8d
09:06:46.532 [main] INFO com.passwordmanager.backend.service.VaultService -- Permanently deleted 1 expired credentials
09:06:46.534 [main] INFO com.passwordmanager.backend.service.VaultService -- Soft deleted credential 6a2b6bce-1528-4507-afe6-306c00459666 for user: 8d904c96-9673-46b8-b565-d27a30ae433a
09:06:46.534 [main] INFO com.passwordmanager.backend.service.VaultService -- Restored credential 6a2b6bce-1528-4507-afe6-306c00459666 for user: 8d904c96-9673-46b8-b565-d27a30ae433a
09:06:46.535 [main] INFO com.passwordmanager.backend.service.VaultService -- Permanently deleted 1 expired credentials
09:06:46.538 [main] INFO com.passwordmanager.backend.service.VaultService -- Soft deleted credential 4571efab-d578-44a5-b97e-2f346d9eb86a for user: 615fb0cc-feb4-403f-a7ab-0b2ff4edd535
09:06:46.541 [main] INFO com.passwordmanager.backend.service.VaultService -- Restored credential 4571efab-d578-44a5-b97e-2f346d9eb86a for user: 615fb0cc-feb4-403f-a7ab-0b2ff4edd535
09:06:46.542 [main] INFO com.passwordmanager.backend.service.VaultService -- Permanently deleted 1 expired credentials
09:06:46.551 [main] INFO com.passwordmanager.backend.service.VaultService -- Soft deleted credential aff172fb-eeca-4662-a7db-c73c8ec16708 for user: bc75e2ea-782c-4810-ab1c-3d9ad101b283
09:06:46.552 [main] INFO com.passwordmanager.backend.service.VaultService -- Restored credential aff172fb-eeca-4662-a7db-c73c8ec16708 for user: bc75e2ea-782c-4810-ab1c-3d9ad101b283
09:06:46.553 [main] INFO com.passwordmanager.backend.service.VaultService -- Permanently deleted 1 expired credentials
09:06:46.567 [main] INFO com.passwordmanager.backend.service.VaultService -- Soft deleted credential dc7066c0-c818-49fd-bf6b-690e8e8f4ade for user: c86a8c22-8492-4b41-863a-f7cfd20a0793
09:06:46.576 [main] INFO com.passwordmanager.backend.service.VaultService -- Restored credential dc7066c0-c818-49fd-bf6b-690e8e8f4ade for user: c86a8c22-8492-4b41-863a-f7cfd20a0793
09:06:46.581 [main] INFO com.passwordmanager.backend.service.VaultService -- Permanently deleted 1 expired credentials
09:06:46.584 [main] INFO com.passwordmanager.backend.service.VaultService -- Soft deleted credential 51621f60-00f0-4fca-a058-be451e415d7c for user: ee7c4789-f9c0-4d45-8b89-38b0d1d07b78
09:06:46.586 [main] INFO com.passwordmanager.backend.service.VaultService -- Restored credential 51621f60-00f0-4fca-a058-be451e415d7c for user: ee7c4789-f9c0-4d45-8b89-38b0d1d07b78
09:06:46.586 [main] INFO com.passwordmanager.backend.service.VaultService -- Permanently deleted 1 expired credentials
09:06:46.589 [main] INFO com.passwordmanager.backend.service.VaultService -- Soft deleted credential 4ffa01c7-8953-48ea-9f3d-6fc5d5dce204 for user: 1fb50f4e-1276-40cf-97a2-99b644e70303
09:06:46.591 [main] INFO com.passwordmanager.backend.service.VaultService -- Restored credential 4ffa01c7-8953-48ea-9f3d-6fc5d5dce204 for user: 1fb50f4e-1276-40cf-97a2-99b644e70303
09:06:46.592 [main] INFO com.passwordmanager.backend.service.VaultService -- Permanently deleted 1 expired credentials
09:06:46.596 [main] INFO com.passwordmanager.backend.service.VaultService -- Soft deleted credential df0575ec-33bc-46a3-96f0-0b94a486d130 for user: b7305393-bba7-4080-868d-7acee2481e39
09:06:46.597 [main] INFO com.passwordmanager.backend.service.VaultService -- Restored credential df0575ec-33bc-46a3-96f0-0b94a486d130 for user: b7305393-bba7-4080-868d-7acee2481e39
09:06:46.597 [main] INFO com.passwordmanager.backend.service.VaultService -- Permanently deleted 1 expired credentials
09:06:46.599 [main] INFO com.passwordmanager.backend.service.VaultService -- Soft deleted credential 6d4e760c-ad0c-485f-8c97-594434706854 for user: 26394259-8979-432e-ad64-45760269ba3c
09:06:46.599 [main] INFO com.passwordmanager.backend.service.VaultService -- Restored credential 6d4e760c-ad0c-485f-8c97-594434706854 for user: 26394259-8979-432e-ad64-45760269ba3c
09:06:46.599 [main] INFO com.passwordmanager.backend.service.VaultService -- Permanently deleted 1 expired credentials
[...]
09:06:46.649 [main] INFO com.passwordmanager.backend.service.VaultService -- Permanently deleted 1 expired credentials
09:06:46.652 [main] INFO com.passwordmanager.backend.service.VaultService -- Soft deleted credential 84e5da2e-d78c-43dd-b48e-994f89f8c37e for user: 71e13f21-6e84-48e2-bece-9cec6f00043f
09:06:46.653 [main] INFO com.passwordmanager.backend.service.VaultService -- Restored credential 84e5da2e-d78c-43dd-b48e-994f89f8c37e for user: 71e13f21-6e84-48e2-bece-9cec6f00043f
09:06:46.654 [main] INFO com.passwordmanager.backend.service.VaultService -- Permanently deleted 1 expired credentials
09:06:46.659 [main] INFO com.passwordmanager.backend.service.VaultService -- Soft deleted credential cbd25fa1-b5d0-4cdf-8845-40a959909208 for user: adc4bfac-aa16-4c18-8148-4c73a7161940
09:06:46.664 [main] INFO com.passwordmanager.backend.service.VaultService -- Restored credential cbd25fa1-b5d0-4cdf-8845-40a959909208 for user: adc4bfac-aa16-4c18-8148-4c73a7161940
09:06:46.666 [main] INFO com.passwordmanager.backend.service.VaultService -- Permanently deleted 1 expired credentials
09:06:46.670 [main] INFO com.passwordmanager.backend.service.VaultService -- Soft deleted credential 95577cd9-ea35-486f-b35f-e71415e829af for user: 0554f6a2-694c-4064-a742-28a9963d34e6
09:06:46.671 [main] INFO com.passwordmanager.backend.service.VaultService -- Restored credential 95577cd9-ea35-486f-b35f-e71415e829af for user: 0554f6a2-694c-4064-a742-28a9963d34e6
09:06:46.672 [main] INFO com.passwordmanager.backend.service.VaultService -- Permanently deleted 1 expired credentials
09:06:46.675 [main] INFO com.passwordmanager.backend.service.VaultService -- Soft deleted credential 30ca8d9f-f157-4513-a7f0-556e1c6fd52f for user: f7dc3518-e93b-4a6f-9623-6ba2e6e438c6
09:06:46.677 [main] INFO com.passwordmanager.backend.service.VaultService -- Restored credential 30ca8d9f-f157-4513-a7f0-556e1c6fd52f for user: f7dc3518-e93b-4a6f-9623-6ba2e6e438c6
09:06:46.678 [main] INFO com.passwordmanager.backend.service.VaultService -- Permanently deleted 1 expired credentials
09:06:46.681 [main] INFO com.passwordmanager.backend.service.VaultService -- Soft deleted credential 206e9435-fad0-4d22-aa14-d96fafd29d10 for user: b88e1d5e-f1c7-435b-97b7-a0edc02aae57
09:06:46.683 [main] INFO com.passwordmanager.backend.service.VaultService -- Restored credential 206e9435-fad0-4d22-aa14-d96fafd29d10 for user: b88e1d5e-f1c7-435b-97b7-a0edc02aae57
09:06:46.683 [main] INFO com.passwordmanager.backend.service.VaultService -- Permanently deleted 1 expired credentials
09:06:46.687 [main] INFO com.passwordmanager.backend.service.VaultService -- Soft deleted credential be991c06-d9a9-42af-a457-ecf2c873da39 for user: 0bd98994-ee6e-470b-910a-57b7ed97c1bd
09:06:46.688 [main] INFO com.passwordmanager.backend.service.VaultService -- Restored credential be991c06-d9a9-42af-a457-ecf2c873da39 for user: 0bd98994-ee6e-470b-910a-57b7ed97c1bd
09:06:46.689 [main] INFO com.passwordmanager.backend.service.VaultService -- Permanently deleted 1 expired credentials
09:06:46.691 [main] INFO com.passwordmanager.backend.service.VaultService -- Soft deleted credential a6fa64db-c64a-473b-947b-f3605899e298 for user: 67a2d13f-9837-4b48-943e-f279f105ca55
09:06:46.693 [main] INFO com.passwordmanager.backend.service.VaultService -- Restored credential a6fa64db-c64a-473b-947b-f3605899e298 for user: 67a2d13f-9837-4b48-943e-f279f105ca55
09:06:46.695 [main] INFO com.passwordmanager.backend.service.VaultService -- Permanently deleted 1 expired credentials
09:06:46.698 [main] INFO com.passwordmanager.backend.service.VaultService -- Soft deleted credential 19bb38c0-2301-4e5b-b702-2c5c56951bdf for user: cd32d28b-0ccd-4a3a-b612-8840c684ecba
09:06:46.699 [main] INFO com.passwordmanager.backend.service.VaultService -- Restored credential 19bb38c0-2301-4e5b-b702-2c5c56951bdf for user: cd32d28b-0ccd-4a3a-b612-8840c684ecba
09:06:46.699 [main] INFO com.passwordmanager.backend.service.VaultService -- Permanently deleted 1 expired credentials
09:06:46.702 [main] INFO com.passwordmanager.backend.service.VaultService -- Soft deleted credential d88c7c60-82ec-45a5-a386-1d3c360721f3 for user: 3a0b1ae4-f12a-4806-834e-ffffc0e3f998
09:06:46.703 [main] INFO com.passwordmanager.backend.service.VaultService -- Restored credential d88c7c60-82ec-45a5-a386-1d3c360721f3 for user: 3a0b1ae4-f12a-4806-834e-ffffc0e3f998
09:06:46.703 [main] INFO com.passwordmanager.backend.service.VaultService -- Permanently deleted 1 expired credentials
09:06:46.706 [main] INFO com.passwordmanager.backend.service.VaultService -- Soft deleted credential 9600b16b-eba5-4852-9ffb-f0a3822507a4 for user: 6e46542f-5a58-4107-bbca-0d31cd417fb1
09:06:46.708 [main] INFO com.passwordmanager.backend.service.VaultService -- Restored credential 9600b16b-eba5-4852-9ffb-f0a3822507a4 for user: 6e46542f-5a58-4107-bbca-0d31cd417fb1
09:06:46.709 [main] INFO com.passwordmanager.backend.service.VaultService -- Permanently deleted 1 expired credentials
09:06:46.711 [main] INFO com.passwordmanager.backend.service.VaultService -- Soft deleted credential b4db9cdf-dabb-4ad4-87c8-68d5650d9293 for user: 7d25ee22-a098-495e-8c11-f469194daed2
09:06:46.711 [main] INFO com.passwordmanager.backend.service.VaultService -- Restored credential b4db9cdf-dabb-4ad4-87c8-68d5650d9293 for user: 7d25ee22-a098-495e-8c11-f469194daed2
09:06:46.711 [main] INFO com.passwordmanager.backend.service.VaultService -- Permanently deleted 1 expired credentials
09:06:46.712 [main] INFO com.passwordmanager.backend.service.VaultService -- Soft deleted credential 9288b433-ebb0-4ba4-b537-291e67892537 for user: c3b2ec7b-e900-4969-8863-4f049c4edf2b
09:06:46.712 [main] INFO com.passwordmanager.backend.service.VaultService -- Restored credential 9288b433-ebb0-4ba4-b537-291e67892537 for user: c3b2ec7b-e900-4969-8863-4f049c4edf2b
09:06:46.712 [main] INFO com.passwordmanager.backend.service.VaultService -- Permanently deleted 1 expired credentials
09:06:46.713 [main] INFO com.passwordmanager.backend.service.VaultService -- Soft deleted credential bce29db5-a86e-49b8-8422-892cb74d33d0 for user: c6529421-6a74-44e2-90d6-92564e87a86e
09:06:46.713 [main] INFO com.passwordmanager.backend.service.VaultService -- Restored credential bce29db5-a86e-49b8-8422-892cb74d33d0 for user: c6529421-6a74-44e2-90d6-92564e87a86e
09:06:46.714 [main] INFO com.passwordmanager.backend.service.VaultService -- Permanently deleted 1 expired credentials
09:06:46.715 [main] INFO com.passwordmanager.backend.service.VaultService -- Soft deleted credential 294202c8-9e46-4bca-aa83-6f8813c974da for user: a64fc35a-ef0f-4abb-9948-53aa220a6bd6
09:06:46.716 [main] INFO com.passwordmanager.backend.service.VaultService -- Restored credential 294202c8-9e46-4bca-aa83-6f8813c974da for user: a64fc35a-ef0f-4abb-9948-53aa220a6bd6
09:06:46.717 [main] INFO com.passwordmanager.backend.service.VaultService -- Permanently deleted 1 expired credentials
09:06:46.719 [main] INFO com.passwordmanager.backend.service.VaultService -- Soft deleted credential bbec0727-8e22-47bb-a921-294118e154e5 for user: bded63a1-6391-4e24-8424-aca0a11f4900
09:06:46.720 [main] INFO com.passwordmanager.backend.service.VaultService -- Restored credential bbec0727-8e22-47bb-a921-294118e154e5 for user: bded63a1-6391-4e24-8424-aca0a11f4900
09:06:46.721 [main] INFO com.passwordmanager.backend.service.VaultService -- Permanently deleted 1 expired credentials
09:06:46.727 [main] INFO com.passwordmanager.backend.service.VaultService -- Soft deleted credential 1f899b09-ba26-4c99-b8e6-8b4c451bff66 for user: e5b89627-ec35-49bc-b8af-b889d26df47f
09:06:46.728 [main] INFO com.passwordmanager.backend.service.VaultService -- Restored credential 1f899b09-ba26-4c99-b8e6-8b4c451bff66 for user: e5b89627-ec35-49bc-b8af-b889d26df47f
09:06:46.728 [main] INFO com.passwordmanager.backend.service.VaultService -- Permanently deleted 1 expired credentials
09:06:46.732 [main] INFO com.passwordmanager.backend.service.VaultService -- Soft deleted credential 963dad46-17ce-4e65-a44b-e8ffc8da649f for user: cd42c150-584f-45c1-83e9-d9654faa9c90
09:06:46.733 [main] INFO com.passwordmanager.backend.service.VaultService -- Restored credential 963dad46-17ce-4e65-a44b-e8ffc8da649f for user: cd42c150-584f-45c1-83e9-d9654faa9c90
09:06:46.733 [main] INFO com.passwordmanager.backend.service.VaultService -- Permanently deleted 1 expired credentials
09:06:46.736 [main] INFO com.passwordmanager.backend.service.VaultService -- Soft deleted credential 7ab88feb-9377-4894-bb90-cfe8632fa058 for user: 99d73bbc-bd11-44e0-b4f3-c2af7c929922
09:06:46.737 [main] INFO com.passwordmanager.backend.service.VaultService -- Restored credential 7ab88feb-9377-4894-bb90-cfe8632fa058 for user: 99d73bbc-bd11-44e0-b4f3-c2af7c929922
09:06:46.737 [main] INFO com.passwordmanager.backend.service.VaultService -- Permanently deleted 1 expired credentials
09:06:46.739 [main] INFO com.passwordmanager.backend.service.VaultService -- Soft deleted credential 7b82a2ec-2ffa-450f-b553-72dd589e597a for user: e77abf1f-7ef1-470e-bc3a-4f2791460200
09:06:46.740 [main] INFO com.passwordmanager.backend.service.VaultService -- Restored credential 7b82a2ec-2ffa-450f-b553-72dd589e597a for user: e77abf1f-7ef1-470e-bc3a-4f2791460200
09:06:46.740 [main] INFO com.passwordmanager.backend.service.VaultService -- Permanently deleted 1 expired credentials
09:06:46.743 [main] INFO com.passwordmanager.backend.service.VaultService -- Soft deleted credential 6f692824-f3fd-4b33-8e85-ec098e1a26f7 for user: 2ba30ddf-058a-4e5e-a6f8-978887838c38
09:06:46.743 [main] INFO com.passwordmanager.backend.service.VaultService -- Restored credential 6f692824-f3fd-4b33-8e85-ec098e1a26f7 for user: 2ba30ddf-058a-4e5e-a6f8-978887838c38
09:06:46.744 [main] INFO com.passwordmanager.backend.service.VaultService -- Permanently deleted 1 expired credentials
09:06:46.746 [main] INFO com.passwordmanager.backend.service.VaultService -- Soft deleted credential f98d979c-2671-4482-97d8-6e573ef080a0 for user: ff2bb74d-3880-4d3b-a5e9-1c714051ca56
09:06:46.746 [main] INFO com.passwordmanager.backend.service.VaultService -- Restored credential f98d979c-2671-4482-97d8-6e573ef080a0 for user: ff2bb74d-3880-4d3b-a5e9-1c714051ca56
09:06:46.746 [main] INFO com.passwordmanager.backend.service.VaultService -- Permanently deleted 1 expired credentials
09:06:46.748 [main] INFO com.passwordmanager.backend.service.VaultService -- Soft deleted credential b92b1d3d-ed0e-44b5-837f-43a9b85fb573 for user: 95ba219c-f0a9-4469-b16f-60858a575a1a
09:06:46.748 [main] INFO com.passwordmanager.backend.service.VaultService -- Restored credential b92b1d3d-ed0e-44b5-837f-43a9b85fb573 for user: 95ba219c-f0a9-4469-b16f-60858a575a1a
09:06:46.748 [main] INFO com.passwordmanager.backend.service.VaultService -- Permanently deleted 1 expired credentials
09:06:46.749 [main] INFO com.passwordmanager.backend.service.VaultService -- Soft deleted credential 30ede9d8-b9bd-4538-9d32-e7c6d86a2fa5 for user: 9020ef3b-f203-4d89-ad15-7571d3f2d6ad
09:06:46.749 [main] INFO com.passwordmanager.backend.service.VaultService -- Restored credential 30ede9d8-b9bd-4538-9d32-e7c6d86a2fa5 for user: 9020ef3b-f203-4d89-ad15-7571d3f2d6ad
09:06:46.749 [main] INFO com.passwordmanager.backend.service.VaultService -- Permanently deleted 1 expired credentials
09:06:46.750 [main] INFO com.passwordmanager.backend.service.VaultService -- Soft deleted credential ff32297d-320e-4dcd-ad4f-5155207b8143 for user: 31ab1c30-005a-40e1-b0ca-387020c6ecf4
09:06:46.750 [main] INFO com.passwordmanager.backend.service.VaultService -- Restored credential ff32297d-320e-4dcd-ad4f-5155207b8143 for user: 31ab1c30-005a-40e1-b0ca-387020c6ecf4
09:06:46.750 [main] INFO com.passwordmanager.backend.service.VaultService -- Permanently deleted 1 expired credentials
09:06:46.750 [main] INFO com.passwordmanager.backend.service.VaultService -- Soft deleted credential a9cacd33-2f67-4e8b-bf44-7be2f72e197d for user: 208fec74-19f4-4da1-a27e-cf047b1fab1b
09:06:46.751 [main] INFO com.passwordmanager.backend.service.VaultService -- Restored credential a9cacd33-2f67-4e8b-bf44-7be2f72e197d for user: 208fec74-19f4-4da1-a27e-cf047b1fab1b
09:06:46.751 [main] INFO com.passwordmanager.backend.service.VaultService -- Permanently deleted 1 expired credentials
09:06:46.751 [main] INFO com.passwordmanager.backend.service.VaultService -- Soft deleted credential 4f3abe5e-e926-43da-a341-1f8b03235dbb for user: da56d0d2-9a27-4920-9a14-dce71b8bf0d4
09:06:46.751 [main] INFO com.passwordmanager.backend.service.VaultService -- Restored credential 4f3abe5e-e926-43da-a341-1f8b03235dbb for user: da56d0d2-9a27-4920-9a14-dce71b8bf0d4
09:06:46.752 [main] INFO com.passwordmanager.backend.service.VaultService -- Permanently deleted 1 expired credentials
09:06:46.752 [main] INFO com.passwordmanager.backend.service.VaultService -- Soft deleted credential 931a087e-81b7-44c8-bb17-56d743419d27 for user: 24f86fa6-308e-4ebf-a2ef-2ee9cec3be57
09:06:46.752 [main] INFO com.passwordmanager.backend.service.VaultService -- Restored credential 931a087e-81b7-44c8-bb17-56d743419d27 for user: 24f86fa6-308e-4ebf-a2ef-2ee9cec3be57
09:06:46.753 [main] INFO com.passwordmanager.backend.service.VaultService -- Permanently deleted 1 expired credentials
09:06:46.753 [main] INFO com.passwordmanager.backend.service.VaultService -- Soft deleted credential 860b7b57-7782-4a22-a44c-ff4e6373ec30 for user: 11f3dd49-e0c3-4093-a382-fec47f177ab1
09:06:46.753 [main] INFO com.passwordmanager.backend.service.VaultService -- Restored credential 860b7b57-7782-4a22-a44c-ff4e6373ec30 for user: 11f3dd49-e0c3-4093-a382-fec47f177ab1
09:06:46.753 [main] INFO com.passwordmanager.backend.service.VaultService -- Permanently deleted 1 expired credentials
09:06:46.754 [main] INFO com.passwordmanager.backend.service.VaultService -- Soft deleted credential e0f23f1a-f181-46b8-832e-54f152f03add for user: b4dc0199-d76f-43ca-a023-4ffab6dd0e88
09:06:46.754 [main] INFO com.passwordmanager.backend.service.VaultService -- Restored credential e0f23f1a-f181-46b8-832e-54f152f03add for user: b4dc0199-d76f-43ca-a023-4ffab6dd0e88
09:06:46.754 [main] INFO com.passwordmanager.backend.service.VaultService -- Permanently deleted 1 expired credentials
09:06:46.755 [main] INFO com.passwordmanager.backend.service.VaultService -- Soft deleted credential f7cf929d-55c5-4351-93c6-be3dac173d81 for user: dd334db5-1c47-4879-9404-d123688aaa2c
09:06:46.756 [main] INFO com.passwordmanager.backend.service.VaultService -- Restored credential f7cf929d-55c5-4351-93c6-be3dac173d81 for user: dd334db5-1c47-4879-9404-d123688aaa2c
09:06:46.757 [main] INFO com.passwordmanager.backend.service.VaultService -- Permanently deleted 1 expired credentials
09:06:46.759 [main] INFO com.passwordmanager.backend.service.VaultService -- Soft deleted credential 14e1c0fe-472c-43d6-8cce-c1642595897a for user: 4e50d64f-9569-4377-b2c5-09c363de5b01
09:06:46.759 [main] INFO com.passwordmanager.backend.service.VaultService -- Restored credential 14e1c0fe-472c-43d6-8cce-c1642595897a for user: 4e50d64f-9569-4377-b2c5-09c363de5b01
09:06:46.760 [main] INFO com.passwordmanager.backend.service.VaultService -- Permanently deleted 1 expired credentials
09:06:46.761 [main] INFO com.passwordmanager.backend.service.VaultService -- Soft deleted credential ffdd3b0d-860c-45c3-9480-e6ab39b34691 for user: cde0b197-6f7f-4b2a-bc5a-77b6e6b7b45a
09:06:46.761 [main] INFO com.passwordmanager.backend.service.VaultService -- Restored credential ffdd3b0d-860c-45c3-9480-e6ab39b34691 for user: cde0b197-6f7f-4b2a-bc5a-77b6e6b7b45a
09:06:46.763 [main] INFO com.passwordmanager.backend.service.VaultService -- Permanently deleted 1 expired credentials
09:06:46.763 [main] INFO com.passwordmanager.backend.service.VaultService -- Soft deleted credential 305021ab-3562-4e6e-b162-9c858da53c7a for user: 94871ab4-7340-424e-91c2-cfab38a60f97
09:06:46.763 [main] INFO com.passwordmanager.backend.service.VaultService -- Restored credential 305021ab-3562-4e6e-b162-9c858da53c7a for user: 94871ab4-7340-424e-91c2-cfab38a60f97
09:06:46.763 [main] INFO com.passwordmanager.backend.service.VaultService -- Permanently deleted 1 expired credentials
09:06:46.765 [main] INFO com.passwordmanager.backend.service.VaultService -- Soft deleted credential d72ec470-a7c4-41f1-898a-da2be6cd3cbd for user: 62950148-78ef-4489-aa9e-e966eb9be62e
09:06:46.765 [main] INFO com.passwordmanager.backend.service.VaultService -- Restored credential d72ec470-a7c4-41f1-898a-da2be6cd3cbd for user: 62950148-78ef-4489-aa9e-e966eb9be62e
09:06:46.765 [main] INFO com.passwordmanager.backend.service.VaultService -- Permanently deleted 1 expired credentials
09:06:46.766 [main] INFO com.passwordmanager.backend.service.VaultService -- Soft deleted credential 0868cdec-19b3-438d-b7b3-f63532b2d2bf for user: 468e310b-bcfe-4496-a375-4b301445a8fd
09:06:46.767 [main] INFO com.passwordmanager.backend.service.VaultService -- Restored credential 0868cdec-19b3-438d-b7b3-f63532b2d2bf for user: 468e310b-bcfe-4496-a375-4b301445a8fd
09:06:46.767 [main] INFO com.passwordmanager.backend.service.VaultService -- Permanently deleted 1 expired credentials
09:06:46.768 [main] INFO com.passwordmanager.backend.service.VaultService -- Soft deleted credential 441a3cdf-6235-4c6f-bfc4-44e5d46bfe6d for user: 5fb9ac84-dbd7-490a-ad6c-925d50cd8c41
09:06:46.769 [main] INFO com.passwordmanager.backend.service.VaultService -- Restored credential 441a3cdf-6235-4c6f-bfc4-44e5d46bfe6d for user: 5fb9ac84-dbd7-490a-ad6c-925d50cd8c41
09:06:46.769 [main] INFO com.passwordmanager.backend.service.VaultService -- Permanently deleted 1 expired credentials
09:06:46.770 [main] INFO com.passwordmanager.backend.service.VaultService -- Soft deleted credential 22fd4aa9-0109-4d6a-b8c4-5997214bf76a for user: bca1dbde-2601-4fbc-a0c0-4e079a3b63ff
09:06:46.770 [main] INFO com.passwordmanager.backend.service.VaultService -- Restored credential 22fd4aa9-0109-4d6a-b8c4-5997214bf76a for user: bca1dbde-2601-4fbc-a0c0-4e079a3b63ff
09:06:46.770 [main] INFO com.passwordmanager.backend.service.VaultService -- Permanently deleted 1 expired credentials
09:06:46.771 [main] INFO com.passwordmanager.backend.service.VaultService -- Soft deleted credential 38172bd9-ec3a-4eb2-bec2-fe596085aeed for user: 2b36f6d3-186c-45f1-9c5b-05e84918d755
09:06:46.772 [main] INFO com.passwordmanager.backend.service.VaultService -- Restored credential 38172bd9-ec3a-4eb2-bec2-fe596085aeed for user: 2b36f6d3-186c-45f1-9c5b-05e84918d755
09:06:46.773 [main] INFO com.passwordmanager.backend.service.VaultService -- Permanently deleted 1 expired credentials
09:06:46.774 [main] INFO com.passwordmanager.backend.service.VaultService -- Soft deleted credential 00354b58-db90-4112-bd24-808c52dfea1c for user: 833a57b2-364c-46ca-810d-35ce446454a9
09:06:46.775 [main] INFO com.passwordmanager.backend.service.VaultService -- Restored credential 00354b58-db90-4112-bd24-808c52dfea1c for user: 833a57b2-364c-46ca-810d-35ce446454a9
09:06:46.775 [main] INFO com.passwordmanager.backend.service.VaultService -- Permanently deleted 1 expired credentials
timestamp = 2025-12-19T09:06:46.776210800, VaultPropertyTest:softDeleteToTrash = 
                              |-----------------------jqwik-----------------------
tries = 100                   | # of calls to property
checks = 100                  | # of not rejected calls
generation = RANDOMIZED       | parameters are randomly generated
after-failure = SAMPLE_FIRST  | try previously failed sample, then previous seed
when-fixed-seed = ALLOW       | fixing the random seed is allowed
edge-cases#mode = MIXIN       | edge cases are mixed in
edge-cases#total = 8          | # of all combined edge cases
edge-cases#tried = 8          | # of edge cases tried in current run
seed = 4055455631102352990    | random seed to reproduce generated values


]]></system-out>
  </testcase>
</testsuite>