<?xml version="1.0" encoding="UTF-8"?>
<testsuite xmlns:xsi="http://www.w3.org/2001/XMLSchema-instance" xsi:noNamespaceSchemaLocation="https://maven.apache.org/surefire/maven-surefire-plugin/xsd/surefire-test-report-3.0.xsd" version="3.0" name="com.passwordmanager.backend.service.AuthenticationPropertyTest" time="56.014" tests="4" errors="0" skipped="0" failures="0">
  <properties>
[...]
</properties>
  <testcase name="recoveryKeyGeneration" classname="com.passwordmanager.backend.service.AuthenticationPropertyTest" time="26.223">
    <system-out><![CDATA[15:13:06.520 [main] INFO com.passwordmanager.backend.service.AuthenticationService -- Attempting to register new user with email: BVZAlc@example.com
15:13:06.666 [main] INFO com.passwordmanager.backend.service.AuthenticationService -- Successfully registered new user with ID: eac3ca43-8b29-47dd-b57c-328c0d1b9644 and email: BVZAlc@example.com
15:13:06.754 [main] INFO com.passwordmanager.backend.service.AuthenticationService -- Recovery key validation for user BVZAlc@example.com: SUCCESS
15:13:06.830 [main] INFO com.passwordmanager.backend.service.AuthenticationService -- Recovery key validation for user BVZAlc@example.com: FAILED
15:13:06.911 [main] INFO com.passwordmanager.backend.service.AuthenticationService -- Attempting to register new user with email: QbmYfADOL@example.com
15:13:06.980 [main] INFO com.passwordmanager.backend.service.AuthenticationService -- Successfully registered new user with ID: abf63c6f-a86d-4b19-b9d0-e1b927c037b7 and email: QbmYfADOL@example.com
15:13:07.046 [main] INFO com.passwordmanager.backend.service.AuthenticationService -- Recovery key validation for user QbmYfADOL@example.com: SUCCESS
15:13:07.110 [main] INFO com.passwordmanager.backend.service.AuthenticationService -- Recovery key validation for user QbmYfADOL@example.com: FAILED
15:13:07.174 [main] INFO com.passwordmanager.backend.service.AuthenticationService -- Attempting to register new user with email: HlIrHHIAr@example.com
15:13:07.236 [main] INFO com.passwordmanager.backend.service.AuthenticationService -- Successfully registered new user with ID: 23e1eef9-eff4-464c-a41f-334df0bd374d and email: HlIrHHIAr@example.com
15:13:07.295 [main] INFO com.passwordmanager.backend.service.AuthenticationService -- Recovery key validation for user HlIrHHIAr@example.com: SUCCESS
15:13:07.356 [main] INFO com.passwordmanager.backend.service.AuthenticationService -- Recovery key validation for user HlIrHHIAr@example.com: FAILED
15:13:07.419 [main] INFO com.passwordmanager.backend.service.AuthenticationService -- Attempting to register new user with email: PTQVggpyD@example.com
15:13:07.479 [main] INFO com.passwordmanager.backend.service.AuthenticationService -- Successfully registered new user with ID: 698312c5-953d-47a3-a782-946fadf076ce and email: PTQVggpyD@example.com
15:13:07.538 [main] INFO com.passwordmanager.backend.service.AuthenticationService -- Recovery key validation for user PTQVggpyD@example.com: SUCCESS
15:13:07.598 [main] INFO com.passwordmanager.backend.service.AuthenticationService -- Recovery key validation for user PTQVggpyD@example.com: FAILED
15:13:07.662 [main] INFO com.passwordmanager.backend.service.AuthenticationService -- Attempting to register new user with email: vdngxonketYDa@example.com
15:13:07.722 [main] INFO com.passwordmanager.backend.service.AuthenticationService -- Successfully registered new user with ID: 1f62eb51-7b8b-41f3-ae1e-2eea78e1c6b5 and email: vdngxonketYDa@example.com
15:13:07.782 [main] INFO com.passwordmanager.backend.service.AuthenticationService -- Recovery key validation for user vdngxonketYDa@example.com: SUCCESS
15:13:07.842 [main] INFO com.passwordmanager.backend.service.AuthenticationService -- Recovery key validation for user vdngxonketYDa@example.com: FAILED
15:13:07.904 [main] INFO com.passwordmanager.backend.service.AuthenticationService -- Attempting to register new user with email: aaaaa@example.com
15:13:07.965 [main] INFO com.passwordmanager.backend.service.AuthenticationService -- Successfully registered new user with ID: 4bc3fa67-5171-408e-bb9a-3ce788ccd214 and email: aaaaa@example.com
15:13:08.025 [main] INFO com.passwordmanager.backend.service.AuthenticationService -- Recovery key validation for user aaaaa@example.com: SUCCESS
15:13:08.083 [main] INFO com.passwordmanager.backend.service.AuthenticationService -- Recovery key validation for user aaaaa@example.com: FAILED
15:13:08.142 [main] INFO com.passwordmanager.backend.service.AuthenticationService -- Attempting to register new user with email: OWmSioglUEUCYrJ@example.com
15:13:08.201 [main] INFO com.passwordmanager.backend.service.AuthenticationService -- Successfully registered new user with ID: 8ed5a873-b5cc-411c-b741-f19d44be25af and email: OWmSioglUEUCYrJ@example.com
15:13:08.258 [main] INFO com.passwordmanager.backend.service.AuthenticationService -- Recovery key validation for user OWmSioglUEUCYrJ@example.com: SUCCESS
15:13:08.316 [main] INFO com.passwordmanager.backend.service.AuthenticationService -- Recovery key validation for user OWmSioglUEUCYrJ@example.com: FAILED
15:13:08.378 [main] INFO com.passwordmanager.backend.service.AuthenticationService -- Attempting to register new user with email: sWIJdCYJ@example.com
15:13:08.437 [main] INFO com.passwordmanager.backend.service.AuthenticationService -- Successfully registered new user with ID: b1aee957-9d02-46d5-a4cd-d5b62bd0240d and email: sWIJdCYJ@example.com
15:13:08.500 [main] INFO com.passwordmanager.backend.service.AuthenticationService -- Recovery key validation for user sWIJdCYJ@example.com: SUCCESS
15:13:08.564 [main] INFO com.passwordmanager.backend.service.AuthenticationService -- Recovery key validation for user sWIJdCYJ@example.com: FAILED
15:13:08.628 [main] INFO com.passwordmanager.backend.service.AuthenticationService -- Attempting to register new user with email: CfdslNL@example.com
15:13:08.688 [main] INFO com.passwordmanager.backend.service.AuthenticationService -- Successfully registered new user with ID: 79d253e5-4e28-4f48-8ae4-8364154dfcb6 and email: CfdslNL@example.com
15:13:08.751 [main] INFO com.passwordmanager.backend.service.AuthenticationService -- Recovery key validation for user CfdslNL@example.com: SUCCESS
15:13:08.818 [main] INFO com.passwordmanager.backend.service.AuthenticationService -- Recovery key validation for user CfdslNL@example.com: FAILED
15:13:08.886 [main] INFO com.passwordmanager.backend.service.AuthenticationService -- Attempting to register new user with email: jWVwDbpBTUnmr@example.com
15:13:08.952 [main] INFO com.passwordmanager.backend.service.AuthenticationService -- Successfully registered new user with ID: 4aac8d65-87bd-4796-acb8-551fbd2bca97 and email: jWVwDbpBTUnmr@example.com
15:13:09.018 [main] INFO com.passwordmanager.backend.service.AuthenticationService -- Recovery key validation for user jWVwDbpBTUnmr@example.com: SUCCESS
15:13:09.083 [main] INFO com.passwordmanager.backend.service.AuthenticationService -- Recovery key validation for user jWVwDbpBTUnmr@example.com: FAILED
15:13:09.148 [main] INFO com.passwordmanager.backend.service.AuthenticationService -- Attempting to register new user with email: QfmtbNyY@example.com
15:13:09.212 [main] INFO com.passwordmanager.backend.service.AuthenticationService -- Successfully registered new user with ID: 94ffd48f-0ee1-4fe9-86e5-b5e66a47a089 and email: QfmtbNyY@example.com
15:13:09.276 [main] INFO com.passwordmanager.backend.service.AuthenticationService -- Recovery key validation for user QfmtbNyY@example.com: SUCCESS
15:13:09.338 [main] INFO com.passwordmanager.backend.service.AuthenticationService -- Recovery key validation for user QfmtbNyY@example.com: FAILED
15:13:09.403 [main] INFO com.passwordmanager.backend.service.AuthenticationService -- Attempting to register new user with email: IrPqJLjuCVHF@example.com
15:13:09.465 [main] INFO com.passwordmanager.backend.service.AuthenticationService -- Successfully registered new user with ID: 7ccfc81b-0293-4b72-90a6-bc3e8a5eee86 and email: IrPqJLjuCVHF@example.com
15:13:09.526 [main] INFO com.passwordmanager.backend.service.AuthenticationService -- Recovery key validation for user IrPqJLjuCVHF@example.com: SUCCESS
15:13:09.587 [main] INFO com.passwordmanager.backend.service.AuthenticationService -- Recovery key validation for user IrPqJLjuCVHF@example.com: FAILED
15:13:09.649 [main] INFO com.passwordmanager.backend.service.AuthenticationService -- Attempting to register new user with email: EdPPzTaHjxw@example.com
15:13:09.708 [main] INFO com.passwordmanager.backend.service.AuthenticationService -- Successfully registered new user with ID: 8f0bf9a9-0d24-4785-91d0-517e00023875 and email: EdPPzTaHjxw@example.com
15:13:09.770 [main] INFO com.passwordmanager.backend.service.AuthenticationService -- Recovery key validation for user EdPPzTaHjxw@example.com: SUCCESS
15:13:09.830 [main] INFO com.passwordmanager.backend.service.AuthenticationService -- Recovery key validation for user EdPPzTaHjxw@example.com: FAILED
15:13:09.892 [main] INFO com.passwordmanager.backend.service.AuthenticationService -- Attempting to register new user with email: AwptPGNQqFidYZegXKn@example.com
15:13:09.957 [main] INFO com.passwordmanager.backend.service.AuthenticationService -- Successfully registered new user with ID: d1cb8be0-5fb9-43d0-8026-c2023f26e4a2 and email: AwptPGNQqFidYZegXKn@example.com
15:13:10.016 [main] INFO com.passwordmanager.backend.service.AuthenticationService -- Recovery key validation for user AwptPGNQqFidYZegXKn@example.com: SUCCESS
15:13:10.076 [main] INFO com.passwordmanager.backend.service.AuthenticationService -- Recovery key validation for user AwptPGNQqFidYZegXKn@example.com: FAILED
15:13:10.138 [main] INFO com.passwordmanager.backend.service.AuthenticationService -- Attempting to register new user with email: XFWbeIPJqghfp@example.com
15:13:10.198 [main] INFO com.passwordmanager.backend.service.AuthenticationService -- Successfully registered new user with ID: 83a5df39-512f-4e66-8f01-07c3953fddbe and email: XFWbeIPJqghfp@example.com
15:13:10.258 [main] INFO com.passwordmanager.backend.service.AuthenticationService -- Recovery key validation for user XFWbeIPJqghfp@example.com: SUCCESS
15:13:10.318 [main] INFO com.passwordmanager.backend.service.AuthenticationService -- Recovery key validation for user XFWbeIPJqghfp@example.com: FAILED
15:13:10.380 [main] INFO com.passwordmanager.backend.service.AuthenticationService -- Attempting to register new user with email: cKSiAuCn@example.com
15:13:10.440 [main] INFO com.passwordmanager.backend.service.AuthenticationService -- Successfully registered new user with ID: 474a43c0-c791-4419-9caa-3efd884e8d0f and email: cKSiAuCn@example.com
15:13:10.501 [main] INFO com.passwordmanager.backend.service.AuthenticationService -- Recovery key validation for user cKSiAuCn@example.com: SUCCESS
15:13:10.562 [main] INFO com.passwordmanager.backend.service.AuthenticationService -- Recovery key validation for user cKSiAuCn@example.com: FAILED
15:13:10.623 [main] INFO com.passwordmanager.backend.service.AuthenticationService -- Attempting to register new user with email: qPAof@example.com
15:13:10.683 [main] INFO com.passwordmanager.backend.service.AuthenticationService -- Successfully registered new user with ID: ea8673b6-401c-477e-b9c8-11a7b08ab6cc and email: qPAof@example.com
15:13:10.743 [main] INFO com.passwordmanager.backend.service.AuthenticationService -- Recovery key validation for user qPAof@example.com: SUCCESS
15:13:10.804 [main] INFO com.passwordmanager.backend.service.AuthenticationService -- Recovery key validation for user qPAof@example.com: FAILED
15:13:10.865 [main] INFO com.passwordmanager.backend.service.AuthenticationService -- Attempting to register new user with email: jMwmYCdNw@example.com
15:13:10.926 [main] INFO com.passwordmanager.backend.service.AuthenticationService -- Successfully registered new user with ID: d46a8fbe-bf02-46a4-a3fc-1d3d0cc38ebe and email: jMwmYCdNw@example.com
15:13:10.987 [main] INFO com.passwordmanager.backend.service.AuthenticationService -- Recovery key validation for user jMwmYCdNw@example.com: SUCCESS
15:13:11.048 [main] INFO com.passwordmanager.backend.service.AuthenticationService -- Recovery key validation for user jMwmYCdNw@example.com: FAILED
15:13:11.109 [main] INFO com.passwordmanager.backend.service.AuthenticationService -- Attempting to register new user with email: rZOlxVTC@example.com
15:13:11.168 [main] INFO com.passwordmanager.backend.service.AuthenticationService -- Successfully registered new user with ID: a4cd7832-f568-4548-af10-65d1fff47f22 and email: rZOlxVTC@example.com
15:13:11.224 [main] INFO com.passwordmanager.backend.service.AuthenticationService -- Recovery key validation for user rZOlxVTC@example.com: SUCCESS
15:13:11.281 [main] INFO com.passwordmanager.backend.service.AuthenticationService -- Recovery key validation for user rZOlxVTC@example.com: FAILED
15:13:11.341 [main] INFO com.passwordmanager.backend.service.AuthenticationService -- Attempting to register new user with email: GqaEaDhhdAAVxqo@example.com
15:13:11.400 [main] INFO com.passwordmanager.backend.service.AuthenticationService -- Successfully registered new user with ID: 80641207-b6c4-4769-abe9-2d474eaed751 and email: GqaEaDhhdAAVxqo@example.com
15:13:11.459 [main] INFO com.passwordmanager.backend.service.AuthenticationService -- Recovery key validation for user GqaEaDhhdAAVxqo@example.com: SUCCESS
15:13:11.520 [main] INFO com.passwordmanager.backend.service.AuthenticationService -- Recovery key validation for user GqaEaDhhdAAVxqo@example.com: FAILED
15:13:11.581 [main] INFO com.passwordmanager.backend.service.AuthenticationService -- Attempting to register new user with email: rMbKzbeB@example.com
15:13:11.639 [main] INFO com.passwordmanager.backend.service.AuthenticationService -- Successfully registered new user with ID: 7cd5926a-c83e-4d34-8b83-436862b69665 and email: rMbKzbeB@example.com
15:13:11.699 [main] INFO com.passwordmanager.backend.service.AuthenticationService -- Recovery key validation for user rMbKzbeB@example.com: SUCCESS
15:13:11.756 [main] INFO com.passwordmanager.backend.service.AuthenticationService -- Recovery key validation for user rMbKzbeB@example.com: FAILED
15:13:11.814 [main] INFO com.passwordmanager.backend.service.AuthenticationService -- Attempting to register new user with email: CfzuDisWlL@example.com
15:13:11.873 [main] INFO com.passwordmanager.backend.service.AuthenticationService -- Successfully registered new user with ID: 2592db35-d671-4663-ae97-58da78354a6b and email: CfzuDisWlL@example.com
15:13:11.930 [main] INFO com.passwordmanager.backend.service.AuthenticationService -- Recovery key validation for user CfzuDisWlL@example.com: SUCCESS
15:13:11.988 [main] INFO com.passwordmanager.backend.service.AuthenticationService -- Recovery key validation for user CfzuDisWlL@example.com: FAILED
15:13:12.047 [main] INFO com.passwordmanager.backend.service.AuthenticationService -- Attempting to register new user with email: kdLYHrsDo@example.com
15:13:12.104 [main] INFO com.passwordmanager.backend.service.AuthenticationService -- Successfully registered new user with ID: 01e53833-014e-4704-ab4f-d926cdb35700 and email: kdLYHrsDo@example.com
15:13:12.164 [main] INFO com.passwordmanager.backend.service.AuthenticationService -- Recovery key validation for user kdLYHrsDo@example.com: SUCCESS
15:13:12.221 [main] INFO com.passwordmanager.backend.service.AuthenticationService -- Recovery key validation for user kdLYHrsDo@example.com: FAILED
15:13:12.281 [main] INFO com.passwordmanager.backend.service.AuthenticationService -- Attempting to register new user with email: vaJQOtN@example.com
15:13:12.338 [main] INFO com.passwordmanager.backend.service.AuthenticationService -- Successfully registered new user with ID: 7d45be34-a710-4570-a98a-575eb75d8d3c and email: vaJQOtN@example.com
15:13:12.394 [main] INFO com.passwordmanager.backend.service.AuthenticationService -- Recovery key validation for user vaJQOtN@example.com: SUCCESS
15:13:12.452 [main] INFO com.passwordmanager.backend.service.AuthenticationService -- Recovery key validation for user vaJQOtN@example.com: FAILED
15:13:12.511 [main] INFO com.passwordmanager.backend.service.AuthenticationService -- Attempting to register new user with email: lQoPdMNmEEqc@example.com
15:13:12.569 [main] INFO com.passwordmanager.backend.service.AuthenticationService -- Successfully registered new user with ID: 82ccf180-f4f3-4b6a-948f-8542ad705854 and email: lQoPdMNmEEqc@example.com
15:13:12.625 [main] INFO com.passwordmanager.backend.service.AuthenticationService -- Recovery key validation for user lQoPdMNmEEqc@example.com: SUCCESS
15:13:12.686 [main] INFO com.passwordmanager.backend.service.AuthenticationService -- Recovery key validation for user lQoPdMNmEEqc@example.com: FAILED
15:13:12.745 [main] INFO com.passwordmanager.backend.service.AuthenticationService -- Attempting to register new user with email: dAkjUarwSi@example.com
15:13:12.804 [main] INFO com.passwordmanager.backend.service.AuthenticationService -- Successfully registered new user with ID: deef1022-28e8-44eb-b25f-222b3027eb32 and email: dAkjUarwSi@example.com
15:13:12.863 [main] INFO com.passwordmanager.backend.service.AuthenticationService -- Recovery key validation for user dAkjUarwSi@example.com: SUCCESS
15:13:12.922 [main] INFO com.passwordmanager.backend.service.AuthenticationService -- Recovery key validation for user dAkjUarwSi@example.com: FAILED
15:13:12.981 [main] INFO com.passwordmanager.backend.service.AuthenticationService -- Attempting to register new user with email: AAAAA@example.com
15:13:13.039 [main] INFO com.passwordmanager.backend.service.AuthenticationService -- Successfully registered new user with ID: 834fddce-c744-4ee6-82f6-cc1e0a7805d3 and email: AAAAA@example.com
15:13:13.097 [main] INFO com.passwordmanager.backend.service.AuthenticationService -- Recovery key validation for user AAAAA@example.com: SUCCESS
15:13:13.157 [main] INFO com.passwordmanager.backend.service.AuthenticationService -- Recovery key validation for user AAAAA@example.com: FAILED
15:13:13.218 [main] INFO com.passwordmanager.backend.service.AuthenticationService -- Attempting to register new user with email: ZZZZZ@example.com
15:13:13.279 [main] INFO com.passwordmanager.backend.service.AuthenticationService -- Successfully registered new user with ID: df96b1eb-b8c8-46a8-bf2b-2193791cb8e7 and email: ZZZZZ@example.com
15:13:13.338 [main] INFO com.passwordmanager.backend.service.AuthenticationService -- Recovery key validation for user ZZZZZ@example.com: SUCCESS
15:13:13.396 [main] INFO com.passwordmanager.backend.service.AuthenticationService -- Recovery key validation for user ZZZZZ@example.com: FAILED
15:13:13.456 [main] INFO com.passwordmanager.backend.service.AuthenticationService -- Attempting to register new user with email: eBAVSetJFARtg@example.com
15:13:13.515 [main] INFO com.passwordmanager.backend.service.AuthenticationService -- Successfully registered new user with ID: 9f3e1ec0-1c10-434f-8bc6-140c0b7efa89 and email: eBAVSetJFARtg@example.com
15:13:13.572 [main] INFO com.passwordmanager.backend.service.AuthenticationService -- Recovery key validation for user eBAVSetJFARtg@example.com: SUCCESS
15:13:13.630 [main] INFO com.passwordmanager.backend.service.AuthenticationService -- Recovery key validation for user eBAVSetJFARtg@example.com: FAILED
15:13:13.687 [main] INFO com.passwordmanager.backend.service.AuthenticationService -- Attempting to register new user with email: vurFTdnSZUILpvX@example.com
15:13:13.744 [main] INFO com.passwordmanager.backend.service.AuthenticationService -- Successfully registered new user with ID: b7e8d1e0-2236-43b0-bd77-b83a2b60d4d0 and email: vurFTdnSZUILpvX@example.com
15:13:13.801 [main] INFO com.passwordmanager.backend.service.AuthenticationService -- Recovery key validation for user vurFTdnSZUILpvX@example.com: SUCCESS
15:13:13.861 [main] INFO com.passwordmanager.backend.service.AuthenticationService -- Recovery key validation for user vurFTdnSZUILpvX@example.com: FAILED
15:13:13.920 [main] INFO com.passwordmanager.backend.service.AuthenticationService -- Attempting to register new user with email: QqklNe@example.com
15:13:13.976 [main] INFO com.passwordmanager.backend.service.AuthenticationService -- Successfully registered new user with ID: e9292cc2-7bcc-4944-ad20-1f97e68e47c4 and email: QqklNe@example.com
15:13:14.035 [main] INFO com.passwordmanager.backend.service.AuthenticationService -- Recovery key validation for user QqklNe@example.com: SUCCESS
15:13:14.091 [main] INFO com.passwordmanager.backend.service.AuthenticationService -- Recovery key validation for user QqklNe@example.com: FAILED
15:13:14.152 [main] INFO com.passwordmanager.backend.service.AuthenticationService -- Attempting to register new user with email: bqTJSmlnLrPOyU@example.com
15:13:14.211 [main] INFO com.passwordmanager.backend.service.AuthenticationService -- Successfully registered new user with ID: e026dae1-e7b7-40af-9e2b-38d893f3656d and email: bqTJSmlnLrPOyU@example.com
15:13:14.273 [main] INFO com.passwordmanager.backend.service.AuthenticationService -- Recovery key validation for user bqTJSmlnLrPOyU@example.com: SUCCESS
15:13:14.332 [main] INFO com.passwordmanager.backend.service.AuthenticationService -- Recovery key validation for user bqTJSmlnLrPOyU@example.com: FAILED
15:13:14.390 [main] INFO com.passwordmanager.backend.service.AuthenticationService -- Attempting to register new user with email: JcNVsnVWtDb@example.com
15:13:14.448 [main] INFO com.passwordmanager.backend.service.AuthenticationService -- Successfully registered new user with ID: 208e3e1a-6848-4768-b4a6-f62ba621175f and email: JcNVsnVWtDb@example.com
15:13:14.505 [main] INFO com.passwordmanager.backend.service.AuthenticationService -- Recovery key validation for user JcNVsnVWtDb@example.com: SUCCESS
15:13:14.560 [main] INFO com.passwordmanager.backend.service.AuthenticationService -- Recovery key validation for user JcNVsnVWtDb@example.com: FAILED
15:13:14.621 [main] INFO com.passwordmanager.backend.service.AuthenticationService -- Attempting to register new user with email: ZZZZZ@example.com
15:13:14.678 [main] INFO com.passwordmanager.backend.service.AuthenticationService -- Successfully registered new user with ID: 55c75c5d-dc36-4e77-a156-fa694119dcf2 and email: ZZZZZ@example.com
15:13:14.736 [main] INFO com.passwordmanager.backend.service.AuthenticationService -- Recovery key validation for user ZZZZZ@example.com: SUCCESS
15:13:14.794 [main] INFO com.passwordmanager.backend.service.AuthenticationService -- Recovery key validation for user ZZZZZ@example.com: FAILED
15:13:14.854 [main] INFO com.passwordmanager.backend.service.AuthenticationService -- Attempting to register new user with email: zcghrawFQSXwUVTCEHwe@example.com
15:13:14.912 [main] INFO com.passwordmanager.backend.service.AuthenticationService -- Successfully registered new user with ID: ddbd6256-d8e9-4dbc-8216-5217cfe581d2 and email: zcghrawFQSXwUVTCEHwe@example.com
15:13:14.973 [main] INFO com.passwordmanager.backend.service.AuthenticationService -- Recovery key validation for user zcghrawFQSXwUVTCEHwe@example.com: SUCCESS
15:13:15.032 [main] INFO com.passwordmanager.backend.service.AuthenticationService -- Recovery key validation for user zcghrawFQSXwUVTCEHwe@example.com: FAILED
15:13:15.091 [main] INFO com.passwordmanager.backend.service.AuthenticationService -- Attempting to register new user with email: pJhAsKVFsgmGl@example.com
15:13:15.150 [main] INFO com.passwordmanager.backend.service.AuthenticationService -- Successfully registered new user with ID: 901bc8ff-266a-47bb-a075-082144f50054 and email: pJhAsKVFsgmGl@example.com
15:13:15.207 [main] INFO com.passwordmanager.backend.service.AuthenticationService -- Recovery key validation for user pJhAsKVFsgmGl@example.com: SUCCESS
15:13:15.266 [main] INFO com.passwordmanager.backend.service.AuthenticationService -- Recovery key validation for user pJhAsKVFsgmGl@example.com: FAILED
15:13:15.324 [main] INFO com.passwordmanager.backend.service.AuthenticationService -- Attempting to register new user with email: gvbXBypwuaeQkpv@example.com
15:13:15.383 [main] INFO com.passwordmanager.backend.service.AuthenticationService -- Successfully registered new user with ID: a8d59043-f1b5-417f-8935-c1bd3a597371 and email: gvbXBypwuaeQkpv@example.com
15:13:15.438 [main] INFO com.passwordmanager.backend.service.AuthenticationService -- Recovery key validation for user gvbXBypwuaeQkpv@example.com: SUCCESS
15:13:15.497 [main] INFO com.passwordmanager.backend.service.AuthenticationService -- Recovery key validation for user gvbXBypwuaeQkpv@example.com: FAILED
15:13:15.555 [main] INFO com.passwordmanager.backend.service.AuthenticationService -- Attempting to register new user with email: mqtUTconYIJGIP@example.com
15:13:15.614 [main] INFO com.passwordmanager.backend.service.AuthenticationService -- Successfully registered new user with ID: 71fd67d4-37e1-4572-beee-5b930bae785f and email: mqtUTconYIJGIP@example.com
15:13:15.670 [main] INFO com.passwordmanager.backend.service.AuthenticationService -- Recovery key validation for user mqtUTconYIJGIP@example.com: SUCCESS
15:13:15.728 [main] INFO com.passwordmanager.backend.service.AuthenticationService -- Recovery key validation for user mqtUTconYIJGIP@example.com: FAILED
15:13:15.788 [main] INFO com.passwordmanager.backend.service.AuthenticationService -- Attempting to register new user with email: YFlimQQROHrY@example.com
15:13:15.845 [main] INFO com.passwordmanager.backend.service.AuthenticationService -- Successfully registered new user with ID: 8a0f4c48-975a-4a72-b741-7129619cf8d9 and email: YFlimQQROHrY@example.com
15:13:15.904 [main] INFO com.passwordmanager.backend.service.AuthenticationService -- Recovery key validation for user YFlimQQROHrY@example.com: SUCCESS
15:13:15.962 [main] INFO com.passwordmanager.backend.service.AuthenticationService -- Recovery key validation for user YFlimQQROHrY@example.com: FAILED
15:13:16.021 [main] INFO com.passwordmanager.backend.service.AuthenticationService -- Attempting to register new user with email: PkWWTBQ@example.com
15:13:16.080 [main] INFO com.passwordmanager.backend.service.AuthenticationService -- Successfully registered new user with ID: bc64ae2c-342a-4009-97ad-c2168fadea0c and email: PkWWTBQ@example.com
15:13:16.139 [main] INFO com.passwordmanager.backend.service.AuthenticationService -- Recovery key validation for user PkWWTBQ@example.com: SUCCESS
15:13:16.197 [main] INFO com.passwordmanager.backend.service.AuthenticationService -- Recovery key validation for user PkWWTBQ@example.com: FAILED
15:13:16.259 [main] INFO com.passwordmanager.backend.service.AuthenticationService -- Attempting to register new user with email: LJHXCtFzkdZDft@example.com
15:13:16.320 [main] INFO com.passwordmanager.backend.service.AuthenticationService -- Successfully registered new user with ID: 8c8d704f-9362-4a18-85a7-9a8eefbdc340 and email: LJHXCtFzkdZDft@example.com
15:13:16.379 [main] INFO com.passwordmanager.backend.service.AuthenticationService -- Recovery key validation for user LJHXCtFzkdZDft@example.com: SUCCESS
15:13:16.437 [main] INFO com.passwordmanager.backend.service.AuthenticationService -- Recovery key validation for user LJHXCtFzkdZDft@example.com: FAILED
15:13:16.497 [main] INFO com.passwordmanager.backend.service.AuthenticationService -- Attempting to register new user with email: ApxiT@example.com
15:13:16.558 [main] INFO com.passwordmanager.backend.service.AuthenticationService -- Successfully registered new user with ID: 3acc0a0b-2d43-4cb5-9354-d923c4604fd6 and email: ApxiT@example.com
15:13:16.618 [main] INFO com.passwordmanager.backend.service.AuthenticationService -- Recovery key validation for user ApxiT@example.com: SUCCESS
15:13:16.677 [main] INFO com.passwordmanager.backend.service.AuthenticationService -- Recovery key validation for user ApxiT@example.com: FAILED
15:13:16.740 [main] INFO com.passwordmanager.backend.service.AuthenticationService -- Attempting to register new user with email: WZlkFM@example.com
15:13:16.797 [main] INFO com.passwordmanager.backend.service.AuthenticationService -- Successfully registered new user with ID: 854cd354-7c9f-4241-9ebf-70aaa5c2b9cf and email: WZlkFM@example.com
15:13:16.857 [main] INFO com.passwordmanager.backend.service.AuthenticationService -- Recovery key validation for user WZlkFM@example.com: SUCCESS
15:13:16.918 [main] INFO com.passwordmanager.backend.service.AuthenticationService -- Recovery key validation for user WZlkFM@example.com: FAILED
15:13:16.978 [main] INFO com.passwordmanager.backend.service.AuthenticationService -- Attempting to register new user with email: MtrawA@example.com
15:13:17.056 [main] INFO com.passwordmanager.backend.service.AuthenticationService -- Successfully registered new user with ID: 8f5fe14e-a884-40b7-a17f-cc6e31e8a57c and email: MtrawA@example.com
15:13:17.119 [main] INFO com.passwordmanager.backend.service.AuthenticationService -- Recovery key validation for user MtrawA@example.com: SUCCESS
15:13:17.176 [main] INFO com.passwordmanager.backend.service.AuthenticationService -- Recovery key validation for user MtrawA@example.com: FAILED
15:13:17.235 [main] INFO com.passwordmanager.backend.service.AuthenticationService -- Attempting to register new user with email: YJRdhw@example.com
15:13:17.291 [main] INFO com.passwordmanager.backend.service.AuthenticationService -- Successfully registered new user with ID: 2172173e-dc8f-44b6-9c83-3b6c3965e6c7 and email: YJRdhw@example.com
15:13:17.350 [main] INFO com.passwordmanager.backend.service.AuthenticationService -- Recovery key validation for user YJRdhw@example.com: SUCCESS
15:13:17.407 [main] INFO com.passwordmanager.backend.service.AuthenticationService -- Recovery key validation for user YJRdhw@example.com: FAILED
15:13:17.467 [main] INFO com.passwordmanager.backend.service.AuthenticationService -- Attempting to register new user with email: dKdVbxQnq@example.com
15:13:17.523 [main] INFO com.passwordmanager.backend.service.AuthenticationService -- Successfully registered new user with ID: dc85869f-42d7-4589-8922-4e0edc0187e2 and email: dKdVbxQnq@example.com
15:13:17.582 [main] INFO com.passwordmanager.backend.service.AuthenticationService -- Recovery key validation for user dKdVbxQnq@example.com: SUCCESS
15:13:17.637 [main] INFO com.passwordmanager.backend.service.AuthenticationService -- Recovery key validation for user dKdVbxQnq@example.com: FAILED
15:13:17.698 [main] INFO com.passwordmanager.backend.service.AuthenticationService -- Attempting to register new user with email: yhJyHJSwtoMpcxhKafaG@example.com
15:13:17.754 [main] INFO com.passwordmanager.backend.service.AuthenticationService -- Successfully registered new user with ID: 767c9a27-dbaf-4b69-9865-61a28ebb294c and email: yhJyHJSwtoMpcxhKafaG@example.com
15:13:17.814 [main] INFO com.passwordmanager.backend.service.AuthenticationService -- Recovery key validation for user yhJyHJSwtoMpcxhKafaG@example.com: SUCCESS
15:13:17.870 [main] INFO com.passwordmanager.backend.service.AuthenticationService -- Recovery key validation for user yhJyHJSwtoMpcxhKafaG@example.com: FAILED
15:13:17.930 [main] INFO com.passwordmanager.backend.service.AuthenticationService -- Attempting to register new user with email: tRyAabXsvCjU@example.com
15:13:17.986 [main] INFO com.passwordmanager.backend.service.AuthenticationService -- Successfully registered new user with ID: df150c52-28f3-49ed-b8a3-3902156ffe9f and email: tRyAabXsvCjU@example.com
15:13:18.043 [main] INFO com.passwordmanager.backend.service.AuthenticationService -- Recovery key validation for user tRyAabXsvCjU@example.com: SUCCESS
15:13:18.101 [main] INFO com.passwordmanager.backend.service.AuthenticationService -- Recovery key validation for user tRyAabXsvCjU@example.com: FAILED
15:13:18.158 [main] INFO com.passwordmanager.backend.service.AuthenticationService -- Attempting to register new user with email: VjUDdXQbK@example.com
15:13:18.215 [main] INFO com.passwordmanager.backend.service.AuthenticationService -- Successfully registered new user with ID: 0c6b3c26-c8ac-4640-a629-9b816ccd36a2 and email: VjUDdXQbK@example.com
15:13:18.274 [main] INFO com.passwordmanager.backend.service.AuthenticationService -- Recovery key validation for user VjUDdXQbK@example.com: SUCCESS
15:13:18.332 [main] INFO com.passwordmanager.backend.service.AuthenticationService -- Recovery key validation for user VjUDdXQbK@example.com: FAILED
15:13:18.393 [main] INFO com.passwordmanager.backend.service.AuthenticationService -- Attempting to register new user with email: mrnURmKlOJD@example.com
15:13:18.452 [main] INFO com.passwordmanager.backend.service.AuthenticationService -- Successfully registered new user with ID: c2fe84ad-12e5-4b01-8a0b-fd5220143264 and email: mrnURmKlOJD@example.com
15:13:18.507 [main] INFO com.passwordmanager.backend.service.AuthenticationService -- Recovery key validation for user mrnURmKlOJD@example.com: SUCCESS
15:13:18.563 [main] INFO com.passwordmanager.backend.service.AuthenticationService -- Recovery key validation for user mrnURmKlOJD@example.com: FAILED
15:13:18.620 [main] INFO com.passwordmanager.backend.service.AuthenticationService -- Attempting to register new user with email: nxrfajNCVkIYs@example.com
15:13:18.677 [main] INFO com.passwordmanager.backend.service.AuthenticationService -- Successfully registered new user with ID: 81b2fea3-2b7d-4997-a003-ce20c34c3082 and email: nxrfajNCVkIYs@example.com
15:13:18.734 [main] INFO com.passwordmanager.backend.service.AuthenticationService -- Recovery key validation for user nxrfajNCVkIYs@example.com: SUCCESS
15:13:18.790 [main] INFO com.passwordmanager.backend.service.AuthenticationService -- Recovery key validation for user nxrfajNCVkIYs@example.com: FAILED
15:13:18.850 [main] INFO com.passwordmanager.backend.service.AuthenticationService -- Attempting to register new user with email: aaaaa@example.com
15:13:18.906 [main] INFO com.passwordmanager.backend.service.AuthenticationService -- Successfully registered new user with ID: 09dc000a-5a5c-4785-8e6c-b8d242c64830 and email: aaaaa@example.com
15:13:18.963 [main] INFO com.passwordmanager.backend.service.AuthenticationService -- Recovery key validation for user aaaaa@example.com: SUCCESS
15:13:19.022 [main] INFO com.passwordmanager.backend.service.AuthenticationService -- Recovery key validation for user aaaaa@example.com: FAILED
15:13:19.082 [main] INFO com.passwordmanager.backend.service.AuthenticationService -- Attempting to register new user with email: BgGKZyxulfjq@example.com
15:13:19.141 [main] INFO com.passwordmanager.backend.service.AuthenticationService -- Successfully registered new user with ID: 298c46c6-3ef1-4a82-b806-6eb7fb5000e9 and email: BgGKZyxulfjq@example.com
15:13:19.201 [main] INFO com.passwordmanager.backend.service.AuthenticationService -- Recovery key validation for user BgGKZyxulfjq@example.com: SUCCESS
15:13:19.261 [main] INFO com.passwordmanager.backend.service.AuthenticationService -- Recovery key validation for user BgGKZyxulfjq@example.com: FAILED
15:13:19.320 [main] INFO com.passwordmanager.backend.service.AuthenticationService -- Attempting to register new user with email: HKNZPFBJ@example.com
15:13:19.378 [main] INFO com.passwordmanager.backend.service.AuthenticationService -- Successfully registered new user with ID: 51cdc3de-4751-4d66-89ee-adf5d5d637de and email: HKNZPFBJ@example.com
15:13:19.436 [main] INFO com.passwordmanager.backend.service.AuthenticationService -- Recovery key validation for user HKNZPFBJ@example.com: SUCCESS
15:13:19.493 [main] INFO com.passwordmanager.backend.service.AuthenticationService -- Recovery key validation for user HKNZPFBJ@example.com: FAILED
15:13:19.554 [main] INFO com.passwordmanager.backend.service.AuthenticationService -- Attempting to register new user with email: zzzzz@example.com
15:13:19.609 [main] INFO com.passwordmanager.backend.service.AuthenticationService -- Successfully registered new user with ID: 650871c3-ecb1-44bf-88c6-0ddcfc8d72be and email: zzzzz@example.com
15:13:19.668 [main] INFO com.passwordmanager.backend.service.AuthenticationService -- Recovery key validation for user zzzzz@example.com: SUCCESS
15:13:19.725 [main] INFO com.passwordmanager.backend.service.AuthenticationService -- Recovery key validation for user zzzzz@example.com: FAILED
15:13:19.784 [main] INFO com.passwordmanager.backend.service.AuthenticationService -- Attempting to register new user with email: ZZZZZ@example.com
15:13:19.843 [main] INFO com.passwordmanager.backend.service.AuthenticationService -- Successfully registered new user with ID: 689b8325-fad5-4e5b-b7ab-20d137f00f0b and email: ZZZZZ@example.com
15:13:19.903 [main] INFO com.passwordmanager.backend.service.AuthenticationService -- Recovery key validation for user ZZZZZ@example.com: SUCCESS
15:13:19.964 [main] INFO com.passwordmanager.backend.service.AuthenticationService -- Recovery key validation for user ZZZZZ@example.com: FAILED
15:13:20.025 [main] INFO com.passwordmanager.backend.service.AuthenticationService -- Attempting to register new user with email: yPBrGJSDcrQXPBE@example.com
15:13:20.086 [main] INFO com.passwordmanager.backend.service.AuthenticationService -- Successfully registered new user with ID: 6088fb45-4280-4800-b549-0e20a93aebc7 and email: yPBrGJSDcrQXPBE@example.com
15:13:20.146 [main] INFO com.passwordmanager.backend.service.AuthenticationService -- Recovery key validation for user yPBrGJSDcrQXPBE@example.com: SUCCESS
15:13:20.206 [main] INFO com.passwordmanager.backend.service.AuthenticationService -- Recovery key validation for user yPBrGJSDcrQXPBE@example.com: FAILED
15:13:20.268 [main] INFO com.passwordmanager.backend.service.AuthenticationService -- Attempting to register new user with email: CSzPBXzZQOenuSO@example.com
15:13:20.327 [main] INFO com.passwordmanager.backend.service.AuthenticationService -- Successfully registered new user with ID: 666ceee8-4b0d-440c-aeb2-e921a177f011 and email: CSzPBXzZQOenuSO@example.com
15:13:20.384 [main] INFO com.passwordmanager.backend.service.AuthenticationService -- Recovery key validation for user CSzPBXzZQOenuSO@example.com: SUCCESS
15:13:20.445 [main] INFO com.passwordmanager.backend.service.AuthenticationService -- Recovery key validation for user CSzPBXzZQOenuSO@example.com: FAILED
15:13:20.506 [main] INFO com.passwordmanager.backend.service.AuthenticationService -- Attempting to register new user with email: yNMbs@example.com
15:13:20.566 [main] INFO com.passwordmanager.backend.service.AuthenticationService -- Successfully registered new user with ID: 7014d88e-16fb-48c4-8cb2-065acc87593a and email: yNMbs@example.com
15:13:20.628 [main] INFO com.passwordmanager.backend.service.AuthenticationService -- Recovery key validation for user yNMbs@example.com: SUCCESS
15:13:20.689 [main] INFO com.passwordmanager.backend.service.AuthenticationService -- Recovery key validation for user yNMbs@example.com: FAILED
15:13:20.749 [main] INFO com.passwordmanager.backend.service.AuthenticationService -- Attempting to register new user with email: ZZZZZ@example.com
15:13:20.809 [main] INFO com.passwordmanager.backend.service.AuthenticationService -- Successfully registered new user with ID: b7ed7c75-36a2-4791-8b12-42b3bcd4cea7 and email: ZZZZZ@example.com
15:13:20.869 [main] INFO com.passwordmanager.backend.service.AuthenticationService -- Recovery key validation for user ZZZZZ@example.com: SUCCESS
15:13:20.929 [main] INFO com.passwordmanager.backend.service.AuthenticationService -- Recovery key validation for user ZZZZZ@example.com: FAILED
15:13:20.989 [main] INFO com.passwordmanager.backend.service.AuthenticationService -- Attempting to register new user with email: hoYJYGAqPAfmHSzhh@example.com
15:13:21.048 [main] INFO com.passwordmanager.backend.service.AuthenticationService -- Successfully registered new user with ID: f91702d8-b1a6-49f3-bac6-fa324dc1c15f and email: hoYJYGAqPAfmHSzhh@example.com
15:13:21.107 [main] INFO com.passwordmanager.backend.service.AuthenticationService -- Recovery key validation for user hoYJYGAqPAfmHSzhh@example.com: SUCCESS
15:13:21.167 [main] INFO com.passwordmanager.backend.service.AuthenticationService -- Recovery key validation for user hoYJYGAqPAfmHSzhh@example.com: FAILED
15:13:21.228 [main] INFO com.passwordmanager.backend.service.AuthenticationService -- Attempting to register new user with email: JBXBsGy@example.com
15:13:21.284 [main] INFO com.passwordmanager.backend.service.AuthenticationService -- Successfully registered new user with ID: 3ecc9e36-c9c5-4a7b-b256-b7ed4d30de13 and email: JBXBsGy@example.com
15:13:21.341 [main] INFO com.passwordmanager.backend.service.AuthenticationService -- Recovery key validation for user JBXBsGy@example.com: SUCCESS
15:13:21.399 [main] INFO com.passwordmanager.backend.service.AuthenticationService -- Recovery key validation for user JBXBsGy@example.com: FAILED
15:13:21.456 [main] INFO com.passwordmanager.backend.service.AuthenticationService -- Attempting to register new user with email: xarqRleXoFHGiz@example.com
15:13:21.512 [main] INFO com.passwordmanager.backend.service.AuthenticationService -- Successfully registered new user with ID: c577d63d-8eb0-4a44-bc29-fe69121caf32 and email: xarqRleXoFHGiz@example.com
15:13:21.568 [main] INFO com.passwordmanager.backend.service.AuthenticationService -- Recovery key validation for user xarqRleXoFHGiz@example.com: SUCCESS
15:13:21.626 [main] INFO com.passwordmanager.backend.service.AuthenticationService -- Recovery key validation for user xarqRleXoFHGiz@example.com: FAILED
15:13:21.687 [main] INFO com.passwordmanager.backend.service.AuthenticationService -- Attempting to register new user with email: jQASe@example.com
15:13:21.747 [main] INFO com.passwordmanager.backend.service.AuthenticationService -- Successfully registered new user with ID: 379cc652-232f-4384-8570-f964af8c25aa and email: jQASe@example.com
15:13:21.807 [main] INFO com.passwordmanager.backend.service.AuthenticationService -- Recovery key validation for user jQASe@example.com: SUCCESS
15:13:21.869 [main] INFO com.passwordmanager.backend.service.AuthenticationService -- Recovery key validation for user jQASe@example.com: FAILED
15:13:21.929 [main] INFO com.passwordmanager.backend.service.AuthenticationService -- Attempting to register new user with email: OhbOZQ@example.com
15:13:21.989 [main] INFO com.passwordmanager.backend.service.AuthenticationService -- Successfully registered new user with ID: 2269382d-b7fe-406b-a249-4f408d161264 and email: OhbOZQ@example.com
15:13:22.046 [main] INFO com.passwordmanager.backend.service.AuthenticationService -- Recovery key validation for user OhbOZQ@example.com: SUCCESS
15:13:22.106 [main] INFO com.passwordmanager.backend.service.AuthenticationService -- Recovery key validation for user OhbOZQ@example.com: FAILED
15:13:22.165 [main] INFO com.passwordmanager.backend.service.AuthenticationService -- Attempting to register new user with email: vVxDOlQDKpfeEf@example.com
15:13:22.225 [main] INFO com.passwordmanager.backend.service.AuthenticationService -- Successfully registered new user with ID: 91b900a4-2666-4a76-9457-1692adab761c and email: vVxDOlQDKpfeEf@example.com
15:13:22.282 [main] INFO com.passwordmanager.backend.service.AuthenticationService -- Recovery key validation for user vVxDOlQDKpfeEf@example.com: SUCCESS
15:13:22.340 [main] INFO com.passwordmanager.backend.service.AuthenticationService -- Recovery key validation for user vVxDOlQDKpfeEf@example.com: FAILED
15:13:22.400 [main] INFO com.passwordmanager.backend.service.AuthenticationService -- Attempting to register new user with email: whsCA@example.com
15:13:22.458 [main] INFO com.passwordmanager.backend.service.AuthenticationService -- Successfully registered new user with ID: 2ac25b40-2e46-4861-bae1-c97e06cbfae0 and email: whsCA@example.com
15:13:22.520 [main] INFO com.passwordmanager.backend.service.AuthenticationService -- Recovery key validation for user whsCA@example.com: SUCCESS
15:13:22.578 [main] INFO com.passwordmanager.backend.service.AuthenticationService -- Recovery key validation for user whsCA@example.com: FAILED
15:13:22.639 [main] INFO com.passwordmanager.backend.service.AuthenticationService -- Attempting to register new user with email: bCevcUJpzVNiGdnghx@example.com
15:13:22.696 [main] INFO com.passwordmanager.backend.service.AuthenticationService -- Successfully registered new user with ID: 3f010a56-3ba9-45a9-b140-5fa5d9c0388e and email: bCevcUJpzVNiGdnghx@example.com
15:13:22.755 [main] INFO com.passwordmanager.backend.service.AuthenticationService -- Recovery key validation for user bCevcUJpzVNiGdnghx@example.com: SUCCESS
15:13:22.814 [main] INFO com.passwordmanager.backend.service.AuthenticationService -- Recovery key validation for user bCevcUJpzVNiGdnghx@example.com: FAILED
15:13:22.874 [main] INFO com.passwordmanager.backend.service.AuthenticationService -- Attempting to register new user with email: rOHhI@example.com
15:13:22.932 [main] INFO com.passwordmanager.backend.service.AuthenticationService -- Successfully registered new user with ID: 5ba0035e-cf33-4d32-b485-8166ca43e493 and email: rOHhI@example.com
15:13:22.990 [main] INFO com.passwordmanager.backend.service.AuthenticationService -- Recovery key validation for user rOHhI@example.com: SUCCESS
15:13:23.047 [main] INFO com.passwordmanager.backend.service.AuthenticationService -- Recovery key validation for user rOHhI@example.com: FAILED
15:13:23.106 [main] INFO com.passwordmanager.backend.service.AuthenticationService -- Attempting to register new user with email: pIskEBvEhBhB@example.com
15:13:23.165 [main] INFO com.passwordmanager.backend.service.AuthenticationService -- Successfully registered new user with ID: e6028671-c6cf-4a37-99b4-ade2ddcc2f0a and email: pIskEBvEhBhB@example.com
15:13:23.223 [main] INFO com.passwordmanager.backend.service.AuthenticationService -- Recovery key validation for user pIskEBvEhBhB@example.com: SUCCESS
15:13:23.281 [main] INFO com.passwordmanager.backend.service.AuthenticationService -- Recovery key validation for user pIskEBvEhBhB@example.com: FAILED
15:13:23.340 [main] INFO com.passwordmanager.backend.service.AuthenticationService -- Attempting to register new user with email: ZZZZZ@example.com
15:13:23.399 [main] INFO com.passwordmanager.backend.service.AuthenticationService -- Successfully registered new user with ID: b03112bf-5c56-4fe3-bb5e-0d675abf1e6b and email: ZZZZZ@example.com
15:13:23.460 [main] INFO com.passwordmanager.backend.service.AuthenticationService -- Recovery key validation for user ZZZZZ@example.com: SUCCESS
15:13:23.521 [main] INFO com.passwordmanager.backend.service.AuthenticationService -- Recovery key validation for user ZZZZZ@example.com: FAILED
15:13:23.579 [main] INFO com.passwordmanager.backend.service.AuthenticationService -- Attempting to register new user with email: SKqQA@example.com
15:13:23.638 [main] INFO com.passwordmanager.backend.service.AuthenticationService -- Successfully registered new user with ID: f197e055-942c-4567-bb81-e1cb1f0d3d4f and email: SKqQA@example.com
15:13:23.698 [main] INFO com.passwordmanager.backend.service.AuthenticationService -- Recovery key validation for user SKqQA@example.com: SUCCESS
15:13:23.757 [main] INFO com.passwordmanager.backend.service.AuthenticationService -- Recovery key validation for user SKqQA@example.com: FAILED
15:13:23.818 [main] INFO com.passwordmanager.backend.service.AuthenticationService -- Attempting to register new user with email: aaaaa@example.com
15:13:23.875 [main] INFO com.passwordmanager.backend.service.AuthenticationService -- Successfully registered new user with ID: 1b2a90d0-c8df-44f5-a191-77bb30168aae and email: aaaaa@example.com
15:13:23.932 [main] INFO com.passwordmanager.backend.service.AuthenticationService -- Recovery key validation for user aaaaa@example.com: SUCCESS
15:13:23.991 [main] INFO com.passwordmanager.backend.service.AuthenticationService -- Recovery key validation for user aaaaa@example.com: FAILED
15:13:24.053 [main] INFO com.passwordmanager.backend.service.AuthenticationService -- Attempting to register new user with email: mIjOFcO@example.com
15:13:24.112 [main] INFO com.passwordmanager.backend.service.AuthenticationService -- Successfully registered new user with ID: 0c6c7cd8-04e1-4da3-8b67-5b5260b09c22 and email: mIjOFcO@example.com
15:13:24.174 [main] INFO com.passwordmanager.backend.service.AuthenticationService -- Recovery key validation for user mIjOFcO@example.com: SUCCESS
15:13:24.233 [main] INFO com.passwordmanager.backend.service.AuthenticationService -- Recovery key validation for user mIjOFcO@example.com: FAILED
15:13:24.294 [main] INFO com.passwordmanager.backend.service.AuthenticationService -- Attempting to register new user with email: zzzzz@example.com
15:13:24.355 [main] INFO com.passwordmanager.backend.service.AuthenticationService -- Successfully registered new user with ID: 61123e66-3d2d-42ba-a28f-afed0bdf287e and email: zzzzz@example.com
15:13:24.413 [main] INFO com.passwordmanager.backend.service.AuthenticationService -- Recovery key validation for user zzzzz@example.com: SUCCESS
15:13:24.473 [main] INFO com.passwordmanager.backend.service.AuthenticationService -- Recovery key validation for user zzzzz@example.com: FAILED
15:13:24.530 [main] INFO com.passwordmanager.backend.service.AuthenticationService -- Attempting to register new user with email: rroxMmuFfh@example.com
15:13:24.589 [main] INFO com.passwordmanager.backend.service.AuthenticationService -- Successfully registered new user with ID: 80a0f7d4-54c9-4018-a503-b7ca5cd0a0c2 and email: rroxMmuFfh@example.com
15:13:24.647 [main] INFO com.passwordmanager.backend.service.AuthenticationService -- Recovery key validation for user rroxMmuFfh@example.com: SUCCESS
15:13:24.704 [main] INFO com.passwordmanager.backend.service.AuthenticationService -- Recovery key validation for user rroxMmuFfh@example.com: FAILED
15:13:24.764 [main] INFO com.passwordmanager.backend.service.AuthenticationService -- Attempting to register new user with email: avFSNqbeCpd@example.com
15:13:24.825 [main] INFO com.passwordmanager.backend.service.AuthenticationService -- Successfully registered new user with ID: 1daa1a1e-0482-4d3b-9cce-e17eab89e497 and email: avFSNqbeCpd@example.com
15:13:24.885 [main] INFO com.passwordmanager.backend.service.AuthenticationService -- Recovery key validation for user avFSNqbeCpd@example.com: SUCCESS
15:13:24.946 [main] INFO com.passwordmanager.backend.service.AuthenticationService -- Recovery key validation for user avFSNqbeCpd@example.com: FAILED
15:13:25.006 [main] INFO com.passwordmanager.backend.service.AuthenticationService -- Attempting to register new user with email: yeFiPP@example.com
15:13:25.062 [main] INFO com.passwordmanager.backend.service.AuthenticationService -- Successfully registered new user with ID: e93af441-a5ad-4f8d-9c98-963868abdc04 and email: yeFiPP@example.com
15:13:25.120 [main] INFO com.passwordmanager.backend.service.AuthenticationService -- Recovery key validation for user yeFiPP@example.com: SUCCESS
15:13:25.178 [main] INFO com.passwordmanager.backend.service.AuthenticationService -- Recovery key validation for user yeFiPP@example.com: FAILED
15:13:25.240 [main] INFO com.passwordmanager.backend.service.AuthenticationService -- Attempting to register new user with email: zzzzz@example.com
15:13:25.297 [main] INFO com.passwordmanager.backend.service.AuthenticationService -- Successfully registered new user with ID: 11bc000c-74a8-47c6-9713-a49055307383 and email: zzzzz@example.com
15:13:25.354 [main] INFO com.passwordmanager.backend.service.AuthenticationService -- Recovery key validation for user zzzzz@example.com: SUCCESS
15:13:25.413 [main] INFO com.passwordmanager.backend.service.AuthenticationService -- Recovery key validation for user zzzzz@example.com: FAILED
15:13:25.469 [main] INFO com.passwordmanager.backend.service.AuthenticationService -- Attempting to register new user with email: MmqLlYrIpnVMsr@example.com
15:13:25.527 [main] INFO com.passwordmanager.backend.service.AuthenticationService -- Successfully registered new user with ID: bbb3b6bc-64ff-4e5a-bdc3-8433616eb109 and email: MmqLlYrIpnVMsr@example.com
15:13:25.587 [main] INFO com.passwordmanager.backend.service.AuthenticationService -- Recovery key validation for user MmqLlYrIpnVMsr@example.com: SUCCESS
15:13:25.646 [main] INFO com.passwordmanager.backend.service.AuthenticationService -- Recovery key validation for user MmqLlYrIpnVMsr@example.com: FAILED
15:13:25.705 [main] INFO com.passwordmanager.backend.service.AuthenticationService -- Attempting to register new user with email: NUduiXUWizg@example.com
15:13:25.773 [main] INFO com.passwordmanager.backend.service.AuthenticationService -- Successfully registered new user with ID: 97a8d575-c79c-4703-89e8-636345d73d53 and email: NUduiXUWizg@example.com
15:13:25.834 [main] INFO com.passwordmanager.backend.service.AuthenticationService -- Recovery key validation for user NUduiXUWizg@example.com: SUCCESS
15:13:25.892 [main] INFO com.passwordmanager.backend.service.AuthenticationService -- Recovery key validation for user NUduiXUWizg@example.com: FAILED
15:13:25.955 [main] INFO com.passwordmanager.backend.service.AuthenticationService -- Attempting to register new user with email: aoYAZMijt@example.com
15:13:26.015 [main] INFO com.passwordmanager.backend.service.AuthenticationService -- Successfully registered new user with ID: 045050e0-2d69-4020-9bbd-ff9a94338064 and email: aoYAZMijt@example.com
15:13:26.075 [main] INFO com.passwordmanager.backend.service.AuthenticationService -- Recovery key validation for user aoYAZMijt@example.com: SUCCESS
15:13:26.134 [main] INFO com.passwordmanager.backend.service.AuthenticationService -- Recovery key validation for user aoYAZMijt@example.com: FAILED
15:13:26.195 [main] INFO com.passwordmanager.backend.service.AuthenticationService -- Attempting to register new user with email: pcXCOmtcVupuiEzPghr@example.com
15:13:26.253 [main] INFO com.passwordmanager.backend.service.AuthenticationService -- Successfully registered new user with ID: 1863260e-8838-411a-a295-f41e32c3fc4d and email: pcXCOmtcVupuiEzPghr@example.com
15:13:26.313 [main] INFO com.passwordmanager.backend.service.AuthenticationService -- Recovery key validation for user pcXCOmtcVupuiEzPghr@example.com: SUCCESS
15:13:26.373 [main] INFO com.passwordmanager.backend.service.AuthenticationService -- Recovery key validation for user pcXCOmtcVupuiEzPghr@example.com: FAILED
15:13:26.435 [main] INFO com.passwordmanager.backend.service.AuthenticationService -- Attempting to register new user with email: OjMtCuPyATXSViJZ@example.com
15:13:26.492 [main] INFO com.passwordmanager.backend.service.AuthenticationService -- Successfully registered new user with ID: 6f13adba-0ec1-43e2-a6de-96e4b210d018 and email: OjMtCuPyATXSViJZ@example.com
15:13:26.550 [main] INFO com.passwordmanager.backend.service.AuthenticationService -- Recovery key validation for user OjMtCuPyATXSViJZ@example.com: SUCCESS
15:13:26.606 [main] INFO com.passwordmanager.backend.service.AuthenticationService -- Recovery key validation for user OjMtCuPyATXSViJZ@example.com: FAILED
15:13:26.664 [main] INFO com.passwordmanager.backend.service.AuthenticationService -- Attempting to register new user with email: wzYpBvO@example.com
15:13:26.724 [main] INFO com.passwordmanager.backend.service.AuthenticationService -- Successfully registered new user with ID: a051fe49-0ad7-40c8-ab1b-97bb13afd849 and email: wzYpBvO@example.com
15:13:26.783 [main] INFO com.passwordmanager.backend.service.AuthenticationService -- Recovery key validation for user wzYpBvO@example.com: SUCCESS
15:13:26.845 [main] INFO com.passwordmanager.backend.service.AuthenticationService -- Recovery key validation for user wzYpBvO@example.com: FAILED
15:13:26.906 [main] INFO com.passwordmanager.backend.service.AuthenticationService -- Attempting to register new user with email: ybrLtZDU@example.com
15:13:26.967 [main] INFO com.passwordmanager.backend.service.AuthenticationService -- Successfully registered new user with ID: 28582f50-2835-427a-8862-026b30abdab6 and email: ybrLtZDU@example.com
15:13:27.027 [main] INFO com.passwordmanager.backend.service.AuthenticationService -- Recovery key validation for user ybrLtZDU@example.com: SUCCESS
15:13:27.087 [main] INFO com.passwordmanager.backend.service.AuthenticationService -- Recovery key validation for user ybrLtZDU@example.com: FAILED
15:13:27.147 [main] INFO com.passwordmanager.backend.service.AuthenticationService -- Attempting to register new user with email: FxSdtgIsfh@example.com
15:13:27.204 [main] INFO com.passwordmanager.backend.service.AuthenticationService -- Successfully registered new user with ID: 0f712169-bb10-4f57-ab4b-847ab0027bb6 and email: FxSdtgIsfh@example.com
15:13:27.265 [main] INFO com.passwordmanager.backend.service.AuthenticationService -- Recovery key validation for user FxSdtgIsfh@example.com: SUCCESS
15:13:27.323 [main] INFO com.passwordmanager.backend.service.AuthenticationService -- Recovery key validation for user FxSdtgIsfh@example.com: FAILED
15:13:27.384 [main] INFO com.passwordmanager.backend.service.AuthenticationService -- Attempting to register new user with email: BqtxEEGkYRxZm@example.com
15:13:27.442 [main] INFO com.passwordmanager.backend.service.AuthenticationService -- Successfully registered new user with ID: 7c7c9340-6438-4276-b76a-a875b5b77127 and email: BqtxEEGkYRxZm@example.com
15:13:27.500 [main] INFO com.passwordmanager.backend.service.AuthenticationService -- Recovery key validation for user BqtxEEGkYRxZm@example.com: SUCCESS
15:13:27.558 [main] INFO com.passwordmanager.backend.service.AuthenticationService -- Recovery key validation for user BqtxEEGkYRxZm@example.com: FAILED
15:13:27.619 [main] INFO com.passwordmanager.backend.service.AuthenticationService -- Attempting to register new user with email: AUkrsypxnChYMtG@example.com
15:13:27.679 [main] INFO com.passwordmanager.backend.service.AuthenticationService -- Successfully registered new user with ID: 29f6e104-8a78-4052-891d-11b800a8366e and email: AUkrsypxnChYMtG@example.com
15:13:27.739 [main] INFO com.passwordmanager.backend.service.AuthenticationService -- Recovery key validation for user AUkrsypxnChYMtG@example.com: SUCCESS
15:13:27.799 [main] INFO com.passwordmanager.backend.service.AuthenticationService -- Recovery key validation for user AUkrsypxnChYMtG@example.com: FAILED
15:13:27.862 [main] INFO com.passwordmanager.backend.service.AuthenticationService -- Attempting to register new user with email: zNluYSsNRKty@example.com
15:13:27.922 [main] INFO com.passwordmanager.backend.service.AuthenticationService -- Successfully registered new user with ID: aa9863cf-bb76-4f24-b489-4e1f6c3a53ef and email: zNluYSsNRKty@example.com
15:13:27.981 [main] INFO com.passwordmanager.backend.service.AuthenticationService -- Recovery key validation for user zNluYSsNRKty@example.com: SUCCESS
15:13:28.037 [main] INFO com.passwordmanager.backend.service.AuthenticationService -- Recovery key validation for user zNluYSsNRKty@example.com: FAILED
15:13:28.096 [main] INFO com.passwordmanager.backend.service.AuthenticationService -- Attempting to register new user with email: ijIoSOdpEBOhO@example.com
15:13:28.154 [main] INFO com.passwordmanager.backend.service.AuthenticationService -- Successfully registered new user with ID: d6b77c97-869c-4914-a11c-8b395ff2fdc3 and email: ijIoSOdpEBOhO@example.com
15:13:28.214 [main] INFO com.passwordmanager.backend.service.AuthenticationService -- Recovery key validation for user ijIoSOdpEBOhO@example.com: SUCCESS
15:13:28.270 [main] INFO com.passwordmanager.backend.service.AuthenticationService -- Recovery key validation for user ijIoSOdpEBOhO@example.com: FAILED
15:13:28.329 [main] INFO com.passwordmanager.backend.service.AuthenticationService -- Attempting to register new user with email: rbKTrlVbFoOcajX@example.com
15:13:28.385 [main] INFO com.passwordmanager.backend.service.AuthenticationService -- Successfully registered new user with ID: 1ba8326c-0277-4386-b4b4-71722af45c0c and email: rbKTrlVbFoOcajX@example.com
15:13:28.441 [main] INFO com.passwordmanager.backend.service.AuthenticationService -- Recovery key validation for user rbKTrlVbFoOcajX@example.com: SUCCESS
15:13:28.499 [main] INFO com.passwordmanager.backend.service.AuthenticationService -- Recovery key validation for user rbKTrlVbFoOcajX@example.com: FAILED
15:13:28.556 [main] INFO com.passwordmanager.backend.service.AuthenticationService -- Attempting to register new user with email: eLJqbMYMnNMRqQ@example.com
15:13:28.613 [main] INFO com.passwordmanager.backend.service.AuthenticationService -- Successfully registered new user with ID: 6c3c1651-bca8-479b-adba-8fc9cbc1b923 and email: eLJqbMYMnNMRqQ@example.com
15:13:28.667 [main] INFO com.passwordmanager.backend.service.AuthenticationService -- Recovery key validation for user eLJqbMYMnNMRqQ@example.com: SUCCESS
15:13:28.724 [main] INFO com.passwordmanager.backend.service.AuthenticationService -- Recovery key validation for user eLJqbMYMnNMRqQ@example.com: FAILED
15:13:28.782 [main] INFO com.passwordmanager.backend.service.AuthenticationService -- Attempting to register new user with email: yUyAdyCzLOKXcoaUM@example.com
15:13:28.840 [main] INFO com.passwordmanager.backend.service.AuthenticationService -- Successfully registered new user with ID: aa0e85d4-2e5b-4a0e-93fb-38d4773eb0b3 and email: yUyAdyCzLOKXcoaUM@example.com
15:13:28.896 [main] INFO com.passwordmanager.backend.service.AuthenticationService -- Recovery key validation for user yUyAdyCzLOKXcoaUM@example.com: SUCCESS
15:13:28.954 [main] INFO com.passwordmanager.backend.service.AuthenticationService -- Recovery key validation for user yUyAdyCzLOKXcoaUM@example.com: FAILED
15:13:29.012 [main] INFO com.passwordmanager.backend.service.AuthenticationService -- Attempting to register new user with email: KPNOzbvPd@example.com
15:13:29.069 [main] INFO com.passwordmanager.backend.service.AuthenticationService -- Successfully registered new user with ID: e7421bec-8f35-4ff5-966f-9fef5993c7fe and email: KPNOzbvPd@example.com
15:13:29.127 [main] INFO com.passwordmanager.backend.service.AuthenticationService -- Recovery key validation for user KPNOzbvPd@example.com: SUCCESS
15:13:29.186 [main] INFO com.passwordmanager.backend.service.AuthenticationService -- Recovery key validation for user KPNOzbvPd@example.com: FAILED
15:13:29.246 [main] INFO com.passwordmanager.backend.service.AuthenticationService -- Attempting to register new user with email: biLUAViGOCiofNZt@example.com
15:13:29.306 [main] INFO com.passwordmanager.backend.service.AuthenticationService -- Successfully registered new user with ID: 5ef902aa-6301-45b5-be70-32376e461d2b and email: biLUAViGOCiofNZt@example.com
15:13:29.366 [main] INFO com.passwordmanager.backend.service.AuthenticationService -- Recovery key validation for user biLUAViGOCiofNZt@example.com: SUCCESS
15:13:29.427 [main] INFO com.passwordmanager.backend.service.AuthenticationService -- Recovery key validation for user biLUAViGOCiofNZt@example.com: FAILED
15:13:29.488 [main] INFO com.passwordmanager.backend.service.AuthenticationService -- Attempting to register new user with email: MwPbwYn@example.com
15:13:29.547 [main] INFO com.passwordmanager.backend.service.AuthenticationService -- Successfully registered new user with ID: adf09fcb-7892-453a-9822-ec3bf076fe1a and email: MwPbwYn@example.com
15:13:29.604 [main] INFO com.passwordmanager.backend.service.AuthenticationService -- Recovery key validation for user MwPbwYn@example.com: SUCCESS
15:13:29.662 [main] INFO com.passwordmanager.backend.service.AuthenticationService -- Recovery key validation for user MwPbwYn@example.com: FAILED
15:13:29.721 [main] INFO com.passwordmanager.backend.service.AuthenticationService -- Attempting to register new user with email: bBmHOsLh@example.com
15:13:29.781 [main] INFO com.passwordmanager.backend.service.AuthenticationService -- Successfully registered new user with ID: d52adf23-c213-4df8-bc63-73c7ce68bfa1 and email: bBmHOsLh@example.com
15:13:29.839 [main] INFO com.passwordmanager.backend.service.AuthenticationService -- Recovery key validation for user bBmHOsLh@example.com: SUCCESS
15:13:29.900 [main] INFO com.passwordmanager.backend.service.AuthenticationService -- Recovery key validation for user bBmHOsLh@example.com: FAILED
15:13:29.960 [main] INFO com.passwordmanager.backend.service.AuthenticationService -- Attempting to register new user with email: qzLdkf@example.com
15:13:30.017 [main] INFO com.passwordmanager.backend.service.AuthenticationService -- Successfully registered new user with ID: 87c2dca3-a27c-4f8e-8fc2-bdfed2435bd0 and email: qzLdkf@example.com
15:13:30.074 [main] INFO com.passwordmanager.backend.service.AuthenticationService -- Recovery key validation for user qzLdkf@example.com: SUCCESS
15:13:30.131 [main] INFO com.passwordmanager.backend.service.AuthenticationService -- Recovery key validation for user qzLdkf@example.com: FAILED
15:13:30.191 [main] INFO com.passwordmanager.backend.service.AuthenticationService -- Attempting to register new user with email: MMlxpC@example.com
15:13:30.248 [main] INFO com.passwordmanager.backend.service.AuthenticationService -- Successfully registered new user with ID: d4cbf7ff-e32c-45dc-be14-35d60d1a488a and email: MMlxpC@example.com
15:13:30.306 [main] INFO com.passwordmanager.backend.service.AuthenticationService -- Recovery key validation for user MMlxpC@example.com: SUCCESS
15:13:30.366 [main] INFO com.passwordmanager.backend.service.AuthenticationService -- Recovery key validation for user MMlxpC@example.com: FAILED
timestamp = 2025-12-18T15:13:30.390153200, AuthenticationPropertyTest:recoveryKeyGeneration = 
                              |-----------------------jqwik-----------------------
tries = 100                   | # of calls to property
checks = 100                  | # of not rejected calls
generation = RANDOMIZED       | parameters are randomly generated
after-failure = SAMPLE_FIRST  | try previously failed sample, then previous seed
when-fixed-seed = ALLOW       | fixing the random seed is allowed
edge-cases#mode = MIXIN       | edge cases are mixed in
edge-cases#total = 4          | # of all combined edge cases
edge-cases#tried = 4          | # of edge cases tried in current run
seed = 5086856697560920365    | random seed to reproduce generated values


]]></system-out>
    <system-err><![CDATA[WARNING: A Java agent has been loaded dynamically (C:\Users\doriane\.m2\repository\net\bytebuddy\byte-buddy-agent\1.14.10\byte-buddy-agent-1.14.10.jar)
WARNING: If a serviceability tool is in use, please run with -XX:+EnableDynamicAgentLoading to hide this warning
WARNING: If a serviceability tool is not in use, please run with -Djdk.instrument.traceUsage for more information
WARNING: Dynamic loading of agents will be disallowed by default in a future release
]]></system-err>
  </testcase>
  <testcase name="authenticationRequiresDecryptionSuccess" classname="com.passwordmanager.backend.service.AuthenticationPropertyTest" time="5.921">
    <system-out><![CDATA[timestamp = 2025-12-18T15:13:36.319876100, AuthenticationPropertyTest:authenticationRequiresDecryptionSuccess = 
                              |-----------------------jqwik-----------------------
tries = 100                   | # of calls to property
checks = 100                  | # of not rejected calls
generation = RANDOMIZED       | parameters are randomly generated
after-failure = SAMPLE_FIRST  | try previously failed sample, then previous seed
when-fixed-seed = ALLOW       | fixing the random seed is allowed
edge-cases#mode = MIXIN       | edge cases are mixed in
edge-cases#total = 16         | # of all combined edge cases
edge-cases#tried = 15         | # of edge cases tried in current run
seed = -2396609353506245444   | random seed to reproduce generated values


]]></system-out>
  </testcase>
  <testcase name="failedAuthenticationBackoff" classname="com.passwordmanager.backend.service.AuthenticationPropertyTest" time="6.154">
    <system-out><![CDATA[15:13:36.462 [main] WARN com.passwordmanager.backend.service.AuthenticationService -- Failed login attempt 1 for ZwyMNb@example.com from 216.26.71.35
15:13:36.463 [main] WARN com.passwordmanager.backend.service.AuthenticationService -- Failed login attempt 2 for ZwyMNb@example.com from 216.26.71.35
15:13:36.463 [main] WARN com.passwordmanager.backend.service.AuthenticationService -- Failed login attempt 3 for ZwyMNb@example.com from 216.26.71.35
15:13:36.463 [main] WARN com.passwordmanager.backend.service.AuthenticationService -- Account locked out for 30 seconds after 3 failed attempts for ZwyMNb@example.com from 216.26.71.35
15:13:36.463 [main] WARN com.passwordmanager.backend.service.AuthenticationService -- Failed login attempt 4 for ZwyMNb@example.com from 216.26.71.35
15:13:36.463 [main] WARN com.passwordmanager.backend.service.AuthenticationService -- Account locked out for 60 seconds after 4 failed attempts for ZwyMNb@example.com from 216.26.71.35
15:13:36.464 [main] INFO com.passwordmanager.backend.service.AuthenticationService -- Successful login for ZwyMNb@example.com from 216.26.71.35 - cleared rate limiting counters
15:13:36.525 [main] WARN com.passwordmanager.backend.service.AuthenticationService -- Failed login attempt 1 for AAAAA@example.com from 2.2.2.2
15:13:36.525 [main] WARN com.passwordmanager.backend.service.AuthenticationService -- Failed login attempt 2 for AAAAA@example.com from 2.2.2.2
15:13:36.525 [main] WARN com.passwordmanager.backend.service.AuthenticationService -- Failed login attempt 3 for AAAAA@example.com from 2.2.2.2
15:13:36.526 [main] WARN com.passwordmanager.backend.service.AuthenticationService -- Account locked out for 30 seconds after 3 failed attempts for AAAAA@example.com from 2.2.2.2
15:13:36.526 [main] WARN com.passwordmanager.backend.service.AuthenticationService -- Failed login attempt 4 for AAAAA@example.com from 2.2.2.2
15:13:36.526 [main] WARN com.passwordmanager.backend.service.AuthenticationService -- Account locked out for 60 seconds after 4 failed attempts for AAAAA@example.com from 2.2.2.2
15:13:36.526 [main] INFO com.passwordmanager.backend.service.AuthenticationService -- Successful login for AAAAA@example.com from 2.2.2.2 - cleared rate limiting counters
15:13:36.597 [main] WARN com.passwordmanager.backend.service.AuthenticationService -- Failed login attempt 1 for RoXGC@example.com from 4.197.69.27
15:13:36.597 [main] WARN com.passwordmanager.backend.service.AuthenticationService -- Failed login attempt 2 for RoXGC@example.com from 4.197.69.27
15:13:36.598 [main] WARN com.passwordmanager.backend.service.AuthenticationService -- Failed login attempt 3 for RoXGC@example.com from 4.197.69.27
15:13:36.598 [main] WARN com.passwordmanager.backend.service.AuthenticationService -- Account locked out for 30 seconds after 3 failed attempts for RoXGC@example.com from 4.197.69.27
15:13:36.602 [main] WARN com.passwordmanager.backend.service.AuthenticationService -- Failed login attempt 4 for RoXGC@example.com from 4.197.69.27
15:13:36.602 [main] WARN com.passwordmanager.backend.service.AuthenticationService -- Account locked out for 60 seconds after 4 failed attempts for RoXGC@example.com from 4.197.69.27
15:13:36.603 [main] INFO com.passwordmanager.backend.service.AuthenticationService -- Successful login for RoXGC@example.com from 4.197.69.27 - cleared rate limiting counters
15:13:36.663 [main] WARN com.passwordmanager.backend.service.AuthenticationService -- Failed login attempt 1 for uOmlEsVQRihT@example.com from 12.78.34.209
15:13:36.663 [main] WARN com.passwordmanager.backend.service.AuthenticationService -- Failed login attempt 2 for uOmlEsVQRihT@example.com from 12.78.34.209
15:13:36.664 [main] WARN com.passwordmanager.backend.service.AuthenticationService -- Failed login attempt 3 for uOmlEsVQRihT@example.com from 12.78.34.209
15:13:36.664 [main] WARN com.passwordmanager.backend.service.AuthenticationService -- Account locked out for 30 seconds after 3 failed attempts for uOmlEsVQRihT@example.com from 12.78.34.209
15:13:36.664 [main] WARN com.passwordmanager.backend.service.AuthenticationService -- Failed login attempt 4 for uOmlEsVQRihT@example.com from 12.78.34.209
15:13:36.664 [main] WARN com.passwordmanager.backend.service.AuthenticationService -- Account locked out for 60 seconds after 4 failed attempts for uOmlEsVQRihT@example.com from 12.78.34.209
15:13:36.664 [main] INFO com.passwordmanager.backend.service.AuthenticationService -- Successful login for uOmlEsVQRihT@example.com from 12.78.34.209 - cleared rate limiting counters
15:13:36.724 [main] WARN com.passwordmanager.backend.service.AuthenticationService -- Failed login attempt 1 for Wbexrlcr@example.com from 28.51.104.16
15:13:36.724 [main] WARN com.passwordmanager.backend.service.AuthenticationService -- Failed login attempt 2 for Wbexrlcr@example.com from 28.51.104.16
15:13:36.724 [main] WARN com.passwordmanager.backend.service.AuthenticationService -- Failed login attempt 3 for Wbexrlcr@example.com from 28.51.104.16
15:13:36.724 [main] WARN com.passwordmanager.backend.service.AuthenticationService -- Account locked out for 30 seconds after 3 failed attempts for Wbexrlcr@example.com from 28.51.104.16
15:13:36.724 [main] WARN com.passwordmanager.backend.service.AuthenticationService -- Failed login attempt 4 for Wbexrlcr@example.com from 28.51.104.16
15:13:36.724 [main] WARN com.passwordmanager.backend.service.AuthenticationService -- Account locked out for 60 seconds after 4 failed attempts for Wbexrlcr@example.com from 28.51.104.16
15:13:36.725 [main] INFO com.passwordmanager.backend.service.AuthenticationService -- Successful login for Wbexrlcr@example.com from 28.51.104.16 - cleared rate limiting counters
15:13:36.784 [main] WARN com.passwordmanager.backend.service.AuthenticationService -- Failed login attempt 1 for CXiWfdmXPpp@example.com from 48.47.2.68
15:13:36.784 [main] WARN com.passwordmanager.backend.service.AuthenticationService -- Failed login attempt 2 for CXiWfdmXPpp@example.com from 48.47.2.68
15:13:36.784 [main] WARN com.passwordmanager.backend.service.AuthenticationService -- Failed login attempt 3 for CXiWfdmXPpp@example.com from 48.47.2.68
15:13:36.784 [main] WARN com.passwordmanager.backend.service.AuthenticationService -- Account locked out for 30 seconds after 3 failed attempts for CXiWfdmXPpp@example.com from 48.47.2.68
15:13:36.784 [main] WARN com.passwordmanager.backend.service.AuthenticationService -- Failed login attempt 4 for CXiWfdmXPpp@example.com from 48.47.2.68
15:13:36.785 [main] WARN com.passwordmanager.backend.service.AuthenticationService -- Account locked out for 60 seconds after 4 failed attempts for CXiWfdmXPpp@example.com from 48.47.2.68
15:13:36.785 [main] INFO com.passwordmanager.backend.service.AuthenticationService -- Successful login for CXiWfdmXPpp@example.com from 48.47.2.68 - cleared rate limiting counters
15:13:36.842 [main] WARN com.passwordmanager.backend.service.AuthenticationService -- Failed login attempt 1 for AAAAA@example.com from 1.1.1.1
15:13:36.842 [main] WARN com.passwordmanager.backend.service.AuthenticationService -- Failed login attempt 2 for AAAAA@example.com from 1.1.1.1
15:13:36.842 [main] WARN com.passwordmanager.backend.service.AuthenticationService -- Failed login attempt 3 for AAAAA@example.com from 1.1.1.1
15:13:36.842 [main] WARN com.passwordmanager.backend.service.AuthenticationService -- Account locked out for 30 seconds after 3 failed attempts for AAAAA@example.com from 1.1.1.1
15:13:36.842 [main] WARN com.passwordmanager.backend.service.AuthenticationService -- Failed login attempt 4 for AAAAA@example.com from 1.1.1.1
15:13:36.842 [main] WARN com.passwordmanager.backend.service.AuthenticationService -- Account locked out for 60 seconds after 4 failed attempts for AAAAA@example.com from 1.1.1.1
15:13:36.843 [main] INFO com.passwordmanager.backend.service.AuthenticationService -- Successful login for AAAAA@example.com from 1.1.1.1 - cleared rate limiting counters
15:13:36.904 [main] WARN com.passwordmanager.backend.service.AuthenticationService -- Failed login attempt 1 for KTfewQmotYc@example.com from 183.28.23.107
15:13:36.905 [main] WARN com.passwordmanager.backend.service.AuthenticationService -- Failed login attempt 2 for KTfewQmotYc@example.com from 183.28.23.107
15:13:36.905 [main] WARN com.passwordmanager.backend.service.AuthenticationService -- Failed login attempt 3 for KTfewQmotYc@example.com from 183.28.23.107
15:13:36.905 [main] WARN com.passwordmanager.backend.service.AuthenticationService -- Account locked out for 30 seconds after 3 failed attempts for KTfewQmotYc@example.com from 183.28.23.107
15:13:36.905 [main] WARN com.passwordmanager.backend.service.AuthenticationService -- Failed login attempt 4 for KTfewQmotYc@example.com from 183.28.23.107
15:13:36.905 [main] WARN com.passwordmanager.backend.service.AuthenticationService -- Account locked out for 60 seconds after 4 failed attempts for KTfewQmotYc@example.com from 183.28.23.107
15:13:36.905 [main] INFO com.passwordmanager.backend.service.AuthenticationService -- Successful login for KTfewQmotYc@example.com from 183.28.23.107 - cleared rate limiting counters
15:13:36.963 [main] WARN com.passwordmanager.backend.service.AuthenticationService -- Failed login attempt 1 for RaVUaaRVptH@example.com from 8.133.100.11
15:13:36.964 [main] WARN com.passwordmanager.backend.service.AuthenticationService -- Failed login attempt 2 for RaVUaaRVptH@example.com from 8.133.100.11
15:13:36.964 [main] WARN com.passwordmanager.backend.service.AuthenticationService -- Failed login attempt 3 for RaVUaaRVptH@example.com from 8.133.100.11
15:13:36.964 [main] WARN com.passwordmanager.backend.service.AuthenticationService -- Account locked out for 30 seconds after 3 failed attempts for RaVUaaRVptH@example.com from 8.133.100.11
15:13:36.964 [main] WARN com.passwordmanager.backend.service.AuthenticationService -- Failed login attempt 4 for RaVUaaRVptH@example.com from 8.133.100.11
15:13:36.964 [main] WARN com.passwordmanager.backend.service.AuthenticationService -- Account locked out for 60 seconds after 4 failed attempts for RaVUaaRVptH@example.com from 8.133.100.11
15:13:36.964 [main] INFO com.passwordmanager.backend.service.AuthenticationService -- Successful login for RaVUaaRVptH@example.com from 8.133.100.11 - cleared rate limiting counters
15:13:37.023 [main] WARN com.passwordmanager.backend.service.AuthenticationService -- Failed login attempt 1 for akFAu@example.com from 9.255.24.229
15:13:37.023 [main] WARN com.passwordmanager.backend.service.AuthenticationService -- Failed login attempt 2 for akFAu@example.com from 9.255.24.229
15:13:37.023 [main] WARN com.passwordmanager.backend.service.AuthenticationService -- Failed login attempt 3 for akFAu@example.com from 9.255.24.229
15:13:37.023 [main] WARN com.passwordmanager.backend.service.AuthenticationService -- Account locked out for 30 seconds after 3 failed attempts for akFAu@example.com from 9.255.24.229
15:13:37.024 [main] WARN com.passwordmanager.backend.service.AuthenticationService -- Failed login attempt 4 for akFAu@example.com from 9.255.24.229
15:13:37.024 [main] WARN com.passwordmanager.backend.service.AuthenticationService -- Account locked out for 60 seconds after 4 failed attempts for akFAu@example.com from 9.255.24.229
15:13:37.024 [main] INFO com.passwordmanager.backend.service.AuthenticationService -- Successful login for akFAu@example.com from 9.255.24.229 - cleared rate limiting counters
[...]
15:13:56.601 [main] ERROR com.passwordmanager.backend.util.JwtUtil -- Failed to get token remaining time: JWT expired 601 milliseconds ago at 2025-12-18T14:13:56.000Z. Current time: 2025-12-18T14:13:56.601Z. Allowed clock skew: 0 milliseconds.
15:13:56.769 [main] ERROR com.passwordmanager.backend.util.JwtUtil -- JWT token is expired: JWT expired 769 milliseconds ago at 2025-12-18T14:13:56.000Z. Current time: 2025-12-18T14:13:56.769Z. Allowed clock skew: 0 milliseconds.
15:13:56.769 [main] ERROR com.passwordmanager.backend.util.JwtUtil -- Token validation failed: JWT expired 769 milliseconds ago at 2025-12-18T14:13:56.000Z. Current time: 2025-12-18T14:13:56.769Z. Allowed clock skew: 0 milliseconds.
15:13:56.769 [main] ERROR com.passwordmanager.backend.util.JwtUtil -- JWT token is expired: JWT expired 769 milliseconds ago at 2025-12-18T14:13:56.000Z. Current time: 2025-12-18T14:13:56.769Z. Allowed clock skew: 0 milliseconds.
15:13:56.769 [main] ERROR com.passwordmanager.backend.util.JwtUtil -- Failed to get token remaining time: JWT expired 769 milliseconds ago at 2025-12-18T14:13:56.000Z. Current time: 2025-12-18T14:13:56.769Z. Allowed clock skew: 0 milliseconds.
15:13:56.940 [main] ERROR com.passwordmanager.backend.util.JwtUtil -- JWT token is expired: JWT expired 940 milliseconds ago at 2025-12-18T14:13:56.000Z. Current time: 2025-12-18T14:13:56.940Z. Allowed clock skew: 0 milliseconds.
15:13:56.940 [main] ERROR com.passwordmanager.backend.util.JwtUtil -- Token validation failed: JWT expired 940 milliseconds ago at 2025-12-18T14:13:56.000Z. Current time: 2025-12-18T14:13:56.940Z. Allowed clock skew: 0 milliseconds.
15:13:56.940 [main] ERROR com.passwordmanager.backend.util.JwtUtil -- JWT token is expired: JWT expired 940 milliseconds ago at 2025-12-18T14:13:56.000Z. Current time: 2025-12-18T14:13:56.940Z. Allowed clock skew: 0 milliseconds.
15:13:56.940 [main] ERROR com.passwordmanager.backend.util.JwtUtil -- Failed to get token remaining time: JWT expired 940 milliseconds ago at 2025-12-18T14:13:56.000Z. Current time: 2025-12-18T14:13:56.940Z. Allowed clock skew: 0 milliseconds.
15:13:57.113 [main] ERROR com.passwordmanager.backend.util.JwtUtil -- JWT token is expired: JWT expired 113 milliseconds ago at 2025-12-18T14:13:57.000Z. Current time: 2025-12-18T14:13:57.113Z. Allowed clock skew: 0 milliseconds.
15:13:57.113 [main] ERROR com.passwordmanager.backend.util.JwtUtil -- Token validation failed: JWT expired 113 milliseconds ago at 2025-12-18T14:13:57.000Z. Current time: 2025-12-18T14:13:57.113Z. Allowed clock skew: 0 milliseconds.
15:13:57.114 [main] ERROR com.passwordmanager.backend.util.JwtUtil -- JWT token is expired: JWT expired 114 milliseconds ago at 2025-12-18T14:13:57.000Z. Current time: 2025-12-18T14:13:57.114Z. Allowed clock skew: 0 milliseconds.
15:13:57.114 [main] ERROR com.passwordmanager.backend.util.JwtUtil -- Failed to get token remaining time: JWT expired 114 milliseconds ago at 2025-12-18T14:13:57.000Z. Current time: 2025-12-18T14:13:57.114Z. Allowed clock skew: 0 milliseconds.
15:13:57.285 [main] ERROR com.passwordmanager.backend.util.JwtUtil -- JWT token is expired: JWT expired 285 milliseconds ago at 2025-12-18T14:13:57.000Z. Current time: 2025-12-18T14:13:57.285Z. Allowed clock skew: 0 milliseconds.
15:13:57.285 [main] ERROR com.passwordmanager.backend.util.JwtUtil -- Token validation failed: JWT expired 285 milliseconds ago at 2025-12-18T14:13:57.000Z. Current time: 2025-12-18T14:13:57.285Z. Allowed clock skew: 0 milliseconds.
15:13:57.286 [main] ERROR com.passwordmanager.backend.util.JwtUtil -- JWT token is expired: JWT expired 286 milliseconds ago at 2025-12-18T14:13:57.000Z. Current time: 2025-12-18T14:13:57.286Z. Allowed clock skew: 0 milliseconds.
15:13:57.286 [main] ERROR com.passwordmanager.backend.util.JwtUtil -- Failed to get token remaining time: JWT expired 286 milliseconds ago at 2025-12-18T14:13:57.000Z. Current time: 2025-12-18T14:13:57.286Z. Allowed clock skew: 0 milliseconds.
15:13:57.458 [main] ERROR com.passwordmanager.backend.util.JwtUtil -- JWT token is expired: JWT expired 458 milliseconds ago at 2025-12-18T14:13:57.000Z. Current time: 2025-12-18T14:13:57.458Z. Allowed clock skew: 0 milliseconds.
15:13:57.458 [main] ERROR com.passwordmanager.backend.util.JwtUtil -- Token validation failed: JWT expired 458 milliseconds ago at 2025-12-18T14:13:57.000Z. Current time: 2025-12-18T14:13:57.458Z. Allowed clock skew: 0 milliseconds.
15:13:57.458 [main] ERROR com.passwordmanager.backend.util.JwtUtil -- JWT token is expired: JWT expired 458 milliseconds ago at 2025-12-18T14:13:57.000Z. Current time: 2025-12-18T14:13:57.458Z. Allowed clock skew: 0 milliseconds.
15:13:57.458 [main] ERROR com.passwordmanager.backend.util.JwtUtil -- Failed to get token remaining time: JWT expired 458 milliseconds ago at 2025-12-18T14:13:57.000Z. Current time: 2025-12-18T14:13:57.458Z. Allowed clock skew: 0 milliseconds.
15:13:57.630 [main] ERROR com.passwordmanager.backend.util.JwtUtil -- JWT token is expired: JWT expired 629 milliseconds ago at 2025-12-18T14:13:57.000Z. Current time: 2025-12-18T14:13:57.629Z. Allowed clock skew: 0 milliseconds.
15:13:57.630 [main] ERROR com.passwordmanager.backend.util.JwtUtil -- Token validation failed: JWT expired 629 milliseconds ago at 2025-12-18T14:13:57.000Z. Current time: 2025-12-18T14:13:57.629Z. Allowed clock skew: 0 milliseconds.
15:13:57.632 [main] ERROR com.passwordmanager.backend.util.JwtUtil -- JWT token is expired: JWT expired 631 milliseconds ago at 2025-12-18T14:13:57.000Z. Current time: 2025-12-18T14:13:57.631Z. Allowed clock skew: 0 milliseconds.
15:13:57.632 [main] ERROR com.passwordmanager.backend.util.JwtUtil -- Failed to get token remaining time: JWT expired 631 milliseconds ago at 2025-12-18T14:13:57.000Z. Current time: 2025-12-18T14:13:57.631Z. Allowed clock skew: 0 milliseconds.
15:13:57.799 [main] ERROR com.passwordmanager.backend.util.JwtUtil -- JWT token is expired: JWT expired 799 milliseconds ago at 2025-12-18T14:13:57.000Z. Current time: 2025-12-18T14:13:57.799Z. Allowed clock skew: 0 milliseconds.
15:13:57.799 [main] ERROR com.passwordmanager.backend.util.JwtUtil -- Token validation failed: JWT expired 799 milliseconds ago at 2025-12-18T14:13:57.000Z. Current time: 2025-12-18T14:13:57.799Z. Allowed clock skew: 0 milliseconds.
15:13:57.799 [main] ERROR com.passwordmanager.backend.util.JwtUtil -- JWT token is expired: JWT expired 799 milliseconds ago at 2025-12-18T14:13:57.000Z. Current time: 2025-12-18T14:13:57.799Z. Allowed clock skew: 0 milliseconds.
15:13:57.799 [main] ERROR com.passwordmanager.backend.util.JwtUtil -- Failed to get token remaining time: JWT expired 799 milliseconds ago at 2025-12-18T14:13:57.000Z. Current time: 2025-12-18T14:13:57.799Z. Allowed clock skew: 0 milliseconds.
15:13:57.969 [main] ERROR com.passwordmanager.backend.util.JwtUtil -- JWT token is expired: JWT expired 969 milliseconds ago at 2025-12-18T14:13:57.000Z. Current time: 2025-12-18T14:13:57.969Z. Allowed clock skew: 0 milliseconds.
15:13:57.969 [main] ERROR com.passwordmanager.backend.util.JwtUtil -- Token validation failed: JWT expired 969 milliseconds ago at 2025-12-18T14:13:57.000Z. Current time: 2025-12-18T14:13:57.969Z. Allowed clock skew: 0 milliseconds.
15:13:57.969 [main] ERROR com.passwordmanager.backend.util.JwtUtil -- JWT token is expired: JWT expired 969 milliseconds ago at 2025-12-18T14:13:57.000Z. Current time: 2025-12-18T14:13:57.969Z. Allowed clock skew: 0 milliseconds.
15:13:57.969 [main] ERROR com.passwordmanager.backend.util.JwtUtil -- Failed to get token remaining time: JWT expired 969 milliseconds ago at 2025-12-18T14:13:57.000Z. Current time: 2025-12-18T14:13:57.969Z. Allowed clock skew: 0 milliseconds.
15:13:58.129 [main] ERROR com.passwordmanager.backend.util.JwtUtil -- JWT token is expired: JWT expired 129 milliseconds ago at 2025-12-18T14:13:58.000Z. Current time: 2025-12-18T14:13:58.129Z. Allowed clock skew: 0 milliseconds.
15:13:58.129 [main] ERROR com.passwordmanager.backend.util.JwtUtil -- Token validation failed: JWT expired 129 milliseconds ago at 2025-12-18T14:13:58.000Z. Current time: 2025-12-18T14:13:58.129Z. Allowed clock skew: 0 milliseconds.
15:13:58.129 [main] ERROR com.passwordmanager.backend.util.JwtUtil -- JWT token is expired: JWT expired 129 milliseconds ago at 2025-12-18T14:13:58.000Z. Current time: 2025-12-18T14:13:58.129Z. Allowed clock skew: 0 milliseconds.
15:13:58.129 [main] ERROR com.passwordmanager.backend.util.JwtUtil -- Failed to get token remaining time: JWT expired 129 milliseconds ago at 2025-12-18T14:13:58.000Z. Current time: 2025-12-18T14:13:58.129Z. Allowed clock skew: 0 milliseconds.
15:13:58.300 [main] ERROR com.passwordmanager.backend.util.JwtUtil -- JWT token is expired: JWT expired 300 milliseconds ago at 2025-12-18T14:13:58.000Z. Current time: 2025-12-18T14:13:58.300Z. Allowed clock skew: 0 milliseconds.
15:13:58.300 [main] ERROR com.passwordmanager.backend.util.JwtUtil -- Token validation failed: JWT expired 300 milliseconds ago at 2025-12-18T14:13:58.000Z. Current time: 2025-12-18T14:13:58.300Z. Allowed clock skew: 0 milliseconds.
15:13:58.301 [main] ERROR com.passwordmanager.backend.util.JwtUtil -- JWT token is expired: JWT expired 301 milliseconds ago at 2025-12-18T14:13:58.000Z. Current time: 2025-12-18T14:13:58.301Z. Allowed clock skew: 0 milliseconds.
15:13:58.301 [main] ERROR com.passwordmanager.backend.util.JwtUtil -- Failed to get token remaining time: JWT expired 301 milliseconds ago at 2025-12-18T14:13:58.000Z. Current time: 2025-12-18T14:13:58.301Z. Allowed clock skew: 0 milliseconds.
15:13:58.473 [main] ERROR com.passwordmanager.backend.util.JwtUtil -- JWT token is expired: JWT expired 473 milliseconds ago at 2025-12-18T14:13:58.000Z. Current time: 2025-12-18T14:13:58.473Z. Allowed clock skew: 0 milliseconds.
15:13:58.473 [main] ERROR com.passwordmanager.backend.util.JwtUtil -- Token validation failed: JWT expired 473 milliseconds ago at 2025-12-18T14:13:58.000Z. Current time: 2025-12-18T14:13:58.473Z. Allowed clock skew: 0 milliseconds.
15:13:58.473 [main] ERROR com.passwordmanager.backend.util.JwtUtil -- JWT token is expired: JWT expired 473 milliseconds ago at 2025-12-18T14:13:58.000Z. Current time: 2025-12-18T14:13:58.473Z. Allowed clock skew: 0 milliseconds.
15:13:58.473 [main] ERROR com.passwordmanager.backend.util.JwtUtil -- Failed to get token remaining time: JWT expired 473 milliseconds ago at 2025-12-18T14:13:58.000Z. Current time: 2025-12-18T14:13:58.473Z. Allowed clock skew: 0 milliseconds.
15:13:58.644 [main] ERROR com.passwordmanager.backend.util.JwtUtil -- JWT token is expired: JWT expired 644 milliseconds ago at 2025-12-18T14:13:58.000Z. Current time: 2025-12-18T14:13:58.644Z. Allowed clock skew: 0 milliseconds.
15:13:58.644 [main] ERROR com.passwordmanager.backend.util.JwtUtil -- Token validation failed: JWT expired 644 milliseconds ago at 2025-12-18T14:13:58.000Z. Current time: 2025-12-18T14:13:58.644Z. Allowed clock skew: 0 milliseconds.
15:13:58.645 [main] ERROR com.passwordmanager.backend.util.JwtUtil -- JWT token is expired: JWT expired 645 milliseconds ago at 2025-12-18T14:13:58.000Z. Current time: 2025-12-18T14:13:58.645Z. Allowed clock skew: 0 milliseconds.
15:13:58.645 [main] ERROR com.passwordmanager.backend.util.JwtUtil -- Failed to get token remaining time: JWT expired 645 milliseconds ago at 2025-12-18T14:13:58.000Z. Current time: 2025-12-18T14:13:58.645Z. Allowed clock skew: 0 milliseconds.
15:13:58.814 [main] ERROR com.passwordmanager.backend.util.JwtUtil -- JWT token is expired: JWT expired 814 milliseconds ago at 2025-12-18T14:13:58.000Z. Current time: 2025-12-18T14:13:58.814Z. Allowed clock skew: 0 milliseconds.
15:13:58.814 [main] ERROR com.passwordmanager.backend.util.JwtUtil -- Token validation failed: JWT expired 814 milliseconds ago at 2025-12-18T14:13:58.000Z. Current time: 2025-12-18T14:13:58.814Z. Allowed clock skew: 0 milliseconds.
15:13:58.815 [main] ERROR com.passwordmanager.backend.util.JwtUtil -- JWT token is expired: JWT expired 815 milliseconds ago at 2025-12-18T14:13:58.000Z. Current time: 2025-12-18T14:13:58.815Z. Allowed clock skew: 0 milliseconds.
15:13:58.815 [main] ERROR com.passwordmanager.backend.util.JwtUtil -- Failed to get token remaining time: JWT expired 815 milliseconds ago at 2025-12-18T14:13:58.000Z. Current time: 2025-12-18T14:13:58.815Z. Allowed clock skew: 0 milliseconds.
15:13:58.986 [main] ERROR com.passwordmanager.backend.util.JwtUtil -- JWT token is expired: JWT expired 985 milliseconds ago at 2025-12-18T14:13:58.000Z. Current time: 2025-12-18T14:13:58.985Z. Allowed clock skew: 0 milliseconds.
15:13:58.986 [main] ERROR com.passwordmanager.backend.util.JwtUtil -- Token validation failed: JWT expired 985 milliseconds ago at 2025-12-18T14:13:58.000Z. Current time: 2025-12-18T14:13:58.985Z. Allowed clock skew: 0 milliseconds.
15:13:58.986 [main] ERROR com.passwordmanager.backend.util.JwtUtil -- JWT token is expired: JWT expired 986 milliseconds ago at 2025-12-18T14:13:58.000Z. Current time: 2025-12-18T14:13:58.986Z. Allowed clock skew: 0 milliseconds.
15:13:58.986 [main] ERROR com.passwordmanager.backend.util.JwtUtil -- Failed to get token remaining time: JWT expired 986 milliseconds ago at 2025-12-18T14:13:58.000Z. Current time: 2025-12-18T14:13:58.986Z. Allowed clock skew: 0 milliseconds.
15:13:59.158 [main] ERROR com.passwordmanager.backend.util.JwtUtil -- JWT token is expired: JWT expired 158 milliseconds ago at 2025-12-18T14:13:59.000Z. Current time: 2025-12-18T14:13:59.158Z. Allowed clock skew: 0 milliseconds.
15:13:59.158 [main] ERROR com.passwordmanager.backend.util.JwtUtil -- Token validation failed: JWT expired 158 milliseconds ago at 2025-12-18T14:13:59.000Z. Current time: 2025-12-18T14:13:59.158Z. Allowed clock skew: 0 milliseconds.
15:13:59.159 [main] ERROR com.passwordmanager.backend.util.JwtUtil -- JWT token is expired: JWT expired 159 milliseconds ago at 2025-12-18T14:13:59.000Z. Current time: 2025-12-18T14:13:59.159Z. Allowed clock skew: 0 milliseconds.
15:13:59.159 [main] ERROR com.passwordmanager.backend.util.JwtUtil -- Failed to get token remaining time: JWT expired 159 milliseconds ago at 2025-12-18T14:13:59.000Z. Current time: 2025-12-18T14:13:59.159Z. Allowed clock skew: 0 milliseconds.
15:13:59.331 [main] ERROR com.passwordmanager.backend.util.JwtUtil -- JWT token is expired: JWT expired 331 milliseconds ago at 2025-12-18T14:13:59.000Z. Current time: 2025-12-18T14:13:59.331Z. Allowed clock skew: 0 milliseconds.
15:13:59.331 [main] ERROR com.passwordmanager.backend.util.JwtUtil -- Token validation failed: JWT expired 331 milliseconds ago at 2025-12-18T14:13:59.000Z. Current time: 2025-12-18T14:13:59.331Z. Allowed clock skew: 0 milliseconds.
15:13:59.332 [main] ERROR com.passwordmanager.backend.util.JwtUtil -- JWT token is expired: JWT expired 332 milliseconds ago at 2025-12-18T14:13:59.000Z. Current time: 2025-12-18T14:13:59.332Z. Allowed clock skew: 0 milliseconds.
15:13:59.332 [main] ERROR com.passwordmanager.backend.util.JwtUtil -- Failed to get token remaining time: JWT expired 332 milliseconds ago at 2025-12-18T14:13:59.000Z. Current time: 2025-12-18T14:13:59.332Z. Allowed clock skew: 0 milliseconds.
15:13:59.501 [main] ERROR com.passwordmanager.backend.util.JwtUtil -- JWT token is expired: JWT expired 501 milliseconds ago at 2025-12-18T14:13:59.000Z. Current time: 2025-12-18T14:13:59.501Z. Allowed clock skew: 0 milliseconds.
15:13:59.501 [main] ERROR com.passwordmanager.backend.util.JwtUtil -- Token validation failed: JWT expired 501 milliseconds ago at 2025-12-18T14:13:59.000Z. Current time: 2025-12-18T14:13:59.501Z. Allowed clock skew: 0 milliseconds.
15:13:59.502 [main] ERROR com.passwordmanager.backend.util.JwtUtil -- JWT token is expired: JWT expired 502 milliseconds ago at 2025-12-18T14:13:59.000Z. Current time: 2025-12-18T14:13:59.502Z. Allowed clock skew: 0 milliseconds.
15:13:59.502 [main] ERROR com.passwordmanager.backend.util.JwtUtil -- Failed to get token remaining time: JWT expired 502 milliseconds ago at 2025-12-18T14:13:59.000Z. Current time: 2025-12-18T14:13:59.502Z. Allowed clock skew: 0 milliseconds.
15:13:59.671 [main] ERROR com.passwordmanager.backend.util.JwtUtil -- JWT token is expired: JWT expired 671 milliseconds ago at 2025-12-18T14:13:59.000Z. Current time: 2025-12-18T14:13:59.671Z. Allowed clock skew: 0 milliseconds.
15:13:59.671 [main] ERROR com.passwordmanager.backend.util.JwtUtil -- Token validation failed: JWT expired 671 milliseconds ago at 2025-12-18T14:13:59.000Z. Current time: 2025-12-18T14:13:59.671Z. Allowed clock skew: 0 milliseconds.
15:13:59.671 [main] ERROR com.passwordmanager.backend.util.JwtUtil -- JWT token is expired: JWT expired 671 milliseconds ago at 2025-12-18T14:13:59.000Z. Current time: 2025-12-18T14:13:59.671Z. Allowed clock skew: 0 milliseconds.
15:13:59.671 [main] ERROR com.passwordmanager.backend.util.JwtUtil -- Failed to get token remaining time: JWT expired 671 milliseconds ago at 2025-12-18T14:13:59.000Z. Current time: 2025-12-18T14:13:59.671Z. Allowed clock skew: 0 milliseconds.
15:13:59.842 [main] ERROR com.passwordmanager.backend.util.JwtUtil -- JWT token is expired: JWT expired 842 milliseconds ago at 2025-12-18T14:13:59.000Z. Current time: 2025-12-18T14:13:59.842Z. Allowed clock skew: 0 milliseconds.
15:13:59.843 [main] ERROR com.passwordmanager.backend.util.JwtUtil -- Token validation failed: JWT expired 842 milliseconds ago at 2025-12-18T14:13:59.000Z. Current time: 2025-12-18T14:13:59.842Z. Allowed clock skew: 0 milliseconds.
15:13:59.843 [main] ERROR com.passwordmanager.backend.util.JwtUtil -- JWT token is expired: JWT expired 843 milliseconds ago at 2025-12-18T14:13:59.000Z. Current time: 2025-12-18T14:13:59.843Z. Allowed clock skew: 0 milliseconds.
15:13:59.843 [main] ERROR com.passwordmanager.backend.util.JwtUtil -- Failed to get token remaining time: JWT expired 843 milliseconds ago at 2025-12-18T14:13:59.000Z. Current time: 2025-12-18T14:13:59.843Z. Allowed clock skew: 0 milliseconds.
15:14:00.014 [main] ERROR com.passwordmanager.backend.util.JwtUtil -- JWT token is expired: JWT expired 1014 milliseconds ago at 2025-12-18T14:13:59.000Z. Current time: 2025-12-18T14:14:00.014Z. Allowed clock skew: 0 milliseconds.
15:14:00.014 [main] ERROR com.passwordmanager.backend.util.JwtUtil -- Token validation failed: JWT expired 1014 milliseconds ago at 2025-12-18T14:13:59.000Z. Current time: 2025-12-18T14:14:00.014Z. Allowed clock skew: 0 milliseconds.
15:14:00.015 [main] ERROR com.passwordmanager.backend.util.JwtUtil -- JWT token is expired: JWT expired 1015 milliseconds ago at 2025-12-18T14:13:59.000Z. Current time: 2025-12-18T14:14:00.015Z. Allowed clock skew: 0 milliseconds.
15:14:00.015 [main] ERROR com.passwordmanager.backend.util.JwtUtil -- Failed to get token remaining time: JWT expired 1015 milliseconds ago at 2025-12-18T14:13:59.000Z. Current time: 2025-12-18T14:14:00.015Z. Allowed clock skew: 0 milliseconds.
timestamp = 2025-12-18T15:14:00.016899500, AuthenticationPropertyTest:sessionTimeoutEnforcement = 
                              |-----------------------jqwik-----------------------
tries = 100                   | # of calls to property
checks = 100                  | # of not rejected calls
generation = RANDOMIZED       | parameters are randomly generated
after-failure = SAMPLE_FIRST  | try previously failed sample, then previous seed
when-fixed-seed = ALLOW       | fixing the random seed is allowed
edge-cases#mode = MIXIN       | edge cases are mixed in
edge-cases#total = 16         | # of all combined edge cases
edge-cases#tried = 16         | # of edge cases tried in current run
seed = 8025813665965736726    | random seed to reproduce generated values


]]></system-out>
  </testcase>
</testsuite>